#
# A fatal error has been detected by the Java Runtime Environment:
#
#  EXCEPTION_ACCESS_VIOLATION (0xc0000005) at pc=0x000000006a5b584a, pid=9308, tid=0x0000000000001d58
#
# JRE version: Java(TM) SE Runtime Environment (8.0_102-b14) (build 1.8.0_102-b14)
# Java VM: Java HotSpot(TM) 64-Bit Server VM (25.102-b14 mixed mode windows-amd64 compressed oops)
# Problematic frame:
# C  [glass.dll+0x2584a]
#
# Failed to write core dump. Minidumps are not enabled by default on client versions of Windows
#
# If you would like to submit a bug report, please visit:
#   http://bugreport.java.com/bugreport/crash.jsp
#

---------------  T H R E A D  ---------------

Current thread (0x0000000054fcb000):  VMThread [stack: 0x0000000055ff0000,0x00000000560f0000] [id=7512]

siginfo: ExceptionCode=0xc0000005, reading address 0x0000000000000000

Registers:
RAX=0x0000000000000000, RBX=0x0000000057467148, RCX=0x0000000054fcb000, RDX=0x0000000057467148
RSP=0x00000000560ef630, RBP=0x000000000034e8e0, RSI=0x0000000000000001, RDI=0x0000000000000000
R8 =0x0000000000010002, R9 =0x000000000034e8e0, R10=0x0000000000000000, R11=0x0000000000000286
R12=0x000000000034e910, R13=0x000000000034e8e0, R14=0x000000000034e8f0, R15=0x0000000000000000
RIP=0x000000006a5b584a, EFLAGS=0x0000000000010206

Top of Stack: (sp=0x00000000560ef630)
0x00000000560ef630:   0000000000000000 000000006a5b5900
0x00000000560ef640:   0000000000000000 000007fefd4c6800
0x00000000560ef650:   000000006a5b5830 000000006a5b3224
0x00000000560ef660:   000000006a5b5a60 000000009609518d
0x00000000560ef670:   0000000000000001 000007fefd95b3ea
0x00000000560ef680:   0000000077c62e70 000000006a590000
0x00000000560ef690:   000007fffffae000 000000006a5b34a6
0x00000000560ef6a0:   0000000000000001 0000000054eb5500
0x00000000560ef6b0:   0000000000000000 000007fffffd5000
0x00000000560ef6c0:   c000000500000001 00000000560ee920
0x00000000560ef6d0:   0000000077c5ba58 0000000077b6778b
0x00000000560ef6e0:   000000000033abe0 000000000033ade0
0x00000000560ef6f0:   000000006a5b3384 0000000000371470
0x00000000560ef700:   0000000000000000 0000000000000000
0x00000000560ef710:   0000000000000000 0000000000000000
0x00000000560ef720:   00000000032c032a 00000000002f3014 

Instructions: (pc=0x000000006a5b584a)
0x000000006a5b582a:   83 c4 20 5d c3 cc 40 53 48 83 ec 20 48 8b 1d cb
0x000000006a5b583a:   5b 01 00 48 85 db 74 1a e8 19 93 ff ff 48 8b d3
0x000000006a5b584a:   4c 8b 00 48 8b c8 48 83 c4 20 5b 49 ff a0 b0 00
0x000000006a5b585a:   00 00 48 83 c4 20 5b c3 cc cc cc cc cc cc cc cc 


Register to memory mapping:

RAX=0x0000000000000000 is an unknown value
RBX=0x0000000057467148 is a global jni handle
RCX=0x0000000054fcb000 is an unknown value
RDX=0x0000000057467148 is a global jni handle
RSP=0x00000000560ef630 is an unknown value
RBP=0x000000000034e8e0 is an unknown value
RSI=0x0000000000000001 is an unknown value
RDI=0x0000000000000000 is an unknown value
R8 =0x0000000000010002 is an unknown value
R9 =0x000000000034e8e0 is an unknown value
R10=0x0000000000000000 is an unknown value
R11=0x0000000000000286 is an unknown value
R12=0x000000000034e910 is an unknown value
R13=0x000000000034e8e0 is an unknown value
R14=0x000000000034e8f0 is an unknown value
R15=0x0000000000000000 is an unknown value


Stack: [0x0000000055ff0000,0x00000000560f0000],  sp=0x00000000560ef630,  free space=1021k
Native frames: (J=compiled Java code, j=interpreted, Vv=VM code, C=native code)
C  [glass.dll+0x2584a]
C  [glass.dll+0x23224]
C  [glass.dll+0x234a6]
C  [ntdll.dll+0x3778b]
C  [ntdll.dll+0x3c1e0]
C  [msvcr100.dll+0x20cb9]
V  [jvm.dll+0x212a05]
V  [jvm.dll+0x24b647]
V  [jvm.dll+0x24a8e6]
V  [jvm.dll+0x24ad81]
V  [jvm.dll+0x24af9e]
V  [jvm.dll+0x29c03a]
C  [msvcr100.dll+0x21d7b]
C  [msvcr100.dll+0x21e17]
C  [kernel32.dll+0x159cd]
C  [ntdll.dll+0x5385d]

VM_Operation (0x00000000585a6b30): Exit, mode: safepoint, requested by thread 0x0000000057452800


---------------  P R O C E S S  ---------------

Java Threads: ( => current thread )
  0x0000000057823000 JavaThread "Glass/Prism Shutdown Hook" [_thread_blocked, id=8816, stack(0x000000005d9c0000,0x000000005dac0000)]
  0x0000000057719800 JavaThread "Thread-4" [_thread_blocked, id=812, stack(0x000000005e600000,0x000000005e700000)]
  0x0000000057683000 JavaThread "Prism Font Disposer" daemon [_thread_blocked, id=7480, stack(0x000000005c310000,0x000000005c410000)]
  0x00000000574be800 JavaThread "JavaFX-Launcher" [_thread_blocked, id=3292, stack(0x0000000059f30000,0x000000005a030000)]
  0x00000000574fe000 JavaThread "Thread-2" daemon [_thread_in_native, id=7612, stack(0x000000005a1d0000,0x000000005a2d0000)]
  0x0000000057452800 JavaThread "JavaFX Application Thread" [_thread_blocked, id=4256, stack(0x00000000584b0000,0x00000000585b0000)]
  0x000000005744f000 JavaThread "Thread-1" daemon [_thread_blocked, id=7828, stack(0x0000000058340000,0x0000000058440000)]
  0x000000005743b000 JavaThread "QuantumRenderer-0" daemon [_thread_blocked, id=9932, stack(0x0000000057130000,0x0000000057230000)]
  0x0000000056591800 JavaThread "Service Thread" daemon [_thread_blocked, id=7428, stack(0x0000000056e70000,0x0000000056f70000)]
  0x0000000056569000 JavaThread "C1 CompilerThread2" daemon [_thread_blocked, id=4028, stack(0x0000000057000000,0x0000000057100000)]
  0x000000005503f000 JavaThread "C2 CompilerThread1" daemon [_thread_blocked, id=2816, stack(0x0000000056d20000,0x0000000056e20000)]
  0x0000000056528800 JavaThread "C2 CompilerThread0" daemon [_thread_blocked, id=6384, stack(0x0000000056150000,0x0000000056250000)]
  0x0000000056520800 JavaThread "Attach Listener" daemon [_thread_blocked, id=2716, stack(0x0000000056c00000,0x0000000056d00000)]
  0x000000005501a000 JavaThread "Finalizer" daemon [_thread_blocked, id=2684, stack(0x0000000056420000,0x0000000056520000)]
  0x0000000054fd3000 JavaThread "Reference Handler" daemon [_thread_blocked, id=9384, stack(0x00000000562d0000,0x00000000563d0000)]
  0x00000000022fe000 JavaThread "main" [_thread_blocked, id=4560, stack(0x0000000002570000,0x0000000002670000)]

Other Threads:
=>0x0000000054fcb000 VMThread [stack: 0x0000000055ff0000,0x00000000560f0000] [id=7512]

VM state:at safepoint (shutting down)

VM Mutex/Monitor currently owned by a thread:  ([mutex/lock_event])
[0x00000000022fc400] Threads_lock - owner thread: 0x0000000054fcb000

Heap:
 PSYoungGen      total 18432K, used 14219K [0x00000000eb700000, 0x00000000ecb80000, 0x0000000100000000)
  eden space 15872K, 73% used [0x00000000eb700000,0x00000000ec26ae80,0x00000000ec680000)
  from space 2560K, 98% used [0x00000000ec900000,0x00000000ecb78030,0x00000000ecb80000)
  to   space 2560K, 0% used [0x00000000ec680000,0x00000000ec680000,0x00000000ec900000)
 ParOldGen       total 42496K, used 5534K [0x00000000c2400000, 0x00000000c4d80000, 0x00000000eb700000)
  object space 42496K, 13% used [0x00000000c2400000,0x00000000c2967b40,0x00000000c4d80000)
 Metaspace       used 14997K, capacity 15766K, committed 16000K, reserved 1062912K
  class space    used 2108K, capacity 2305K, committed 2432K, reserved 1048576K

Card table byte_map: [0x0000000011d00000,0x0000000011ef0000] byte_map_base: 0x00000000116ee000

Marking Bits: (ParMarkBitMap*) 0x000000005f27a6c0
 Begin Bits: [0x0000000012570000, 0x00000000134e0000)
 End Bits:   [0x00000000134e0000, 0x0000000014450000)

Polling page: 0x0000000000130000

CodeCache: size=245760Kb used=7113Kb max_used=7113Kb free=238646Kb
 bounds [0x0000000002940000, 0x0000000003040000, 0x0000000011940000]
 total_blobs=2999 nmethods=2359 adapters=553
 compilation: enabled

Compilation events (10 events):
Event: 17.850 Thread 0x0000000056569000 2355       3       javafx.scene.Node::lambda$buildEventDispatchChain$17 (25 bytes)
Event: 17.850 Thread 0x0000000056569000 nmethod 2355 0x00000000030330d0 code [0x0000000003033260, 0x0000000003033678]
Event: 17.905 Thread 0x0000000056569000 2356       3       javafx.scene.control.SkinBase$$Lambda$142/1432368696::handle (8 bytes)
Event: 17.905 Thread 0x0000000056569000 nmethod 2356 0x00000000030337d0 code [0x0000000003033940, 0x0000000003033cb0]
Event: 17.905 Thread 0x0000000056569000 2357       3       javafx.scene.control.SkinBase::lambda$static$3 (5 bytes)
Event: 17.905 Thread 0x0000000056569000 nmethod 2357 0x0000000003033e10 code [0x0000000003033f60, 0x0000000003034170]
Event: 18.081 Thread 0x0000000056569000 2358       3       com.sun.javafx.tk.quantum.QuantumToolkit::isSupported (142 bytes)
Event: 18.083 Thread 0x0000000056569000 nmethod 2358 0x0000000003034250 code [0x0000000003034500, 0x0000000003035768]
Event: 18.094 Thread 0x0000000056569000 2359       3       javafx.scene.Node::impl_pickNodeLocal (8 bytes)
Event: 18.095 Thread 0x0000000056569000 nmethod 2359 0x0000000003035e10 code [0x0000000003035f80, 0x0000000003036188]

GC Heap History (4 events):
Event: 0.949 GC heap before
{Heap before GC invocations=1 (full 0):
 PSYoungGen      total 18432K, used 15872K [0x00000000eb700000, 0x00000000ecb80000, 0x0000000100000000)
  eden space 15872K, 100% used [0x00000000eb700000,0x00000000ec680000,0x00000000ec680000)
  from space 2560K, 0% used [0x00000000ec900000,0x00000000ec900000,0x00000000ecb80000)
  to   space 2560K, 0% used [0x00000000ec680000,0x00000000ec680000,0x00000000ec900000)
 ParOldGen       total 42496K, used 0K [0x00000000c2400000, 0x00000000c4d80000, 0x00000000eb700000)
  object space 42496K, 0% used [0x00000000c2400000,0x00000000c2400000,0x00000000c4d80000)
 Metaspace       used 9493K, capacity 9926K, committed 10112K, reserved 1058816K
  class space    used 1263K, capacity 1381K, committed 1408K, reserved 1048576K
Event: 0.957 GC heap after
Heap after GC invocations=1 (full 0):
 PSYoungGen      total 18432K, used 2544K [0x00000000eb700000, 0x00000000ecb80000, 0x0000000100000000)
  eden space 15872K, 0% used [0x00000000eb700000,0x00000000eb700000,0x00000000ec680000)
  from space 2560K, 99% used [0x00000000ec680000,0x00000000ec8fc030,0x00000000ec900000)
  to   space 2560K, 0% used [0x00000000ec900000,0x00000000ec900000,0x00000000ecb80000)
 ParOldGen       total 42496K, used 157K [0x00000000c2400000, 0x00000000c4d80000, 0x00000000eb700000)
  object space 42496K, 0% used [0x00000000c2400000,0x00000000c2427438,0x00000000c4d80000)
 Metaspace       used 9493K, capacity 9926K, committed 10112K, reserved 1058816K
  class space    used 1263K, capacity 1381K, committed 1408K, reserved 1048576K
}
Event: 3.844 GC heap before
{Heap before GC invocations=2 (full 0):
 PSYoungGen      total 18432K, used 16993K [0x00000000eb700000, 0x00000000ecb80000, 0x0000000100000000)
  eden space 15872K, 91% used [0x00000000eb700000,0x00000000ec51c490,0x00000000ec680000)
  from space 2560K, 99% used [0x00000000ec680000,0x00000000ec8fc030,0x00000000ec900000)
  to   space 2560K, 0% used [0x00000000ec900000,0x00000000ec900000,0x00000000ecb80000)
 ParOldGen       total 42496K, used 157K [0x00000000c2400000, 0x00000000c4d80000, 0x00000000eb700000)
  object space 42496K, 0% used [0x00000000c2400000,0x00000000c2427438,0x00000000c4d80000)
 Metaspace       used 13316K, capacity 13968K, committed 14208K, reserved 1060864K
  class space    used 1861K, capacity 2068K, committed 2176K, reserved 1048576K
Event: 3.857 GC heap after
Heap after GC invocations=2 (full 0):
 PSYoungGen      total 18432K, used 2528K [0x00000000eb700000, 0x00000000ecb80000, 0x0000000100000000)
  eden space 15872K, 0% used [0x00000000eb700000,0x00000000eb700000,0x00000000ec680000)
  from space 2560K, 98% used [0x00000000ec900000,0x00000000ecb78030,0x00000000ecb80000)
  to   space 2560K, 0% used [0x00000000ec680000,0x00000000ec680000,0x00000000ec900000)
 ParOldGen       total 42496K, used 5534K [0x00000000c2400000, 0x00000000c4d80000, 0x00000000eb700000)
  object space 42496K, 13% used [0x00000000c2400000,0x00000000c2967b40,0x00000000c4d80000)
 Metaspace       used 13316K, capacity 13968K, committed 14208K, reserved 1060864K
  class space    used 1861K, capacity 2068K, committed 2176K, reserved 1048576K
}

Deoptimization events (10 events):
Event: 3.772 Thread 0x0000000057452800 Uncommon trap: reason=class_check action=maybe_recompile pc=0x0000000002c4bbdc method=java.io.FilterInputStream.read()I @ 4
Event: 3.772 Thread 0x0000000057452800 Uncommon trap: reason=class_check action=maybe_recompile pc=0x0000000002c4bbdc method=java.io.FilterInputStream.read()I @ 4
Event: 3.772 Thread 0x0000000057452800 Uncommon trap: reason=class_check action=maybe_recompile pc=0x0000000002c4bbdc method=java.io.FilterInputStream.read()I @ 4
Event: 4.040 Thread 0x0000000057452800 Uncommon trap: reason=class_check action=maybe_recompile pc=0x0000000002da55d0 method=com.sun.javafx.css.StyleMap.getCascadingStyles()Ljava/util/Map; @ 77
Event: 4.040 Thread 0x0000000057452800 Uncommon trap: reason=class_check action=maybe_recompile pc=0x0000000002d7d8b8 method=javafx.scene.CssStyleHelper.getStyle(Ljavafx/css/Styleable;Ljava/lang/String;Lcom/sun/javafx/css/StyleMap;Ljava/util/Set;)Lcom/sun/javafx/css/CascadingStyle; @ 140
Event: 4.042 Thread 0x0000000057452800 Uncommon trap: reason=class_check action=maybe_recompile pc=0x0000000002d7d8b8 method=javafx.scene.CssStyleHelper.getStyle(Ljavafx/css/Styleable;Ljava/lang/String;Lcom/sun/javafx/css/StyleMap;Ljava/util/Set;)Lcom/sun/javafx/css/CascadingStyle; @ 140
Event: 4.042 Thread 0x0000000057452800 Uncommon trap: reason=class_check action=maybe_recompile pc=0x0000000002d7d8b8 method=javafx.scene.CssStyleHelper.getStyle(Ljavafx/css/Styleable;Ljava/lang/String;Lcom/sun/javafx/css/StyleMap;Ljava/util/Set;)Lcom/sun/javafx/css/CascadingStyle; @ 140
Event: 4.043 Thread 0x0000000057452800 Uncommon trap: reason=class_check action=maybe_recompile pc=0x0000000002da55d0 method=com.sun.javafx.css.StyleMap.getCascadingStyles()Ljava/util/Map; @ 77
Event: 4.043 Thread 0x0000000057452800 Uncommon trap: reason=class_check action=maybe_recompile pc=0x0000000002d7d8b8 method=javafx.scene.CssStyleHelper.getStyle(Ljavafx/css/Styleable;Ljava/lang/String;Lcom/sun/javafx/css/StyleMap;Ljava/util/Set;)Lcom/sun/javafx/css/CascadingStyle; @ 140
Event: 5.622 Thread 0x0000000057452800 Uncommon trap: reason=unstable_if action=reinterpret pc=0x0000000002e3bb34 method=com.sun.javafx.geom.RectBounds.isEmpty()Z @ 21

Internal exceptions (10 events):
Event: 0.278 Thread 0x00000000022fe000 Exception <a 'java/lang/NoSuchFieldError': method resolution failed> (0x00000000eb8e9f50) thrown at [C:\re\workspace\8-2-build-windows-amd64-cygwin\jdk8u102\7268\hotspot\src\share\vm\prims\methodHandles.cpp, line 1146]
Event: 0.281 Thread 0x00000000022fe000 Exception <a 'java/lang/NoSuchFieldError': method resolution failed> (0x00000000eb8f72d0) thrown at [C:\re\workspace\8-2-build-windows-amd64-cygwin\jdk8u102\7268\hotspot\src\share\vm\prims\methodHandles.cpp, line 1146]
Event: 0.313 Thread 0x00000000022fe000 Exception <a 'java/security/PrivilegedActionException'> (0x00000000eb981e50) thrown at [C:\re\workspace\8-2-build-windows-amd64-cygwin\jdk8u102\7268\hotspot\src\share\vm\prims\jvm.cpp, line 1386]
Event: 0.313 Thread 0x00000000022fe000 Exception <a 'java/security/PrivilegedActionException'> (0x00000000eb982060) thrown at [C:\re\workspace\8-2-build-windows-amd64-cygwin\jdk8u102\7268\hotspot\src\share\vm\prims\jvm.cpp, line 1386]
Event: 0.314 Thread 0x00000000022fe000 Exception <a 'java/security/PrivilegedActionException'> (0x00000000eb985f48) thrown at [C:\re\workspace\8-2-build-windows-amd64-cygwin\jdk8u102\7268\hotspot\src\share\vm\prims\jvm.cpp, line 1386]
Event: 0.314 Thread 0x00000000022fe000 Exception <a 'java/security/PrivilegedActionException'> (0x00000000eb986158) thrown at [C:\re\workspace\8-2-build-windows-amd64-cygwin\jdk8u102\7268\hotspot\src\share\vm\prims\jvm.cpp, line 1386]
Event: 0.314 Thread 0x00000000022fe000 Exception <a 'java/lang/NullPointerException'> (0x00000000eb986730) thrown at [C:\re\workspace\8-2-build-windows-amd64-cygwin\jdk8u102\7268\hotspot\src\share\vm\interpreter\linkResolver.cpp, line 1178]
Event: 0.671 Thread 0x0000000057452800 Exception <a 'java/lang/NullPointerException'> (0x00000000ec0e8408) thrown at [C:\re\workspace\8-2-build-windows-amd64-cygwin\jdk8u102\7268\hotspot\src\share\vm\interpreter\linkResolver.cpp, line 1178]
Event: 0.671 Thread 0x0000000057452800 Exception <a 'java/lang/NullPointerException'> (0x00000000ec0e8408) thrown at [C:\re\workspace\8-2-build-windows-amd64-cygwin\jdk8u102\7268\hotspot\src\share\vm\prims\jvm.cpp, line 1390]
Event: 18.336 Thread 0x0000000057823000 Exception <a 'java/lang/IllegalStateException'> (0x00000000ec25d4e8) thrown at [C:\re\workspace\8-2-build-windows-amd64-cygwin\jdk8u102\7268\hotspot\src\share\vm\prims\jvm.cpp, line 1390]

Events (10 events):
Event: 18.332 loading class java/util/IdentityHashMap$KeyIterator done
Event: 18.332 Thread 0x0000000057823000 Thread added: 0x0000000057823000
Event: 18.333 loading class com/sun/javafx/tk/quantum/QuantumRenderer
Event: 18.333 loading class com/sun/javafx/tk/quantum/QuantumRenderer done
Event: 18.335 loading class com/sun/javafx/tk/quantum/QuantumToolkit
Event: 18.335 loading class com/sun/javafx/tk/quantum/QuantumToolkit done
Event: 18.335 loading class java/util/LinkedList$ListItr
Event: 18.335 loading class java/util/LinkedList$ListItr done
Event: 18.336 Thread 0x0000000055039800 Thread exited: 0x0000000055039800
Event: 18.336 Executing VM operation: Exit


Dynamic libraries:
0x000000013fad0000 - 0x000000013fb07000 	C:\Program Files\Java\jdk1.8.0_102\jre\bin\java.exe
0x0000000077b30000 - 0x0000000077ccf000 	C:\Windows\SYSTEM32\ntdll.dll
0x0000000077910000 - 0x0000000077a2f000 	C:\Windows\system32\kernel32.dll
0x000007fefd950000 - 0x000007fefd9ba000 	C:\Windows\system32\KERNELBASE.dll
0x000007fefe690000 - 0x000007fefe76b000 	C:\Windows\system32\ADVAPI32.dll
0x000007fefe100000 - 0x000007fefe19f000 	C:\Windows\system32\msvcrt.dll
0x000007fefe770000 - 0x000007fefe78f000 	C:\Windows\SYSTEM32\sechost.dll
0x000007fefda40000 - 0x000007fefdb6d000 	C:\Windows\system32\RPCRT4.dll
0x0000000077a30000 - 0x0000000077b2a000 	C:\Windows\system32\USER32.dll
0x000007fefe420000 - 0x000007fefe487000 	C:\Windows\system32\GDI32.dll
0x000007fefe1a0000 - 0x000007fefe1ae000 	C:\Windows\system32\LPK.dll
0x000007fefed10000 - 0x000007fefeddb000 	C:\Windows\system32\USP10.dll
0x000007fefa350000 - 0x000007fefa544000 	C:\Windows\WinSxS\amd64_microsoft.windows.common-controls_6595b64144ccf1df_6.0.7601.18837_none_fa3b1e3d17594757\COMCTL32.dll
0x000007feffda0000 - 0x000007feffe11000 	C:\Windows\system32\SHLWAPI.dll
0x000007feffb70000 - 0x000007feffb9e000 	C:\Windows\system32\IMM32.DLL
0x000007fefe790000 - 0x000007fefe899000 	C:\Windows\system32\MSCTF.dll
0x000000006a8e0000 - 0x000000006a9b1000 	C:\Program Files\Java\jdk1.8.0_102\jre\bin\msvcr100.dll
0x000000005ea60000 - 0x000000005f2fa000 	C:\Program Files\Java\jdk1.8.0_102\jre\bin\server\jvm.dll
0x000007feecc10000 - 0x000007feecc19000 	C:\Windows\system32\WSOCK32.dll
0x000007fefdbf0000 - 0x000007fefdc3d000 	C:\Windows\system32\WS2_32.dll
0x000007fefe0f0000 - 0x000007fefe0f8000 	C:\Windows\system32\NSI.dll
0x000007fefc4b0000 - 0x000007fefc4eb000 	C:\Windows\system32\WINMM.dll
0x000007fefc420000 - 0x000007fefc42c000 	C:\Windows\system32\VERSION.dll
0x0000000077cd0000 - 0x0000000077cd7000 	C:\Windows\system32\PSAPI.DLL
0x000000006cf60000 - 0x000000006cf6f000 	C:\Program Files\Java\jdk1.8.0_102\jre\bin\verify.dll
0x000000006ac40000 - 0x000000006ac69000 	C:\Program Files\Java\jdk1.8.0_102\jre\bin\java.dll
0x000000006ac20000 - 0x000000006ac36000 	C:\Program Files\Java\jdk1.8.0_102\jre\bin\zip.dll
0x000007fefede0000 - 0x000007feffb6a000 	C:\Windows\system32\SHELL32.dll
0x000007fefe490000 - 0x000007fefe68f000 	C:\Windows\system32\ole32.dll
0x000007fefd680000 - 0x000007fefd68f000 	C:\Windows\system32\profapi.dll
0x000007fedb7e0000 - 0x000007fedb8cf000 	C:\Program Files\Java\jdk1.8.0_102\jre\bin\msvcr120.dll
0x000007fedaad0000 - 0x000007fedab76000 	C:\Program Files\Java\jdk1.8.0_102\jre\bin\msvcp120.dll
0x000000006a5e0000 - 0x000000006a602000 	C:\Program Files\Java\jdk1.8.0_102\jre\bin\prism_d3d.dll
0x000007fee7870000 - 0x000007fee7a6f000 	C:\Windows\system32\d3d9.dll
0x000007fef0010000 - 0x000007fef0017000 	C:\Windows\system32\d3d8thk.dll
0x000007fef94e0000 - 0x000007fef94f8000 	C:\Windows\system32\dwmapi.dll
0x000007fef9ad0000 - 0x000007fef9b26000 	C:\Windows\system32\uxtheme.dll
0x000000006a590000 - 0x000000006a5d3000 	C:\Program Files\Java\jdk1.8.0_102\jre\bin\glass.dll
0x000007fefe8a0000 - 0x000007fefe937000 	C:\Windows\system32\COMDLG32.dll
0x000007fefe340000 - 0x000007fefe41a000 	C:\Windows\system32\OLEAUT32.dll
0x000007fefd520000 - 0x000007fefd52f000 	C:\Windows\system32\CRYPTBASE.dll
0x000000006a620000 - 0x000000006a634000 	C:\Program Files\Java\jdk1.8.0_102\jre\bin\javafx_font.dll
0x000007feee1c0000 - 0x000007feee357000 	C:\Windows\system32\dwrite.dll
0x000007fefe9a0000 - 0x000007fefea39000 	C:\Windows\system32\CLBCatQ.DLL
0x000007fef9160000 - 0x000007fef92c1000 	C:\Windows\system32\WindowsCodecs.dll
0x000007fefd480000 - 0x000007fefd4d7000 	C:\Windows\system32\apphelp.dll
0x000007fef0830000 - 0x000007fef0839000 	C:\Program Files (x86)\Internet Download Manager\IDMShellExt64.dll
0x000007fef06b0000 - 0x000007fef0710000 	C:\Program Files (x86)\Dropbox\Client\DropboxExt64.26.0.dll
0x000007fef06a0000 - 0x000007fef06a3000 	C:\Windows\system32\api-ms-win-core-synch-l1-2-0.DLL
0x000007feffbc0000 - 0x000007feffd97000 	C:\Windows\system32\SETUPAPI.dll
0x000007fefd9d0000 - 0x000007fefda06000 	C:\Windows\system32\CFGMGR32.dll
0x000007fefd6c0000 - 0x000007fefd6da000 	C:\Windows\system32\DEVOBJ.dll
0x000007fef9f80000 - 0x000007fefa0ac000 	C:\Windows\system32\propsys.dll
0x000007fefc150000 - 0x000007fefc17d000 	C:\Windows\system32\ntmarta.dll
0x000007fefe940000 - 0x000007fefe992000 	C:\Windows\system32\WLDAP32.dll
0x000007feefc90000 - 0x000007feefcaf000 	C:\Windows\system32\thumbcache.dll
0x000007feefc20000 - 0x000007feefc8b000 	C:\Windows\system32\PhotoMetadataHandler.dll
0x000007feefbe0000 - 0x000007feefc15000 	C:\Windows\system32\EhStorShell.dll
0x000007fef1860000 - 0x000007fef188d000 	C:\Program Files\Common Files\Microsoft Shared\Ink\rtscom.dll
0x0000000056f70000 - 0x0000000056fd5000 	C:\Program Files\WIDCOMM\Bluetooth Software\btmmhook.dll
0x000000006a560000 - 0x000000006a583000 	C:\Program Files\Java\jdk1.8.0_102\jre\bin\javafx_iio.dll
0x00000000002b0000 - 0x00000000002c1000 	C:\Program Files\Java\jdk1.8.0_102\jre\bin\prism_common.dll
0x000007fef7040000 - 0x000007fef7165000 	C:\Windows\system32\dbghelp.dll

VM Arguments:
jvm_args: -Dfile.encoding=UTF-8 
java_command: C:\Users\MuhannadT\Desktop\FXApplication\dist\run197756086\FXApplication.jar
java_class_path (initial): C:\Users\MuhannadT\Desktop\FXApplication\dist\run197756086\FXApplication.jar
Launcher Type: SUN_STANDARD

Environment Variables:
PATH=C:\Program Files (x86)\ActiveState Komodo IDE 11\;C:\Program Files (x86)\NVIDIA Corporation\PhysX\Common;C:\ProgramData\Oracle\Java\javapath;C:\Windows\system32;C:\Windows;C:\Windows\System32\Wbem;C:\Windows\System32\WindowsPowerShell\v1.0\;C:\Program Files\WIDCOMM\Bluetooth Software\;C:\Program Files\WIDCOMM\Bluetooth Software\syswow64;c:\Program Files (x86)\ATI Technologies\ATI.ACE\Core-Static;C:\Program Files (x86)\Common Files\Roxio Shared\10.0\DLLShared\;C:\Program Files (x86)\Common Files\Roxio Shared\DLLShared\;C:\Program Files\Microsoft SQL Server\110\Tools\Binn\
USERNAME=MuhannadT
OS=Windows_NT
PROCESSOR_IDENTIFIER=Intel64 Family 6 Model 37 Stepping 2, GenuineIntel



---------------  S Y S T E M  ---------------

OS: Windows 7 , 64 bit Build 7601 (6.1.7601.24291)

CPU:total 4 (2 cores per cpu, 2 threads per core) family 6 model 37 stepping 2, cmov, cx8, fxsr, mmx, sse, sse2, sse3, ssse3, sse4.1, sse4.2, popcnt, ht, tsc, tscinvbit

Memory: 4k page, physical 4044900k(1051980k free), swap 8087896k(3887028k free)

vm_info: Java HotSpot(TM) 64-Bit Server VM (25.102-b14) for windows-amd64 JRE (1.8.0_102-b14), built on Jun 22 2016 13:15:21 by "java_re" with MS VC++ 10.0 (VS2010)

time: Mon Dec 10 17:03:12 2018
elapsed time: 18 seconds (0d 0h 0m 18s)

