#
# A fatal error has been detected by the Java Runtime Environment:
#
#  EXCEPTION_ACCESS_VIOLATION (0xc0000005) at pc=0x0000000072b6584a, pid=3684, tid=0x0000000000000cac
#
# JRE version: Java(TM) SE Runtime Environment (8.0_102-b14) (build 1.8.0_102-b14)
# Java VM: Java HotSpot(TM) 64-Bit Server VM (25.102-b14 mixed mode windows-amd64 compressed oops)
# Problematic frame:
# C  [glass.dll+0x2584a]
#
# Failed to write core dump. Minidumps are not enabled by default on client versions of Windows
#
# If you would like to submit a bug report, please visit:
#   http://bugreport.java.com/bugreport/crash.jsp
#

---------------  T H R E A D  ---------------

Current thread (0x000000005506b000):  VMThread [stack: 0x0000000056100000,0x0000000056200000] [id=3244]

siginfo: ExceptionCode=0xc0000005, reading address 0x0000000000000000

Registers:
RAX=0x0000000000000000, RBX=0x0000000059aa72f8, RCX=0x000000005506b000, RDX=0x0000000059aa72f8
RSP=0x00000000561ff8f0, RBP=0x000000000028e8e0, RSI=0x0000000000000001, RDI=0x0000000000000000
R8 =0x0000000000010002, R9 =0x000000000028e8e0, R10=0x0000000000000000, R11=0x0000000000000286
R12=0x000000000028e910, R13=0x000000000028e8e0, R14=0x000000000028e8f0, R15=0x0000000000000000
RIP=0x0000000072b6584a, EFLAGS=0x0000000000010206

Top of Stack: (sp=0x00000000561ff8f0)
0x00000000561ff8f0:   0000000000000000 0000000072b65900
0x00000000561ff900:   0000000000000000 000007fefd646800
0x00000000561ff910:   0000000072b65830 0000000072b63224
0x00000000561ff920:   0000000072b65a60 00000000862c93c3
0x00000000561ff930:   0000000000000001 000007fefd90b3ea
0x00000000561ff940:   0000000077de2e70 0000000072b40000
0x00000000561ff950:   000007fffffae000 0000000072b634a6
0x00000000561ff960:   0000000000000001 0000000054f55400
0x00000000561ff970:   0000000000000000 000007fffffdf000
0x00000000561ff980:   c000000500000001 00000000561febe0
0x00000000561ff990:   0000000077ddba58 0000000077ce778b
0x00000000561ff9a0:   000000000027abe0 000000000027ade0
0x00000000561ff9b0:   0000000072b63384 00000000002b1470
0x00000000561ff9c0:   0000000000000000 0000000000000000
0x00000000561ff9d0:   0000000000000000 0000000000000000
0x00000000561ff9e0:   00000000032c032a 0000000000233014 

Instructions: (pc=0x0000000072b6584a)
0x0000000072b6582a:   83 c4 20 5d c3 cc 40 53 48 83 ec 20 48 8b 1d cb
0x0000000072b6583a:   5b 01 00 48 85 db 74 1a e8 19 93 ff ff 48 8b d3
0x0000000072b6584a:   4c 8b 00 48 8b c8 48 83 c4 20 5b 49 ff a0 b0 00
0x0000000072b6585a:   00 00 48 83 c4 20 5b c3 cc cc cc cc cc cc cc cc 


Register to memory mapping:

RAX=0x0000000000000000 is an unknown value
RBX=0x0000000059aa72f8 is a global jni handle
RCX=0x000000005506b000 is an unknown value
RDX=0x0000000059aa72f8 is a global jni handle
RSP=0x00000000561ff8f0 is an unknown value
RBP=0x000000000028e8e0 is an unknown value
RSI=0x0000000000000001 is an unknown value
RDI=0x0000000000000000 is an unknown value
R8 =0x0000000000010002 is an unknown value
R9 =0x000000000028e8e0 is an unknown value
R10=0x0000000000000000 is an unknown value
R11=0x0000000000000286 is an unknown value
R12=0x000000000028e910 is an unknown value
R13=0x000000000028e8e0 is an unknown value
R14=0x000000000028e8f0 is an unknown value
R15=0x0000000000000000 is an unknown value


Stack: [0x0000000056100000,0x0000000056200000],  sp=0x00000000561ff8f0,  free space=1022k
Native frames: (J=compiled Java code, j=interpreted, Vv=VM code, C=native code)
C  [glass.dll+0x2584a]
C  [glass.dll+0x23224]
C  [glass.dll+0x234a6]
C  [ntdll.dll+0x3778b]
C  [ntdll.dll+0x3c1e0]
C  [msvcr100.dll+0x20cb9]
V  [jvm.dll+0x212a05]
V  [jvm.dll+0x24b647]
V  [jvm.dll+0x24a8e6]
V  [jvm.dll+0x24ad81]
V  [jvm.dll+0x24af9e]
V  [jvm.dll+0x29c03a]
C  [msvcr100.dll+0x21d7b]
C  [msvcr100.dll+0x21e17]
C  [kernel32.dll+0x159cd]
C  [ntdll.dll+0x5385d]

VM_Operation (0x0000000057c370d0): Exit, mode: safepoint, requested by thread 0x00000000568ad800


---------------  P R O C E S S  ---------------

Java Threads: ( => current thread )
  0x0000000059c0a800 JavaThread "Glass/Prism Shutdown Hook" [_thread_blocked, id=3188, stack(0x000000005d920000,0x000000005da20000)]
  0x0000000059c0a000 JavaThread "Thread-5" [_thread_blocked, id=7712, stack(0x000000005edc0000,0x000000005eec0000)]
  0x0000000059c9b800 JavaThread "Thread-4" [_thread_blocked, id=7084, stack(0x000000005ef30000,0x000000005f030000)]
  0x0000000059b18000 JavaThread "Prism Font Disposer" daemon [_thread_blocked, id=2716, stack(0x000000005c9c0000,0x000000005cac0000)]
  0x00000000599a6800 JavaThread "JavaFX-Launcher" [_thread_blocked, id=7696, stack(0x000000005a1d0000,0x000000005a2d0000)]
  0x0000000059a0d000 JavaThread "Thread-2" daemon [_thread_in_native, id=5968, stack(0x000000005a2f0000,0x000000005a3f0000)]
  0x00000000568ad800 JavaThread "JavaFX Application Thread" [_thread_blocked, id=3420, stack(0x0000000057b40000,0x0000000057c40000)]
  0x00000000568a7000 JavaThread "Thread-1" daemon [_thread_blocked, id=6864, stack(0x0000000057900000,0x0000000057a00000)]
  0x0000000056884800 JavaThread "QuantumRenderer-0" daemon [_thread_blocked, id=6956, stack(0x0000000057450000,0x0000000057550000)]
  0x0000000056546000 JavaThread "Service Thread" daemon [_thread_blocked, id=3552, stack(0x0000000057160000,0x0000000057260000)]
  0x000000005653b000 JavaThread "C1 CompilerThread2" daemon [_thread_blocked, id=2840, stack(0x0000000057020000,0x0000000057120000)]
  0x000000005653a000 JavaThread "C2 CompilerThread1" daemon [_thread_blocked, id=8080, stack(0x0000000056ad0000,0x0000000056bd0000)]
  0x00000000564da800 JavaThread "C2 CompilerThread0" daemon [_thread_blocked, id=7468, stack(0x0000000056dc0000,0x0000000056ec0000)]
  0x00000000564d2800 JavaThread "Attach Listener" daemon [_thread_blocked, id=6188, stack(0x0000000056c10000,0x0000000056d10000)]
  0x00000000550da000 JavaThread "Signal Dispatcher" daemon [_thread_blocked, id=3496, stack(0x0000000056970000,0x0000000056a70000)]
  0x00000000550ba000 JavaThread "Finalizer" daemon [_thread_blocked, id=1756, stack(0x00000000563d0000,0x00000000564d0000)]
  0x0000000055073000 JavaThread "Reference Handler" daemon [_thread_blocked, id=7308, stack(0x00000000562d0000,0x00000000563d0000)]
  0x000000000046e000 JavaThread "main" [_thread_blocked, id=8716, stack(0x00000000024b0000,0x00000000025b0000)]

Other Threads:
=>0x000000005506b000 VMThread [stack: 0x0000000056100000,0x0000000056200000] [id=3244]

VM state:at safepoint (shutting down)

VM Mutex/Monitor currently owned by a thread:  ([mutex/lock_event])
[0x000000000046c400] Threads_lock - owner thread: 0x000000005506b000

Heap:
 PSYoungGen      total 18432K, used 6307K [0x00000000eb700000, 0x00000000ecb80000, 0x0000000100000000)
  eden space 15872K, 23% used [0x00000000eb700000,0x00000000ebab0fa8,0x00000000ec680000)
  from space 2560K, 98% used [0x00000000ec680000,0x00000000ec8f8030,0x00000000ec900000)
  to   space 2560K, 0% used [0x00000000ec900000,0x00000000ec900000,0x00000000ecb80000)
 ParOldGen       total 42496K, used 13175K [0x00000000c2400000, 0x00000000c4d80000, 0x00000000eb700000)
  object space 42496K, 31% used [0x00000000c2400000,0x00000000c30ddfd8,0x00000000c4d80000)
 Metaspace       used 16050K, capacity 16794K, committed 17024K, reserved 1064960K
  class space    used 2173K, capacity 2383K, committed 2432K, reserved 1048576K

Card table byte_map: [0x0000000011c40000,0x0000000011e30000] byte_map_base: 0x000000001162e000

Marking Bits: (ParMarkBitMap*) 0x000000006d25a6c0
 Begin Bits: [0x0000000012610000, 0x0000000013580000)
 End Bits:   [0x0000000013580000, 0x00000000144f0000)

Polling page: 0x0000000000430000

CodeCache: size=245760Kb used=9951Kb max_used=9951Kb free=235808Kb
 bounds [0x0000000002880000, 0x0000000003240000, 0x0000000011880000]
 total_blobs=3793 nmethods=3149 adapters=555
 compilation: enabled

Compilation events (10 events):
Event: 34.572 Thread 0x000000005653b000 nmethod 3145 0x000000000323ab50 code [0x000000000323acc0, 0x000000000323ae68]
Event: 34.572 Thread 0x000000005653b000 3146       3       java.util.ArrayDeque::addLast (53 bytes)
Event: 34.573 Thread 0x000000005653b000 nmethod 3146 0x000000000323a410 code [0x000000000323a5a0, 0x000000000323a998]
Event: 35.148 Thread 0x000000005653b000 3147       3       com.sun.javafx.scene.EnteredExitedHandler::dispatchBubblingEvent (204 bytes)
Event: 35.151 Thread 0x000000005653b000 nmethod 3147 0x000000000323af10 code [0x000000000323b2a0, 0x000000000323d8f8]
Event: 35.162 Thread 0x000000005653b000 3148       3       com.sun.javafx.stage.WindowCloseRequestHandler::dispatchBubblingEvent (23 bytes)
Event: 35.163 Thread 0x000000005653b000 nmethod 3148 0x0000000003239990 code [0x0000000003239b40, 0x000000000323a178]
Event: 35.163 Thread 0x000000005653b000 3149       3       com.sun.javafx.event.BasicEventDispatcher::dispatchBubblingEvent (2 bytes)
Event: 35.163 Thread 0x000000005653b000 nmethod 3149 0x0000000003239650 code [0x00000000032397a0, 0x00000000032398f0]
Event: 35.473 Thread 0x000000005653b000 3150       3       java.lang.invoke.DirectMethodHandle::preparedLambdaForm (230 bytes)

GC Heap History (6 events):
Event: 0.886 GC heap before
{Heap before GC invocations=1 (full 0):
 PSYoungGen      total 18432K, used 15872K [0x00000000eb700000, 0x00000000ecb80000, 0x0000000100000000)
  eden space 15872K, 100% used [0x00000000eb700000,0x00000000ec680000,0x00000000ec680000)
  from space 2560K, 0% used [0x00000000ec900000,0x00000000ec900000,0x00000000ecb80000)
  to   space 2560K, 0% used [0x00000000ec680000,0x00000000ec680000,0x00000000ec900000)
 ParOldGen       total 42496K, used 0K [0x00000000c2400000, 0x00000000c4d80000, 0x00000000eb700000)
  object space 42496K, 0% used [0x00000000c2400000,0x00000000c2400000,0x00000000c4d80000)
 Metaspace       used 9506K, capacity 9958K, committed 10240K, reserved 1058816K
  class space    used 1265K, capacity 1413K, committed 1536K, reserved 1048576K
Event: 0.893 GC heap after
Heap after GC invocations=1 (full 0):
 PSYoungGen      total 18432K, used 2528K [0x00000000eb700000, 0x00000000ecb80000, 0x0000000100000000)
  eden space 15872K, 0% used [0x00000000eb700000,0x00000000eb700000,0x00000000ec680000)
  from space 2560K, 98% used [0x00000000ec680000,0x00000000ec8f8020,0x00000000ec900000)
  to   space 2560K, 0% used [0x00000000ec900000,0x00000000ec900000,0x00000000ecb80000)
 ParOldGen       total 42496K, used 168K [0x00000000c2400000, 0x00000000c4d80000, 0x00000000eb700000)
  object space 42496K, 0% used [0x00000000c2400000,0x00000000c242a0d8,0x00000000c4d80000)
 Metaspace       used 9506K, capacity 9958K, committed 10240K, reserved 1058816K
  class space    used 1265K, capacity 1413K, committed 1536K, reserved 1048576K
}
Event: 6.283 GC heap before
{Heap before GC invocations=2 (full 0):
 PSYoungGen      total 18432K, used 17247K [0x00000000eb700000, 0x00000000ecb80000, 0x0000000100000000)
  eden space 15872K, 92% used [0x00000000eb700000,0x00000000ec55fcd8,0x00000000ec680000)
  from space 2560K, 98% used [0x00000000ec680000,0x00000000ec8f8020,0x00000000ec900000)
  to   space 2560K, 0% used [0x00000000ec900000,0x00000000ec900000,0x00000000ecb80000)
 ParOldGen       total 42496K, used 168K [0x00000000c2400000, 0x00000000c4d80000, 0x00000000eb700000)
  object space 42496K, 0% used [0x00000000c2400000,0x00000000c242a0d8,0x00000000c4d80000)
 Metaspace       used 13190K, capacity 13852K, committed 14080K, reserved 1060864K
  class space    used 1848K, capacity 2044K, committed 2048K, reserved 1048576K
Event: 6.294 GC heap after
Heap after GC invocations=2 (full 0):
 PSYoungGen      total 18432K, used 2544K [0x00000000eb700000, 0x00000000ecb80000, 0x0000000100000000)
  eden space 15872K, 0% used [0x00000000eb700000,0x00000000eb700000,0x00000000ec680000)
  from space 2560K, 99% used [0x00000000ec900000,0x00000000ecb7c040,0x00000000ecb80000)
  to   space 2560K, 0% used [0x00000000ec680000,0x00000000ec680000,0x00000000ec900000)
 ParOldGen       total 42496K, used 6380K [0x00000000c2400000, 0x00000000c4d80000, 0x00000000eb700000)
  object space 42496K, 15% used [0x00000000c2400000,0x00000000c2a3b1d8,0x00000000c4d80000)
 Metaspace       used 13190K, capacity 13852K, committed 14080K, reserved 1060864K
  class space    used 1848K, capacity 2044K, committed 2048K, reserved 1048576K
}
Event: 18.867 GC heap before
{Heap before GC invocations=3 (full 0):
 PSYoungGen      total 18432K, used 18416K [0x00000000eb700000, 0x00000000ecb80000, 0x0000000100000000)
  eden space 15872K, 100% used [0x00000000eb700000,0x00000000ec680000,0x00000000ec680000)
  from space 2560K, 99% used [0x00000000ec900000,0x00000000ecb7c040,0x00000000ecb80000)
  to   space 2560K, 0% used [0x00000000ec680000,0x00000000ec680000,0x00000000ec900000)
 ParOldGen       total 42496K, used 6380K [0x00000000c2400000, 0x00000000c4d80000, 0x00000000eb700000)
  object space 42496K, 15% used [0x00000000c2400000,0x00000000c2a3b1d8,0x00000000c4d80000)
 Metaspace       used 15771K, capacity 16484K, committed 16768K, reserved 1062912K
  class space    used 2166K, capacity 2376K, committed 2432K, reserved 1048576K
Event: 18.883 GC heap after
Heap after GC invocations=3 (full 0):
 PSYoungGen      total 18432K, used 2528K [0x00000000eb700000, 0x00000000ecb80000, 0x0000000100000000)
  eden space 15872K, 0% used [0x00000000eb700000,0x00000000eb700000,0x00000000ec680000)
  from space 2560K, 98% used [0x00000000ec680000,0x00000000ec8f8030,0x00000000ec900000)
  to   space 2560K, 0% used [0x00000000ec900000,0x00000000ec900000,0x00000000ecb80000)
 ParOldGen       total 42496K, used 13175K [0x00000000c2400000, 0x00000000c4d80000, 0x00000000eb700000)
  object space 42496K, 31% used [0x00000000c2400000,0x00000000c30ddfd8,0x00000000c4d80000)
 Metaspace       used 15771K, capacity 16484K, committed 16768K, reserved 1062912K
  class space    used 2166K, capacity 2376K, committed 2432K, reserved 1048576K
}

Deoptimization events (10 events):
Event: 18.738 Thread 0x00000000568ad800 Uncommon trap: reason=array_check action=maybe_recompile pc=0x0000000003074cfc method=com.sun.javafx.css.SimpleSelector.applies(Ljavafx/css/Styleable;[Ljava/util/Set;I)Z @ 37
Event: 18.738 Thread 0x00000000568ad800 Uncommon trap: reason=array_check action=maybe_recompile pc=0x0000000003074cfc method=com.sun.javafx.css.SimpleSelector.applies(Ljavafx/css/Styleable;[Ljava/util/Set;I)Z @ 37
Event: 18.738 Thread 0x00000000568ad800 Uncommon trap: reason=array_check action=maybe_recompile pc=0x0000000003074cfc method=com.sun.javafx.css.SimpleSelector.applies(Ljavafx/css/Styleable;[Ljava/util/Set;I)Z @ 37
Event: 18.843 Thread 0x00000000568ad800 Uncommon trap: reason=class_check action=maybe_recompile pc=0x0000000002cbedfc method=com.sun.javafx.css.StyleMap.getCascadingStyles()Ljava/util/Map; @ 77
Event: 18.844 Thread 0x00000000568ad800 Uncommon trap: reason=class_check action=maybe_recompile pc=0x0000000002cbedfc method=com.sun.javafx.css.StyleMap.getCascadingStyles()Ljava/util/Map; @ 77
Event: 18.901 Thread 0x00000000568ad800 Uncommon trap: reason=bimorphic action=maybe_recompile pc=0x0000000002f2f2c4 method=javafx.scene.Node.getLocalBounds(Lcom/sun/javafx/geom/BaseBounds;Lcom/sun/javafx/geom/transform/BaseTransform;)Lcom/sun/javafx/geom/BaseBounds; @ 22
Event: 18.902 Thread 0x00000000568ad800 Uncommon trap: reason=speculate_class_check action=maybe_recompile pc=0x0000000002e99dfc method=com.sun.javafx.geom.transform.AffineBase.getType()I @ 9
Event: 18.939 Thread 0x0000000056884800 Uncommon trap: reason=bimorphic action=maybe_recompile pc=0x0000000002fe05b8 method=com.sun.javafx.geom.transform.Affine3D.concatenate(Lcom/sun/javafx/geom/transform/BaseTransform;)V @ 4
Event: 18.940 Thread 0x0000000056884800 Uncommon trap: reason=bimorphic action=maybe_recompile pc=0x0000000002fe05b8 method=com.sun.javafx.geom.transform.Affine3D.concatenate(Lcom/sun/javafx/geom/transform/BaseTransform;)V @ 4
Event: 18.942 Thread 0x0000000056884800 Uncommon trap: reason=bimorphic action=maybe_recompile pc=0x0000000002fe05b8 method=com.sun.javafx.geom.transform.Affine3D.concatenate(Lcom/sun/javafx/geom/transform/BaseTransform;)V @ 4

Internal exceptions (10 events):
Event: 8.028 Thread 0x00000000568ad800 Exception <a 'java/lang/NoSuchMethodError': <clinit>> (0x00000000ec1781d0) thrown at [C:\re\workspace\8-2-build-windows-amd64-cygwin\jdk8u102\7268\hotspot\src\share\vm\prims\jni.cpp, line 1613]
Event: 8.028 Thread 0x00000000568ad800 Exception <a 'java/lang/NoSuchMethodError': <clinit>> (0x00000000ec179118) thrown at [C:\re\workspace\8-2-build-windows-amd64-cygwin\jdk8u102\7268\hotspot\src\share\vm\prims\jni.cpp, line 1613]
Event: 8.030 Thread 0x00000000568ad800 Exception <a 'java/lang/NoSuchMethodError': <clinit>> (0x00000000ec1851c8) thrown at [C:\re\workspace\8-2-build-windows-amd64-cygwin\jdk8u102\7268\hotspot\src\share\vm\prims\jni.cpp, line 1613]
Event: 8.037 Thread 0x00000000568ad800 Exception <a 'java/lang/NoSuchMethodError': <clinit>> (0x00000000ec18b508) thrown at [C:\re\workspace\8-2-build-windows-amd64-cygwin\jdk8u102\7268\hotspot\src\share\vm\prims\jni.cpp, line 1613]
Event: 8.038 Thread 0x00000000568ad800 Exception <a 'java/lang/NoSuchMethodError': <clinit>> (0x00000000ec18c4e0) thrown at [C:\re\workspace\8-2-build-windows-amd64-cygwin\jdk8u102\7268\hotspot\src\share\vm\prims\jni.cpp, line 1613]
Event: 8.041 Thread 0x00000000568ad800 Exception <a 'java/lang/NoSuchMethodError': <clinit>> (0x00000000ec1a1220) thrown at [C:\re\workspace\8-2-build-windows-amd64-cygwin\jdk8u102\7268\hotspot\src\share\vm\prims\jni.cpp, line 1613]
Event: 8.042 Thread 0x00000000568ad800 Exception <a 'java/lang/NoSuchMethodError': <clinit>> (0x00000000ec1a3e00) thrown at [C:\re\workspace\8-2-build-windows-amd64-cygwin\jdk8u102\7268\hotspot\src\share\vm\prims\jni.cpp, line 1613]
Event: 8.046 Thread 0x00000000568ad800 Exception <a 'java/lang/NoSuchMethodError': <clinit>> (0x00000000ec1be018) thrown at [C:\re\workspace\8-2-build-windows-amd64-cygwin\jdk8u102\7268\hotspot\src\share\vm\prims\jni.cpp, line 1613]
Event: 8.048 Thread 0x00000000568ad800 Exception <a 'java/lang/NoSuchMethodError': <clinit>> (0x00000000ec1cbda8) thrown at [C:\re\workspace\8-2-build-windows-amd64-cygwin\jdk8u102\7268\hotspot\src\share\vm\prims\jni.cpp, line 1613]
Event: 35.474 Thread 0x0000000059c0a800 Exception <a 'java/lang/IllegalStateException'> (0x00000000ebaa7590) thrown at [C:\re\workspace\8-2-build-windows-amd64-cygwin\jdk8u102\7268\hotspot\src\share\vm\prims\jvm.cpp, line 1390]

Events (10 events):
Event: 35.470 loading class java/util/IdentityHashMap$KeyIterator
Event: 35.470 loading class java/util/IdentityHashMap$IdentityHashMapIterator
Event: 35.470 loading class java/util/IdentityHashMap$IdentityHashMapIterator done
Event: 35.470 loading class java/util/IdentityHashMap$KeyIterator done
Event: 35.471 Thread 0x0000000059c0a800 Thread added: 0x0000000059c0a800
Event: 35.472 loading class com/sun/javafx/tk/quantum/QuantumRenderer
Event: 35.472 loading class com/sun/javafx/tk/quantum/QuantumRenderer done
Event: 35.473 loading class com/sun/javafx/tk/quantum/QuantumToolkit
Event: 35.473 loading class com/sun/javafx/tk/quantum/QuantumToolkit done
Event: 35.474 Executing VM operation: Exit


Dynamic libraries:
0x000000013fce0000 - 0x000000013fd17000 	C:\Program Files\Java\jdk1.8.0_102\jre\bin\java.exe
0x0000000077cb0000 - 0x0000000077e4f000 	C:\Windows\SYSTEM32\ntdll.dll
0x0000000077b90000 - 0x0000000077caf000 	C:\Windows\system32\kernel32.dll
0x000007fefd900000 - 0x000007fefd96a000 	C:\Windows\system32\KERNELBASE.dll
0x000007fefdeb0000 - 0x000007fefdf8b000 	C:\Windows\system32\ADVAPI32.dll
0x000007fefe850000 - 0x000007fefe8ef000 	C:\Windows\system32\msvcrt.dll
0x000007fefe600000 - 0x000007fefe61f000 	C:\Windows\SYSTEM32\sechost.dll
0x000007fefdc60000 - 0x000007fefdd8d000 	C:\Windows\system32\RPCRT4.dll
0x0000000077a90000 - 0x0000000077b8a000 	C:\Windows\system32\USER32.dll
0x000007fefeaf0000 - 0x000007fefeb57000 	C:\Windows\system32\GDI32.dll
0x000007fefeae0000 - 0x000007fefeaee000 	C:\Windows\system32\LPK.dll
0x000007fefea10000 - 0x000007fefeadb000 	C:\Windows\system32\USP10.dll
0x000007fefa780000 - 0x000007fefa974000 	C:\Windows\WinSxS\amd64_microsoft.windows.common-controls_6595b64144ccf1df_6.0.7601.18837_none_fa3b1e3d17594757\COMCTL32.dll
0x000007fefe470000 - 0x000007fefe4e1000 	C:\Windows\system32\SHLWAPI.dll
0x000007fefe4f0000 - 0x000007fefe51e000 	C:\Windows\system32\IMM32.DLL
0x000007fefe900000 - 0x000007fefea09000 	C:\Windows\system32\MSCTF.dll
0x000000006d7a0000 - 0x000000006d871000 	C:\Program Files\Java\jdk1.8.0_102\jre\bin\msvcr100.dll
0x000000006ca40000 - 0x000000006d2da000 	C:\Program Files\Java\jdk1.8.0_102\jre\bin\server\jvm.dll
0x000007feefca0000 - 0x000007feefca9000 	C:\Windows\system32\WSOCK32.dll
0x000007fefe620000 - 0x000007fefe66d000 	C:\Windows\system32\WS2_32.dll
0x000007fefe8f0000 - 0x000007fefe8f8000 	C:\Windows\system32\NSI.dll
0x000007fefc630000 - 0x000007fefc66b000 	C:\Windows\system32\WINMM.dll
0x000007fefc5a0000 - 0x000007fefc5ac000 	C:\Windows\system32\VERSION.dll
0x0000000077e60000 - 0x0000000077e67000 	C:\Windows\system32\PSAPI.DLL
0x0000000072960000 - 0x000000007296f000 	C:\Program Files\Java\jdk1.8.0_102\jre\bin\verify.dll
0x0000000072910000 - 0x0000000072939000 	C:\Program Files\Java\jdk1.8.0_102\jre\bin\java.dll
0x00000000728f0000 - 0x0000000072906000 	C:\Program Files\Java\jdk1.8.0_102\jre\bin\zip.dll
0x000007feff210000 - 0x000007fefff9a000 	C:\Windows\system32\SHELL32.dll
0x000007feff010000 - 0x000007feff20f000 	C:\Windows\system32\ole32.dll
0x000007fefd800000 - 0x000007fefd80f000 	C:\Windows\system32\profapi.dll
0x000007feedd00000 - 0x000007feeddef000 	C:\Program Files\Java\jdk1.8.0_102\jre\bin\msvcr120.dll
0x000007fee7700000 - 0x000007fee77a6000 	C:\Program Files\Java\jdk1.8.0_102\jre\bin\msvcp120.dll
0x0000000072b90000 - 0x0000000072bb2000 	C:\Program Files\Java\jdk1.8.0_102\jre\bin\prism_d3d.dll
0x000007fee7400000 - 0x000007fee75ff000 	C:\Windows\system32\d3d9.dll
0x000007fef8cd0000 - 0x000007fef8cd7000 	C:\Windows\system32\d3d8thk.dll
0x000007fef9990000 - 0x000007fef99a8000 	C:\Windows\system32\dwmapi.dll
0x000007fefa470000 - 0x000007fefa4c6000 	C:\Windows\system32\uxtheme.dll
0x000000005aa30000 - 0x000000005aeab000 	C:\Windows\system32\atiumd64.dll
0x000000005fd90000 - 0x0000000060027000 	C:\Windows\system32\atiumd6a.dll
0x0000000072b40000 - 0x0000000072b83000 	C:\Program Files\Java\jdk1.8.0_102\jre\bin\glass.dll
0x000007fefdbc0000 - 0x000007fefdc57000 	C:\Windows\system32\COMDLG32.dll
0x000007fefe520000 - 0x000007fefe5fa000 	C:\Windows\system32\OLEAUT32.dll
0x000007fefd660000 - 0x000007fefd66f000 	C:\Windows\system32\CRYPTBASE.dll
0x0000000072af0000 - 0x0000000072b04000 	C:\Program Files\Java\jdk1.8.0_102\jre\bin\javafx_font.dll
0x000007feefa50000 - 0x000007feefbe7000 	C:\Windows\system32\dwrite.dll
0x000007fefdd90000 - 0x000007fefde29000 	C:\Windows\system32\CLBCatQ.DLL
0x000007fef94c0000 - 0x000007fef9621000 	C:\Windows\system32\WindowsCodecs.dll
0x000007fefd600000 - 0x000007fefd657000 	C:\Windows\system32\apphelp.dll
0x000007fef0fa0000 - 0x000007fef0fa9000 	C:\Program Files (x86)\Internet Download Manager\IDMShellExt64.dll
0x000007fef0ee0000 - 0x000007fef0f40000 	C:\Program Files (x86)\Dropbox\Client\DropboxExt64.26.0.dll
0x000007fef0ed0000 - 0x000007fef0ed3000 	C:\Windows\system32\api-ms-win-core-synch-l1-2-0.DLL
0x000007fefe670000 - 0x000007fefe847000 	C:\Windows\system32\SETUPAPI.dll
0x000007fefd9f0000 - 0x000007fefda26000 	C:\Windows\system32\CFGMGR32.dll
0x000007fefd9b0000 - 0x000007fefd9ca000 	C:\Windows\system32\DEVOBJ.dll
0x000007fefa4d0000 - 0x000007fefa5fc000 	C:\Windows\system32\propsys.dll
0x000007fefc2d0000 - 0x000007fefc2fd000 	C:\Windows\system32\ntmarta.dll
0x000007fefdfb0000 - 0x000007fefe002000 	C:\Windows\system32\WLDAP32.dll
0x000007fef1c40000 - 0x000007fef1c5f000 	C:\Windows\system32\thumbcache.dll
0x000007fef0d70000 - 0x000007fef0ddb000 	C:\Windows\system32\PhotoMetadataHandler.dll
0x000007fef0d30000 - 0x000007fef0d65000 	C:\Windows\system32\EhStorShell.dll
0x000007fef8bf0000 - 0x000007fef8c1d000 	C:\Program Files\Common Files\Microsoft Shared\Ink\rtscom.dll
0x0000000056d10000 - 0x0000000056d75000 	C:\Program Files\WIDCOMM\Bluetooth Software\btmmhook.dll
0x000000006eab0000 - 0x000000006ead3000 	C:\Program Files\Java\jdk1.8.0_102\jre\bin\javafx_iio.dll
0x0000000072d00000 - 0x0000000072d11000 	C:\Program Files\Java\jdk1.8.0_102\jre\bin\prism_common.dll
0x000007fef4a70000 - 0x000007fef4b95000 	C:\Windows\system32\dbghelp.dll

VM Arguments:
jvm_args: -Dfile.encoding=UTF-8 
java_command: C:\Users\MuhannadT\Desktop\FXApplication\dist\run476755402\FXApplication.jar
java_class_path (initial): C:\Users\MuhannadT\Desktop\FXApplication\dist\run476755402\FXApplication.jar
Launcher Type: SUN_STANDARD

Environment Variables:
PATH=C:\Program Files (x86)\ActiveState Komodo IDE 11\;C:\Program Files (x86)\NVIDIA Corporation\PhysX\Common;C:\ProgramData\Oracle\Java\javapath;C:\Windows\system32;C:\Windows;C:\Windows\System32\Wbem;C:\Windows\System32\WindowsPowerShell\v1.0\;C:\Program Files\WIDCOMM\Bluetooth Software\;C:\Program Files\WIDCOMM\Bluetooth Software\syswow64;c:\Program Files (x86)\ATI Technologies\ATI.ACE\Core-Static;C:\Program Files (x86)\Common Files\Roxio Shared\10.0\DLLShared\;C:\Program Files (x86)\Common Files\Roxio Shared\DLLShared\;C:\Program Files\Microsoft SQL Server\110\Tools\Binn\
USERNAME=MuhannadT
OS=Windows_NT
PROCESSOR_IDENTIFIER=Intel64 Family 6 Model 37 Stepping 2, GenuineIntel



---------------  S Y S T E M  ---------------

OS: Windows 7 , 64 bit Build 7601 (6.1.7601.24291)

CPU:total 4 (2 cores per cpu, 2 threads per core) family 6 model 37 stepping 2, cmov, cx8, fxsr, mmx, sse, sse2, sse3, ssse3, sse4.1, sse4.2, popcnt, ht, tsc, tscinvbit

Memory: 4k page, physical 4044900k(1047548k free), swap 8087896k(3942212k free)

vm_info: Java HotSpot(TM) 64-Bit Server VM (25.102-b14) for windows-amd64 JRE (1.8.0_102-b14), built on Jun 22 2016 13:15:21 by "java_re" with MS VC++ 10.0 (VS2010)

time: Sun Dec 09 13:58:10 2018
elapsed time: 35 seconds (0d 0h 0m 35s)

