#
# A fatal error has been detected by the Java Runtime Environment:
#
#  EXCEPTION_ACCESS_VIOLATION (0xc0000005) at pc=0x000000006eab584a, pid=8044, tid=0x0000000000001b50
#
# JRE version: Java(TM) SE Runtime Environment (8.0_102-b14) (build 1.8.0_102-b14)
# Java VM: Java HotSpot(TM) 64-Bit Server VM (25.102-b14 mixed mode windows-amd64 compressed oops)
# Problematic frame:
# C  [glass.dll+0x2584a]
#
# Failed to write core dump. Minidumps are not enabled by default on client versions of Windows
#
# If you would like to submit a bug report, please visit:
#   http://bugreport.java.com/bugreport/crash.jsp
#

---------------  T H R E A D  ---------------

Current thread (0x000000005503b000):  VMThread [stack: 0x0000000055fa0000,0x00000000560a0000] [id=6992]

siginfo: ExceptionCode=0xc0000005, reading address 0x0000000000000000

Registers:
RAX=0x0000000000000000, RBX=0x00000000571e1f08, RCX=0x000000005503b000, RDX=0x00000000571e1f08
RSP=0x000000005609f190, RBP=0x000000000054e8e0, RSI=0x0000000000000001, RDI=0x0000000000000000
R8 =0x0000000000010002, R9 =0x000000000054e8e0, R10=0x0000000000000000, R11=0x0000000000000286
R12=0x000000000054e910, R13=0x000000000054e8e0, R14=0x000000000054e8f0, R15=0x0000000000000000
RIP=0x000000006eab584a, EFLAGS=0x0000000000010206

Top of Stack: (sp=0x000000005609f190)
0x000000005609f190:   0000000000000000 000000006eab5900
0x000000005609f1a0:   0000000000000000 000007fefd646800
0x000000005609f1b0:   000000006eab5830 000000006eab3224
0x000000005609f1c0:   000000006eab5a60 00000000b3ff9581
0x000000005609f1d0:   0000000000000001 000007fefd90b3ea
0x000000005609f1e0:   0000000077de2e70 000000006ea90000
0x000000005609f1f0:   000007fffffae000 000000006eab34a6
0x000000005609f200:   0000000000000001 0000000054f25400
0x000000005609f210:   0000000000000000 000007fffffdd000
0x000000005609f220:   c000000500000001 000000005609e480
0x000000005609f230:   0000000077ddba58 0000000077ce778b
0x000000005609f240:   000000000053abe0 000000000053ade0
0x000000005609f250:   000000006eab3384 0000000000571470
0x000000005609f260:   0000000000000000 0000000000000000
0x000000005609f270:   0000000000000000 0000000000000000
0x000000005609f280:   000000000330032e 00000000004f3014 

Instructions: (pc=0x000000006eab584a)
0x000000006eab582a:   83 c4 20 5d c3 cc 40 53 48 83 ec 20 48 8b 1d cb
0x000000006eab583a:   5b 01 00 48 85 db 74 1a e8 19 93 ff ff 48 8b d3
0x000000006eab584a:   4c 8b 00 48 8b c8 48 83 c4 20 5b 49 ff a0 b0 00
0x000000006eab585a:   00 00 48 83 c4 20 5b c3 cc cc cc cc cc cc cc cc 


Register to memory mapping:

RAX=0x0000000000000000 is an unknown value
RBX=0x00000000571e1f08 is a global jni handle
RCX=0x000000005503b000 is an unknown value
RDX=0x00000000571e1f08 is a global jni handle
RSP=0x000000005609f190 is an unknown value
RBP=0x000000000054e8e0 is an unknown value
RSI=0x0000000000000001 is an unknown value
RDI=0x0000000000000000 is an unknown value
R8 =0x0000000000010002 is an unknown value
R9 =0x000000000054e8e0 is an unknown value
R10=0x0000000000000000 is an unknown value
R11=0x0000000000000286 is an unknown value
R12=0x000000000054e910 is an unknown value
R13=0x000000000054e8e0 is an unknown value
R14=0x000000000054e8f0 is an unknown value
R15=0x0000000000000000 is an unknown value


Stack: [0x0000000055fa0000,0x00000000560a0000],  sp=0x000000005609f190,  free space=1020k
Native frames: (J=compiled Java code, j=interpreted, Vv=VM code, C=native code)
C  [glass.dll+0x2584a]
C  [glass.dll+0x23224]
C  [glass.dll+0x234a6]
C  [ntdll.dll+0x3778b]
C  [ntdll.dll+0x3c1e0]
C  [msvcr100.dll+0x20cb9]
V  [jvm.dll+0x212a05]
V  [jvm.dll+0x24b647]
V  [jvm.dll+0x24a8e6]
V  [jvm.dll+0x24ad81]
V  [jvm.dll+0x24af9e]
V  [jvm.dll+0x29c03a]
C  [msvcr100.dll+0x21d7b]
C  [msvcr100.dll+0x21e17]
C  [kernel32.dll+0x159cd]
C  [ntdll.dll+0x5385d]

VM_Operation (0x0000000058106c20): Exit, mode: safepoint, requested by thread 0x000000005720d000


---------------  P R O C E S S  ---------------

Java Threads: ( => current thread )
  0x00000000564ce800 JavaThread "Thread-5" [_thread_blocked, id=3380, stack(0x000000005d8f0000,0x000000005d9f0000)]
  0x00000000574e4000 JavaThread "Thread-4" [_thread_blocked, id=6780, stack(0x000000005c570000,0x000000005c670000)]
  0x00000000574a7000 JavaThread "Prism Font Disposer" daemon [_thread_blocked, id=1436, stack(0x000000005c8d0000,0x000000005c9d0000)]
  0x000000005725f000 JavaThread "JavaFX-Launcher" [_thread_blocked, id=7776, stack(0x000000005a220000,0x000000005a320000)]
  0x00000000572a0800 JavaThread "Thread-2" daemon [_thread_in_native, id=6464, stack(0x000000005a0d0000,0x000000005a1d0000)]
  0x000000005720d000 JavaThread "JavaFX Application Thread" [_thread_blocked, id=6648, stack(0x0000000058010000,0x0000000058110000)]
  0x0000000057209800 JavaThread "Thread-1" daemon [_thread_blocked, id=2888, stack(0x0000000058110000,0x0000000058210000)]
  0x000000005672f800 JavaThread "QuantumRenderer-0" daemon [_thread_blocked, id=6712, stack(0x0000000056fb0000,0x00000000570b0000)]
  0x00000000563bb800 JavaThread "Service Thread" daemon [_thread_blocked, id=7536, stack(0x0000000056e90000,0x0000000056f90000)]
  0x000000005633d800 JavaThread "C1 CompilerThread2" daemon [_thread_blocked, id=6156, stack(0x0000000056b70000,0x0000000056c70000)]
  0x000000005633b000 JavaThread "C2 CompilerThread1" daemon [_thread_blocked, id=8496, stack(0x0000000056ca0000,0x0000000056da0000)]
  0x0000000056334000 JavaThread "C2 CompilerThread0" daemon [_thread_blocked, id=8492, stack(0x0000000056a40000,0x0000000056b40000)]
  0x0000000056330800 JavaThread "Attach Listener" daemon [_thread_blocked, id=4348, stack(0x00000000568a0000,0x00000000569a0000)]
  0x000000005509f000 JavaThread "Signal Dispatcher" daemon [_thread_blocked, id=7064, stack(0x0000000056790000,0x0000000056890000)]
  0x000000005508d800 JavaThread "Finalizer" daemon [_thread_blocked, id=7540, stack(0x0000000056130000,0x0000000056230000)]
  0x0000000055047000 JavaThread "Reference Handler" daemon [_thread_blocked, id=4028, stack(0x0000000056230000,0x0000000056330000)]
  0x00000000001ee000 JavaThread "main" [_thread_blocked, id=7520, stack(0x00000000024a0000,0x00000000025a0000)]

Other Threads:
=>0x000000005503b000 VMThread [stack: 0x0000000055fa0000,0x00000000560a0000] [id=6992]

VM state:at safepoint (shutting down)

VM Mutex/Monitor currently owned by a thread:  ([mutex/lock_event])
[0x00000000001ec400] Threads_lock - owner thread: 0x000000005503b000

Heap:
 PSYoungGen      total 18432K, used 2842K [0x00000000eb700000, 0x00000000ecb80000, 0x0000000100000000)
  eden space 15872K, 1% used [0x00000000eb700000,0x00000000eb746958,0x00000000ec680000)
  from space 2560K, 100% used [0x00000000ec680000,0x00000000ec900000,0x00000000ec900000)
  to   space 2560K, 0% used [0x00000000ec900000,0x00000000ec900000,0x00000000ecb80000)
 ParOldGen       total 42496K, used 15318K [0x00000000c2400000, 0x00000000c4d80000, 0x00000000eb700000)
  object space 42496K, 36% used [0x00000000c2400000,0x00000000c32f58e0,0x00000000c4d80000)
 Metaspace       used 15784K, capacity 16504K, committed 16768K, reserved 1062912K
  class space    used 2173K, capacity 2380K, committed 2432K, reserved 1048576K

Card table byte_map: [0x0000000011c30000,0x0000000011e20000] byte_map_base: 0x000000001161e000

Marking Bits: (ParMarkBitMap*) 0x000000006d25a6c0
 Begin Bits: [0x00000000125e0000, 0x0000000013550000)
 End Bits:   [0x0000000013550000, 0x00000000144c0000)

Polling page: 0x0000000000130000

CodeCache: size=245760Kb used=8503Kb max_used=8553Kb free=237256Kb
 bounds [0x0000000002870000, 0x00000000030d0000, 0x0000000011870000]
 total_blobs=3416 nmethods=2772 adapters=555
 compilation: enabled

Compilation events (10 events):
Event: 34.409 Thread 0x000000005633d800 2793       3       javafx.scene.input.PickResult::<init> (47 bytes)
Event: 34.409 Thread 0x000000005633d800 nmethod 2793 0x00000000030cd150 code [0x00000000030cd2a0, 0x00000000030cd4d0]
Event: 34.716 Thread 0x000000005633d800 2794       3       com.sun.javafx.css.PseudoClassState::cast (6 bytes)
Event: 34.717 Thread 0x000000005633d800 nmethod 2794 0x00000000030cd590 code [0x00000000030cd720, 0x00000000030cdb28]
Event: 34.717 Thread 0x000000005633d800 2795       3       com.sun.javafx.css.PseudoClassState::cast (21 bytes)
Event: 34.717 Thread 0x000000005633d800 nmethod 2795 0x00000000030cdc90 code [0x00000000030cde00, 0x00000000030ce128]
Event: 34.925 Thread 0x000000005633d800 2796       3       jdk.internal.org.objectweb.asm.MethodWriter::visitTypeInsn (110 bytes)
Event: 34.925 Thread 0x000000005633d800 nmethod 2796 0x00000000030ce210 code [0x00000000030ce3a0, 0x00000000030ce7c8]
Event: 34.926 Thread 0x000000005633d800 2797       1       java.lang.ref.Finalizer::access$000 (4 bytes)
Event: 34.926 Thread 0x000000005633d800 nmethod 2797 0x000000000307ded0 code [0x000000000307e020, 0x000000000307e110]

GC Heap History (6 events):
Event: 0.889 GC heap before
{Heap before GC invocations=1 (full 0):
 PSYoungGen      total 18432K, used 15872K [0x00000000eb700000, 0x00000000ecb80000, 0x0000000100000000)
  eden space 15872K, 100% used [0x00000000eb700000,0x00000000ec680000,0x00000000ec680000)
  from space 2560K, 0% used [0x00000000ec900000,0x00000000ec900000,0x00000000ecb80000)
  to   space 2560K, 0% used [0x00000000ec680000,0x00000000ec680000,0x00000000ec900000)
 ParOldGen       total 42496K, used 0K [0x00000000c2400000, 0x00000000c4d80000, 0x00000000eb700000)
  object space 42496K, 0% used [0x00000000c2400000,0x00000000c2400000,0x00000000c4d80000)
 Metaspace       used 9491K, capacity 9926K, committed 10112K, reserved 1058816K
  class space    used 1264K, capacity 1381K, committed 1408K, reserved 1048576K
Event: 0.897 GC heap after
Heap after GC invocations=1 (full 0):
 PSYoungGen      total 18432K, used 2544K [0x00000000eb700000, 0x00000000ecb80000, 0x0000000100000000)
  eden space 15872K, 0% used [0x00000000eb700000,0x00000000eb700000,0x00000000ec680000)
  from space 2560K, 99% used [0x00000000ec680000,0x00000000ec8fc030,0x00000000ec900000)
  to   space 2560K, 0% used [0x00000000ec900000,0x00000000ec900000,0x00000000ecb80000)
 ParOldGen       total 42496K, used 149K [0x00000000c2400000, 0x00000000c4d80000, 0x00000000eb700000)
  object space 42496K, 0% used [0x00000000c2400000,0x00000000c2425428,0x00000000c4d80000)
 Metaspace       used 9491K, capacity 9926K, committed 10112K, reserved 1058816K
  class space    used 1264K, capacity 1381K, committed 1408K, reserved 1048576K
}
Event: 2.769 GC heap before
{Heap before GC invocations=2 (full 0):
 PSYoungGen      total 18432K, used 17668K [0x00000000eb700000, 0x00000000ecb80000, 0x0000000100000000)
  eden space 15872K, 95% used [0x00000000eb700000,0x00000000ec5c5288,0x00000000ec680000)
  from space 2560K, 99% used [0x00000000ec680000,0x00000000ec8fc030,0x00000000ec900000)
  to   space 2560K, 0% used [0x00000000ec900000,0x00000000ec900000,0x00000000ecb80000)
 ParOldGen       total 42496K, used 149K [0x00000000c2400000, 0x00000000c4d80000, 0x00000000eb700000)
  object space 42496K, 0% used [0x00000000c2400000,0x00000000c2425428,0x00000000c4d80000)
 Metaspace       used 13297K, capacity 13978K, committed 14208K, reserved 1060864K
  class space    used 1867K, capacity 2069K, committed 2176K, reserved 1048576K
Event: 2.781 GC heap after
Heap after GC invocations=2 (full 0):
 PSYoungGen      total 18432K, used 2544K [0x00000000eb700000, 0x00000000ecb80000, 0x0000000100000000)
  eden space 15872K, 0% used [0x00000000eb700000,0x00000000eb700000,0x00000000ec680000)
  from space 2560K, 99% used [0x00000000ec900000,0x00000000ecb7c030,0x00000000ecb80000)
  to   space 2560K, 0% used [0x00000000ec680000,0x00000000ec680000,0x00000000ec900000)
 ParOldGen       total 42496K, used 8497K [0x00000000c2400000, 0x00000000c4d80000, 0x00000000eb700000)
  object space 42496K, 19% used [0x00000000c2400000,0x00000000c2c4c548,0x00000000c4d80000)
 Metaspace       used 13297K, capacity 13978K, committed 14208K, reserved 1060864K
  class space    used 1867K, capacity 2069K, committed 2176K, reserved 1048576K
}
Event: 34.887 GC heap before
{Heap before GC invocations=3 (full 0):
 PSYoungGen      total 18432K, used 18416K [0x00000000eb700000, 0x00000000ecb80000, 0x0000000100000000)
  eden space 15872K, 100% used [0x00000000eb700000,0x00000000ec680000,0x00000000ec680000)
  from space 2560K, 99% used [0x00000000ec900000,0x00000000ecb7c030,0x00000000ecb80000)
  to   space 2560K, 0% used [0x00000000ec680000,0x00000000ec680000,0x00000000ec900000)
 ParOldGen       total 42496K, used 8497K [0x00000000c2400000, 0x00000000c4d80000, 0x00000000eb700000)
  object space 42496K, 19% used [0x00000000c2400000,0x00000000c2c4c548,0x00000000c4d80000)
 Metaspace       used 15768K, capacity 16492K, committed 16768K, reserved 1062912K
  class space    used 2170K, capacity 2378K, committed 2432K, reserved 1048576K
Event: 34.919 GC heap after
Heap after GC invocations=3 (full 0):
 PSYoungGen      total 18432K, used 2560K [0x00000000eb700000, 0x00000000ecb80000, 0x0000000100000000)
  eden space 15872K, 0% used [0x00000000eb700000,0x00000000eb700000,0x00000000ec680000)
  from space 2560K, 100% used [0x00000000ec680000,0x00000000ec900000,0x00000000ec900000)
  to   space 2560K, 0% used [0x00000000ec900000,0x00000000ec900000,0x00000000ecb80000)
 ParOldGen       total 42496K, used 15318K [0x00000000c2400000, 0x00000000c4d80000, 0x00000000eb700000)
  object space 42496K, 36% used [0x00000000c2400000,0x00000000c32f58e0,0x00000000c4d80000)
 Metaspace       used 15768K, capacity 16492K, committed 16768K, reserved 1062912K
  class space    used 2170K, capacity 2378K, committed 2432K, reserved 1048576K
}

Deoptimization events (10 events):
Event: 15.995 Thread 0x000000005720d000 Uncommon trap: reason=class_check action=maybe_recompile pc=0x0000000002e6fd9c method=javafx.scene.Node.updateLocalToParentTransform()V @ 11
Event: 16.071 Thread 0x000000005720d000 Uncommon trap: reason=unstable_if action=reinterpret pc=0x0000000002d68208 method=javafx.scene.Node.getProperties()Ljavafx/collections/ObservableMap; @ 4
Event: 16.124 Thread 0x000000005720d000 Uncommon trap: reason=array_check action=maybe_recompile pc=0x000000000301007c method=com.sun.javafx.css.SimpleSelector.applies(Ljavafx/css/Styleable;[Ljava/util/Set;I)Z @ 37
Event: 16.124 Thread 0x000000005720d000 Uncommon trap: reason=array_check action=maybe_recompile pc=0x000000000301007c method=com.sun.javafx.css.SimpleSelector.applies(Ljavafx/css/Styleable;[Ljava/util/Set;I)Z @ 37
Event: 16.124 Thread 0x000000005720d000 Uncommon trap: reason=array_check action=maybe_recompile pc=0x000000000301007c method=com.sun.javafx.css.SimpleSelector.applies(Ljavafx/css/Styleable;[Ljava/util/Set;I)Z @ 37
Event: 16.124 Thread 0x000000005720d000 Uncommon trap: reason=array_check action=maybe_recompile pc=0x000000000301007c method=com.sun.javafx.css.SimpleSelector.applies(Ljavafx/css/Styleable;[Ljava/util/Set;I)Z @ 37
Event: 16.160 Thread 0x000000005720d000 Uncommon trap: reason=class_check action=maybe_recompile pc=0x0000000002cd06e0 method=com.sun.javafx.css.StyleMap.getCascadingStyles()Ljava/util/Map; @ 77
Event: 16.160 Thread 0x000000005720d000 Uncommon trap: reason=class_check action=maybe_recompile pc=0x0000000002cd06e0 method=com.sun.javafx.css.StyleMap.getCascadingStyles()Ljava/util/Map; @ 77
Event: 16.196 Thread 0x000000005720d000 Uncommon trap: reason=speculate_class_check action=maybe_recompile pc=0x0000000002ee6b3c method=com.sun.javafx.geom.transform.AffineBase.getType()I @ 9
Event: 16.206 Thread 0x000000005720d000 Uncommon trap: reason=array_check action=maybe_recompile pc=0x000000000302ac60 method=com.sun.javafx.css.SimpleSelector.applies(Ljavafx/css/Styleable;[Ljava/util/Set;I)Z @ 37

Internal exceptions (10 events):
Event: 7.957 Thread 0x000000005720d000 Exception <a 'java/lang/NoSuchMethodError': <clinit>> (0x00000000ec198e58) thrown at [C:\re\workspace\8-2-build-windows-amd64-cygwin\jdk8u102\7268\hotspot\src\share\vm\prims\jni.cpp, line 1613]
Event: 7.960 Thread 0x000000005720d000 Exception <a 'java/lang/NoSuchMethodError': <clinit>> (0x00000000ec1a4f20) thrown at [C:\re\workspace\8-2-build-windows-amd64-cygwin\jdk8u102\7268\hotspot\src\share\vm\prims\jni.cpp, line 1613]
Event: 7.968 Thread 0x000000005720d000 Exception <a 'java/lang/NoSuchMethodError': <clinit>> (0x00000000ec1ab208) thrown at [C:\re\workspace\8-2-build-windows-amd64-cygwin\jdk8u102\7268\hotspot\src\share\vm\prims\jni.cpp, line 1613]
Event: 7.968 Thread 0x000000005720d000 Exception <a 'java/lang/NoSuchMethodError': <clinit>> (0x00000000ec1ac1c0) thrown at [C:\re\workspace\8-2-build-windows-amd64-cygwin\jdk8u102\7268\hotspot\src\share\vm\prims\jni.cpp, line 1613]
Event: 7.972 Thread 0x000000005720d000 Exception <a 'java/lang/NoSuchMethodError': <clinit>> (0x00000000ec1c0f00) thrown at [C:\re\workspace\8-2-build-windows-amd64-cygwin\jdk8u102\7268\hotspot\src\share\vm\prims\jni.cpp, line 1613]
Event: 7.972 Thread 0x000000005720d000 Exception <a 'java/lang/NoSuchMethodError': <clinit>> (0x00000000ec1c3ae0) thrown at [C:\re\workspace\8-2-build-windows-amd64-cygwin\jdk8u102\7268\hotspot\src\share\vm\prims\jni.cpp, line 1613]
Event: 7.975 Thread 0x000000005720d000 Exception <a 'java/lang/NoSuchMethodError': <clinit>> (0x00000000ec1ddd80) thrown at [C:\re\workspace\8-2-build-windows-amd64-cygwin\jdk8u102\7268\hotspot\src\share\vm\prims\jni.cpp, line 1613]
Event: 7.978 Thread 0x000000005720d000 Exception <a 'java/lang/NoSuchMethodError': <clinit>> (0x00000000ec1ebac0) thrown at [C:\re\workspace\8-2-build-windows-amd64-cygwin\jdk8u102\7268\hotspot\src\share\vm\prims\jni.cpp, line 1613]
Event: 34.920 Thread 0x00000000572a0800 Exception <a 'java/lang/IncompatibleClassChangeError'> (0x00000000eb713e00) thrown at [C:\re\workspace\8-2-build-windows-amd64-cygwin\jdk8u102\7268\hotspot\src\share\vm\oops\instanceKlass.cpp, line 2838]
Event: 34.927 Thread 0x00000000564cf800 Exception <a 'java/lang/IllegalStateException'> (0x00000000eb7063f0) thrown at [C:\re\workspace\8-2-build-windows-amd64-cygwin\jdk8u102\7268\hotspot\src\share\vm\prims\jvm.cpp, line 1390]

Events (10 events):
Event: 34.926 Thread 0x000000005633d800 flushing nmethod 0x00000000029b3510
Event: 34.926 loading class java/util/LinkedList$ListItr done
Event: 34.926 Thread 0x000000005633d800 flushing nmethod 0x00000000029e6990
Event: 34.926 Thread 0x000000005633d800 flushing nmethod 0x00000000029f6350
Event: 34.926 Thread 0x000000005633d800 flushing nmethod 0x0000000002a00f50
Event: 34.926 Thread 0x000000005633d800 flushing nmethod 0x0000000002a18a10
Event: 34.926 loading class java/lang/Throwable$PrintStreamOrWriter done
Event: 34.926 loading class java/lang/Throwable$WrappedPrintStream done
Event: 34.927 Thread 0x00000000564cf800 Thread exited: 0x00000000564cf800
Event: 34.927 Executing VM operation: Exit


Dynamic libraries:
0x000000013fb90000 - 0x000000013fbc7000 	C:\Program Files\Java\jdk1.8.0_102\jre\bin\java.exe
0x0000000077cb0000 - 0x0000000077e4f000 	C:\Windows\SYSTEM32\ntdll.dll
0x0000000077b90000 - 0x0000000077caf000 	C:\Windows\system32\kernel32.dll
0x000007fefd900000 - 0x000007fefd96a000 	C:\Windows\system32\KERNELBASE.dll
0x000007fefdeb0000 - 0x000007fefdf8b000 	C:\Windows\system32\ADVAPI32.dll
0x000007fefe850000 - 0x000007fefe8ef000 	C:\Windows\system32\msvcrt.dll
0x000007fefe600000 - 0x000007fefe61f000 	C:\Windows\SYSTEM32\sechost.dll
0x000007fefdc60000 - 0x000007fefdd8d000 	C:\Windows\system32\RPCRT4.dll
0x0000000077a90000 - 0x0000000077b8a000 	C:\Windows\system32\USER32.dll
0x000007fefeaf0000 - 0x000007fefeb57000 	C:\Windows\system32\GDI32.dll
0x000007fefeae0000 - 0x000007fefeaee000 	C:\Windows\system32\LPK.dll
0x000007fefea10000 - 0x000007fefeadb000 	C:\Windows\system32\USP10.dll
0x000007fefa780000 - 0x000007fefa974000 	C:\Windows\WinSxS\amd64_microsoft.windows.common-controls_6595b64144ccf1df_6.0.7601.18837_none_fa3b1e3d17594757\COMCTL32.dll
0x000007fefe470000 - 0x000007fefe4e1000 	C:\Windows\system32\SHLWAPI.dll
0x000007fefe4f0000 - 0x000007fefe51e000 	C:\Windows\system32\IMM32.DLL
0x000007fefe900000 - 0x000007fefea09000 	C:\Windows\system32\MSCTF.dll
0x000000006d7a0000 - 0x000000006d871000 	C:\Program Files\Java\jdk1.8.0_102\jre\bin\msvcr100.dll
0x000000006ca40000 - 0x000000006d2da000 	C:\Program Files\Java\jdk1.8.0_102\jre\bin\server\jvm.dll
0x000007feefca0000 - 0x000007feefca9000 	C:\Windows\system32\WSOCK32.dll
0x000007fefe620000 - 0x000007fefe66d000 	C:\Windows\system32\WS2_32.dll
0x000007fefe8f0000 - 0x000007fefe8f8000 	C:\Windows\system32\NSI.dll
0x000007fefc630000 - 0x000007fefc66b000 	C:\Windows\system32\WINMM.dll
0x000007fefc5a0000 - 0x000007fefc5ac000 	C:\Windows\system32\VERSION.dll
0x0000000077e60000 - 0x0000000077e67000 	C:\Windows\system32\PSAPI.DLL
0x0000000072960000 - 0x000000007296f000 	C:\Program Files\Java\jdk1.8.0_102\jre\bin\verify.dll
0x0000000072910000 - 0x0000000072939000 	C:\Program Files\Java\jdk1.8.0_102\jre\bin\java.dll
0x00000000728f0000 - 0x0000000072906000 	C:\Program Files\Java\jdk1.8.0_102\jre\bin\zip.dll
0x000007feff210000 - 0x000007fefff9a000 	C:\Windows\system32\SHELL32.dll
0x000007feff010000 - 0x000007feff20f000 	C:\Windows\system32\ole32.dll
0x000007fefd800000 - 0x000007fefd80f000 	C:\Windows\system32\profapi.dll
0x000007fee76c0000 - 0x000007fee77af000 	C:\Program Files\Java\jdk1.8.0_102\jre\bin\msvcr120.dll
0x000007feedd40000 - 0x000007feedde6000 	C:\Program Files\Java\jdk1.8.0_102\jre\bin\msvcp120.dll
0x0000000072b60000 - 0x0000000072b82000 	C:\Program Files\Java\jdk1.8.0_102\jre\bin\prism_d3d.dll
0x000007fee6ea0000 - 0x000007fee709f000 	C:\Windows\system32\d3d9.dll
0x000007fefa6a0000 - 0x000007fefa6a7000 	C:\Windows\system32\d3d8thk.dll
0x000007fef9990000 - 0x000007fef99a8000 	C:\Windows\system32\dwmapi.dll
0x000007fefa470000 - 0x000007fefa4c6000 	C:\Windows\system32\uxtheme.dll
0x000000006ea90000 - 0x000000006ead3000 	C:\Program Files\Java\jdk1.8.0_102\jre\bin\glass.dll
0x000007fefdbc0000 - 0x000007fefdc57000 	C:\Windows\system32\COMDLG32.dll
0x000007fefe520000 - 0x000007fefe5fa000 	C:\Windows\system32\OLEAUT32.dll
0x000007fefd660000 - 0x000007fefd66f000 	C:\Windows\system32\CRYPTBASE.dll
0x0000000072d00000 - 0x0000000072d14000 	C:\Program Files\Java\jdk1.8.0_102\jre\bin\javafx_font.dll
0x000007feefa50000 - 0x000007feefbe7000 	C:\Windows\system32\dwrite.dll
0x000007fefdd90000 - 0x000007fefde29000 	C:\Windows\system32\CLBCatQ.DLL
0x000007fef94c0000 - 0x000007fef9621000 	C:\Windows\system32\WindowsCodecs.dll
0x000007fefd600000 - 0x000007fefd657000 	C:\Windows\system32\apphelp.dll
0x000007fef0fa0000 - 0x000007fef0fa9000 	C:\Program Files (x86)\Internet Download Manager\IDMShellExt64.dll
0x000007fef0ee0000 - 0x000007fef0f40000 	C:\Program Files (x86)\Dropbox\Client\DropboxExt64.26.0.dll
0x000007fef0ed0000 - 0x000007fef0ed3000 	C:\Windows\system32\api-ms-win-core-synch-l1-2-0.DLL
0x000007fefe670000 - 0x000007fefe847000 	C:\Windows\system32\SETUPAPI.dll
0x000007fefd9f0000 - 0x000007fefda26000 	C:\Windows\system32\CFGMGR32.dll
0x000007fefd9b0000 - 0x000007fefd9ca000 	C:\Windows\system32\DEVOBJ.dll
0x000007fefa4d0000 - 0x000007fefa5fc000 	C:\Windows\system32\propsys.dll
0x000007fefc2d0000 - 0x000007fefc2fd000 	C:\Windows\system32\ntmarta.dll
0x000007fefdfb0000 - 0x000007fefe002000 	C:\Windows\system32\WLDAP32.dll
0x000007fef1c40000 - 0x000007fef1c5f000 	C:\Windows\system32\thumbcache.dll
0x000007fef0d70000 - 0x000007fef0ddb000 	C:\Windows\system32\PhotoMetadataHandler.dll
0x000007fef0d30000 - 0x000007fef0d65000 	C:\Windows\system32\EhStorShell.dll
0x000007feedd10000 - 0x000007feedd3d000 	C:\Program Files\Common Files\Microsoft Shared\Ink\rtscom.dll
0x00000000560a0000 - 0x0000000056105000 	C:\Program Files\WIDCOMM\Bluetooth Software\btmmhook.dll
0x0000000072b90000 - 0x0000000072bb3000 	C:\Program Files\Java\jdk1.8.0_102\jre\bin\javafx_iio.dll
0x0000000072b40000 - 0x0000000072b51000 	C:\Program Files\Java\jdk1.8.0_102\jre\bin\prism_common.dll
0x000007fef4a70000 - 0x000007fef4b95000 	C:\Windows\system32\dbghelp.dll

VM Arguments:
jvm_args: -Dfile.encoding=UTF-8 
java_command: C:\Users\MuhannadT\Desktop\FXApplication\dist\run1947330042\FXApplication.jar
java_class_path (initial): C:\Users\MuhannadT\Desktop\FXApplication\dist\run1947330042\FXApplication.jar
Launcher Type: SUN_STANDARD

Environment Variables:
PATH=C:\Program Files (x86)\ActiveState Komodo IDE 11\;C:\Program Files (x86)\NVIDIA Corporation\PhysX\Common;C:\ProgramData\Oracle\Java\javapath;C:\Windows\system32;C:\Windows;C:\Windows\System32\Wbem;C:\Windows\System32\WindowsPowerShell\v1.0\;C:\Program Files\WIDCOMM\Bluetooth Software\;C:\Program Files\WIDCOMM\Bluetooth Software\syswow64;c:\Program Files (x86)\ATI Technologies\ATI.ACE\Core-Static;C:\Program Files (x86)\Common Files\Roxio Shared\10.0\DLLShared\;C:\Program Files (x86)\Common Files\Roxio Shared\DLLShared\;C:\Program Files\Microsoft SQL Server\110\Tools\Binn\
USERNAME=MuhannadT
OS=Windows_NT
PROCESSOR_IDENTIFIER=Intel64 Family 6 Model 37 Stepping 2, GenuineIntel



---------------  S Y S T E M  ---------------

OS: Windows 7 , 64 bit Build 7601 (6.1.7601.24291)

CPU:total 4 (2 cores per cpu, 2 threads per core) family 6 model 37 stepping 2, cmov, cx8, fxsr, mmx, sse, sse2, sse3, ssse3, sse4.1, sse4.2, popcnt, ht, tsc, tscinvbit

Memory: 4k page, physical 4044900k(1397356k free), swap 8087896k(4356432k free)

vm_info: Java HotSpot(TM) 64-Bit Server VM (25.102-b14) for windows-amd64 JRE (1.8.0_102-b14), built on Jun 22 2016 13:15:21 by "java_re" with MS VC++ 10.0 (VS2010)

time: Sun Dec 09 13:59:39 2018
elapsed time: 35 seconds (0d 0h 0m 35s)

