#
# A fatal error has been detected by the Java Runtime Environment:
#
#  EXCEPTION_ACCESS_VIOLATION (0xc0000005) at pc=0x000000005cf0584a, pid=4420, tid=0x0000000000000374
#
# JRE version: Java(TM) SE Runtime Environment (8.0_102-b14) (build 1.8.0_102-b14)
# Java VM: Java HotSpot(TM) 64-Bit Server VM (25.102-b14 mixed mode windows-amd64 compressed oops)
# Problematic frame:
# C  [glass.dll+0x2584a]
#
# Failed to write core dump. Minidumps are not enabled by default on client versions of Windows
#
# If you would like to submit a bug report, please visit:
#   http://bugreport.java.com/bugreport/crash.jsp
#

---------------  T H R E A D  ---------------

Current thread (0x00000000552bb000):  VMThread [stack: 0x0000000056150000,0x0000000056250000] [id=884]

siginfo: ExceptionCode=0xc0000005, reading address 0x0000000000000000

Registers:
RAX=0x0000000000000000, RBX=0x00000000551fc428, RCX=0x00000000552bb000, RDX=0x00000000551fc428
RSP=0x000000005624f680, RBP=0x000000000046e8e0, RSI=0x0000000000000001, RDI=0x0000000000000000
R8 =0x0000000000010002, R9 =0x000000000046e8e0, R10=0x0000000000000000, R11=0x0000000000000286
R12=0x000000000046e910, R13=0x000000000046e8e0, R14=0x000000000046e8f0, R15=0x0000000000000000
RIP=0x000000005cf0584a, EFLAGS=0x0000000000010206

Top of Stack: (sp=0x000000005624f680)
0x000000005624f680:   0000000000000000 000000005cf05900
0x000000005624f690:   0000000000000000 000007fefd4c6800
0x000000005624f6a0:   000000005cf05830 000000005cf03224
0x000000005624f6b0:   000000005cf05a60 0000000095bc277a
0x000000005624f6c0:   0000000000000001 000007fefd95b3ea
0x000000005624f6d0:   0000000077c62e70 000000005cee0000
0x000000005624f6e0:   000007fffffae000 000000005cf034a6
0x000000005624f6f0:   0000000000000001 00000000551a5500
0x000000005624f700:   0000000000000000 000007fffffd5000
0x000000005624f710:   c000000500000001 000000005624e970
0x000000005624f720:   0000000077c5ba58 0000000077b6778b
0x000000005624f730:   000000000045abe0 000000000045ade0
0x000000005624f740:   000000005cf03384 0000000000491470
0x000000005624f750:   0000000000000000 0000000000000000
0x000000005624f760:   0000000000000000 0000000000000000
0x000000005624f770:   000000000330032e 0000000000413014 

Instructions: (pc=0x000000005cf0584a)
0x000000005cf0582a:   83 c4 20 5d c3 cc 40 53 48 83 ec 20 48 8b 1d cb
0x000000005cf0583a:   5b 01 00 48 85 db 74 1a e8 19 93 ff ff 48 8b d3
0x000000005cf0584a:   4c 8b 00 48 8b c8 48 83 c4 20 5b 49 ff a0 b0 00
0x000000005cf0585a:   00 00 48 83 c4 20 5b c3 cc cc cc cc cc cc cc cc 


Register to memory mapping:

RAX=0x0000000000000000 is an unknown value
RBX=0x00000000551fc428 is a global jni handle
RCX=0x00000000552bb000 is an unknown value
RDX=0x00000000551fc428 is a global jni handle
RSP=0x000000005624f680 is an unknown value
RBP=0x000000000046e8e0 is an unknown value
RSI=0x0000000000000001 is an unknown value
RDI=0x0000000000000000 is an unknown value
R8 =0x0000000000010002 is an unknown value
R9 =0x000000000046e8e0 is an unknown value
R10=0x0000000000000000 is an unknown value
R11=0x0000000000000286 is an unknown value
R12=0x000000000046e910 is an unknown value
R13=0x000000000046e8e0 is an unknown value
R14=0x000000000046e8f0 is an unknown value
R15=0x0000000000000000 is an unknown value


Stack: [0x0000000056150000,0x0000000056250000],  sp=0x000000005624f680,  free space=1021k
Native frames: (J=compiled Java code, j=interpreted, Vv=VM code, C=native code)
C  [glass.dll+0x2584a]
C  [glass.dll+0x23224]
C  [glass.dll+0x234a6]
C  [ntdll.dll+0x3778b]
C  [ntdll.dll+0x3c1e0]
C  [msvcr100.dll+0x20cb9]
V  [jvm.dll+0x212a05]
V  [jvm.dll+0x24b647]
V  [jvm.dll+0x24a8e6]
V  [jvm.dll+0x24ad81]
V  [jvm.dll+0x24af9e]
V  [jvm.dll+0x29c03a]
C  [msvcr100.dll+0x21d7b]
C  [msvcr100.dll+0x21e17]
C  [kernel32.dll+0x159cd]
C  [ntdll.dll+0x5385d]

VM_Operation (0x00000000583971c0): Exit, mode: safepoint, requested by thread 0x000000005756c000


---------------  P R O C E S S  ---------------

Java Threads: ( => current thread )
  0x000000005788a800 JavaThread "Glass/Prism Shutdown Hook" [_thread_blocked, id=3232, stack(0x000000005cc20000,0x000000005cd20000)]
  0x00000000577d2800 JavaThread "Thread-4" [_thread_blocked, id=9352, stack(0x000000005cda0000,0x000000005cea0000)]
  0x0000000057839800 JavaThread "Prism Font Disposer" daemon [_thread_blocked, id=8132, stack(0x000000005c6f0000,0x000000005c7f0000)]
  0x00000000575b1800 JavaThread "JavaFX-Launcher" [_thread_blocked, id=7884, stack(0x000000005a4d0000,0x000000005a5d0000)]
  0x0000000057603800 JavaThread "Thread-2" daemon [_thread_in_native, id=6116, stack(0x000000005a600000,0x000000005a700000)]
  0x000000005756c000 JavaThread "JavaFX Application Thread" [_thread_blocked, id=5776, stack(0x00000000582a0000,0x00000000583a0000)]
  0x0000000057564800 JavaThread "Thread-1" daemon [_thread_blocked, id=3056, stack(0x00000000583f0000,0x00000000584f0000)]
  0x0000000057547800 JavaThread "QuantumRenderer-0" daemon [_thread_blocked, id=9952, stack(0x0000000057d30000,0x0000000057e30000)]
  0x0000000056713000 JavaThread "Service Thread" daemon [_thread_blocked, id=4448, stack(0x0000000057230000,0x0000000057330000)]
  0x000000005532e000 JavaThread "C1 CompilerThread2" daemon [_thread_blocked, id=3864, stack(0x00000000570e0000,0x00000000571e0000)]
  0x000000005532d000 JavaThread "C2 CompilerThread1" daemon [_thread_blocked, id=7748, stack(0x0000000056e60000,0x0000000056f60000)]
  0x0000000056679800 JavaThread "C2 CompilerThread0" daemon [_thread_blocked, id=10012, stack(0x0000000056ab0000,0x0000000056bb0000)]
  0x0000000055328000 JavaThread "Attach Listener" daemon [_thread_blocked, id=8400, stack(0x0000000056d60000,0x0000000056e60000)]
  0x0000000055327800 JavaThread "Signal Dispatcher" daemon [_thread_blocked, id=5232, stack(0x0000000056bb0000,0x0000000056cb0000)]
  0x000000005530a000 JavaThread "Finalizer" daemon [_thread_blocked, id=3272, stack(0x0000000056570000,0x0000000056670000)]
  0x00000000552c3000 JavaThread "Reference Handler" daemon [_thread_blocked, id=6692, stack(0x0000000056330000,0x0000000056430000)]
  0x000000000015e000 JavaThread "main" [_thread_blocked, id=7332, stack(0x0000000002510000,0x0000000002610000)]

Other Threads:
=>0x00000000552bb000 VMThread [stack: 0x0000000056150000,0x0000000056250000] [id=884]

VM state:at safepoint (shutting down)

VM Mutex/Monitor currently owned by a thread:  ([mutex/lock_event])
[0x000000000015c400] Threads_lock - owner thread: 0x00000000552bb000

Heap:
 PSYoungGen      total 26624K, used 5744K [0x00000000eb700000, 0x00000000ee900000, 0x0000000100000000)
  eden space 16384K, 5% used [0x00000000eb700000,0x00000000eb7de578,0x00000000ec700000)
  from space 10240K, 47% used [0x00000000ed080000,0x00000000ed53de80,0x00000000eda80000)
  to   space 9728K, 0% used [0x00000000ec700000,0x00000000ec700000,0x00000000ed080000)
 ParOldGen       total 42496K, used 16154K [0x00000000c2400000, 0x00000000c4d80000, 0x00000000eb700000)
  object space 42496K, 38% used [0x00000000c2400000,0x00000000c33c6bc0,0x00000000c4d80000)
 Metaspace       used 15724K, capacity 16420K, committed 16768K, reserved 1062912K
  class space    used 2114K, capacity 2306K, committed 2432K, reserved 1048576K

Card table byte_map: [0x0000000011ca0000,0x0000000011e90000] byte_map_base: 0x000000001168e000

Marking Bits: (ParMarkBitMap*) 0x000000005f27a6c0
 Begin Bits: [0x0000000012860000, 0x00000000137d0000)
 End Bits:   [0x00000000137d0000, 0x0000000014740000)

Polling page: 0x0000000000130000

CodeCache: size=245760Kb used=11114Kb max_used=11158Kb free=234645Kb
 bounds [0x00000000028e0000, 0x00000000033d0000, 0x00000000118e0000]
 total_blobs=4025 nmethods=3384 adapters=553
 compilation: enabled

Compilation events (10 events):
Event: 19.546 Thread 0x000000005532e000 nmethod 3380 0x000000000339b450 code [0x000000000339b5a0, 0x000000000339b6b0]
Event: 19.551 Thread 0x000000005532e000 3381       1       com.sun.javafx.font.directwrite.DWFontFile::getFontFace (5 bytes)
Event: 19.551 Thread 0x000000005532e000 nmethod 3381 0x00000000033a8010 code [0x00000000033a8160, 0x00000000033a8270]
Event: 20.058 Thread 0x000000005532e000 3382       3       com.sun.javafx.util.Logging::getInputLogger (18 bytes)
Event: 20.058 Thread 0x000000005532e000 nmethod 3382 0x00000000033a7c10 code [0x00000000033a7d80, 0x00000000033a7f68]
Event: 20.093 Thread 0x000000005532e000 3383       3       javafx.scene.layout.Region::impl_pickNodeLocal (74 bytes)
Event: 20.094 Thread 0x000000005532e000 nmethod 3383 0x00000000033a6e90 code [0x00000000033a7080, 0x00000000033a7958]
Event: 20.231 Thread 0x0000000056679800 nmethod 3375 0x00000000033b3850 code [0x00000000033b4160, 0x00000000033be5a0]
Event: 20.959 Thread 0x000000005532e000 3384       3       javafx.scene.Node::focusedPropertyImpl (24 bytes)
Event: 20.959 Thread 0x000000005532e000 nmethod 3384 0x00000000033a6710 code [0x00000000033a68a0, 0x00000000033a6c90]

GC Heap History (10 events):
Event: 2.763 GC heap before
{Heap before GC invocations=2 (full 0):
 PSYoungGen      total 18432K, used 16588K [0x00000000eb700000, 0x00000000edb00000, 0x0000000100000000)
  eden space 15872K, 88% used [0x00000000eb700000,0x00000000ec4b7090,0x00000000ec680000)
  from space 2560K, 99% used [0x00000000ec680000,0x00000000ec8fc030,0x00000000ec900000)
  to   space 2560K, 0% used [0x00000000ed880000,0x00000000ed880000,0x00000000edb00000)
 ParOldGen       total 42496K, used 189K [0x00000000c2400000, 0x00000000c4d80000, 0x00000000eb700000)
  object space 42496K, 0% used [0x00000000c2400000,0x00000000c242f4f0,0x00000000c4d80000)
 Metaspace       used 13288K, capacity 13942K, committed 14208K, reserved 1060864K
  class space    used 1861K, capacity 2059K, committed 2176K, reserved 1048576K
Event: 2.773 GC heap after
Heap after GC invocations=2 (full 0):
 PSYoungGen      total 18432K, used 2543K [0x00000000eb700000, 0x00000000edb00000, 0x0000000100000000)
  eden space 15872K, 0% used [0x00000000eb700000,0x00000000eb700000,0x00000000ec680000)
  from space 2560K, 99% used [0x00000000ed880000,0x00000000edafbce0,0x00000000edb00000)
  to   space 2560K, 0% used [0x00000000ec680000,0x00000000ec680000,0x00000000ec900000)
 ParOldGen       total 42496K, used 5527K [0x00000000c2400000, 0x00000000c4d80000, 0x00000000eb700000)
  object space 42496K, 13% used [0x00000000c2400000,0x00000000c2965ef8,0x00000000c4d80000)
 Metaspace       used 13288K, capacity 13942K, committed 14208K, reserved 1060864K
  class space    used 1861K, capacity 2059K, committed 2176K, reserved 1048576K
}
Event: 11.780 GC heap before
{Heap before GC invocations=3 (full 0):
 PSYoungGen      total 18432K, used 18415K [0x00000000eb700000, 0x00000000edb00000, 0x0000000100000000)
  eden space 15872K, 100% used [0x00000000eb700000,0x00000000ec680000,0x00000000ec680000)
  from space 2560K, 99% used [0x00000000ed880000,0x00000000edafbce0,0x00000000edb00000)
  to   space 2560K, 0% used [0x00000000ec680000,0x00000000ec680000,0x00000000ec900000)
 ParOldGen       total 42496K, used 5527K [0x00000000c2400000, 0x00000000c4d80000, 0x00000000eb700000)
  object space 42496K, 13% used [0x00000000c2400000,0x00000000c2965ef8,0x00000000c4d80000)
 Metaspace       used 15275K, capacity 15996K, committed 16128K, reserved 1062912K
  class space    used 2108K, capacity 2302K, committed 2304K, reserved 1048576K
Event: 11.810 GC heap after
Heap after GC invocations=3 (full 0):
 PSYoungGen      total 18432K, used 2559K [0x00000000eb700000, 0x00000000ed900000, 0x0000000100000000)
  eden space 15872K, 0% used [0x00000000eb700000,0x00000000eb700000,0x00000000ec680000)
  from space 2560K, 99% used [0x00000000ec680000,0x00000000ec8ffcf0,0x00000000ec900000)
  to   space 2560K, 0% used [0x00000000ed680000,0x00000000ed680000,0x00000000ed900000)
 ParOldGen       total 42496K, used 11517K [0x00000000c2400000, 0x00000000c4d80000, 0x00000000eb700000)
  object space 42496K, 27% used [0x00000000c2400000,0x00000000c2f3f738,0x00000000c4d80000)
 Metaspace       used 15275K, capacity 15996K, committed 16128K, reserved 1062912K
  class space    used 2108K, capacity 2302K, committed 2304K, reserved 1048576K
}
Event: 14.514 GC heap before
{Heap before GC invocations=4 (full 0):
 PSYoungGen      total 18432K, used 18431K [0x00000000eb700000, 0x00000000ed900000, 0x0000000100000000)
  eden space 15872K, 100% used [0x00000000eb700000,0x00000000ec680000,0x00000000ec680000)
  from space 2560K, 99% used [0x00000000ec680000,0x00000000ec8ffcf0,0x00000000ec900000)
  to   space 2560K, 0% used [0x00000000ed680000,0x00000000ed680000,0x00000000ed900000)
 ParOldGen       total 42496K, used 11517K [0x00000000c2400000, 0x00000000c4d80000, 0x00000000eb700000)
  object space 42496K, 27% used [0x00000000c2400000,0x00000000c2f3f738,0x00000000c4d80000)
 Metaspace       used 15568K, capacity 16316K, committed 16384K, reserved 1062912K
  class space    used 2108K, capacity 2302K, committed 2304K, reserved 1048576K
Event: 14.543 GC heap after
Heap after GC invocations=4 (full 0):
 PSYoungGen      total 18432K, used 2543K [0x00000000eb700000, 0x00000000ed900000, 0x0000000100000000)
  eden space 15872K, 0% used [0x00000000eb700000,0x00000000eb700000,0x00000000ec680000)
  from space 2560K, 99% used [0x00000000ed680000,0x00000000ed8fbce0,0x00000000ed900000)
  to   space 2560K, 0% used [0x00000000ec680000,0x00000000ec680000,0x00000000ec900000)
 ParOldGen       total 42496K, used 13826K [0x00000000c2400000, 0x00000000c4d80000, 0x00000000eb700000)
  object space 42496K, 32% used [0x00000000c2400000,0x00000000c3180a10,0x00000000c4d80000)
 Metaspace       used 15568K, capacity 16316K, committed 16384K, reserved 1062912K
  class space    used 2108K, capacity 2302K, committed 2304K, reserved 1048576K
}
Event: 15.736 GC heap before
{Heap before GC invocations=5 (full 0):
 PSYoungGen      total 18432K, used 18415K [0x00000000eb700000, 0x00000000ed900000, 0x0000000100000000)
  eden space 15872K, 100% used [0x00000000eb700000,0x00000000ec680000,0x00000000ec680000)
  from space 2560K, 99% used [0x00000000ed680000,0x00000000ed8fbce0,0x00000000ed900000)
  to   space 2560K, 0% used [0x00000000ec680000,0x00000000ec680000,0x00000000ec900000)
 ParOldGen       total 42496K, used 13826K [0x00000000c2400000, 0x00000000c4d80000, 0x00000000eb700000)
  object space 42496K, 32% used [0x00000000c2400000,0x00000000c3180a10,0x00000000c4d80000)
 Metaspace       used 15611K, capacity 16320K, committed 16384K, reserved 1062912K
  class space    used 2108K, capacity 2302K, committed 2304K, reserved 1048576K
Event: 15.754 GC heap after
Heap after GC invocations=5 (full 0):
 PSYoungGen      total 18432K, used 2543K [0x00000000eb700000, 0x00000000eda80000, 0x0000000100000000)
  eden space 15872K, 0% used [0x00000000eb700000,0x00000000eb700000,0x00000000ec680000)
  from space 2560K, 99% used [0x00000000ec680000,0x00000000ec8fbd00,0x00000000ec900000)
  to   space 10240K, 0% used [0x00000000ed080000,0x00000000ed080000,0x00000000eda80000)
 ParOldGen       total 42496K, used 16154K [0x00000000c2400000, 0x00000000c4d80000, 0x00000000eb700000)
  object space 42496K, 38% used [0x00000000c2400000,0x00000000c33c6bc0,0x00000000c4d80000)
 Metaspace       used 15611K, capacity 16320K, committed 16384K, reserved 1062912K
  class space    used 2108K, capacity 2302K, committed 2304K, reserved 1048576K
}
Event: 17.492 GC heap before
{Heap before GC invocations=6 (full 0):
 PSYoungGen      total 18432K, used 18415K [0x00000000eb700000, 0x00000000eda80000, 0x0000000100000000)
  eden space 15872K, 100% used [0x00000000eb700000,0x00000000ec680000,0x00000000ec680000)
  from space 2560K, 99% used [0x00000000ec680000,0x00000000ec8fbd00,0x00000000ec900000)
  to   space 10240K, 0% used [0x00000000ed080000,0x00000000ed080000,0x00000000eda80000)
 ParOldGen       total 42496K, used 16154K [0x00000000c2400000, 0x00000000c4d80000, 0x00000000eb700000)
  object space 42496K, 38% used [0x00000000c2400000,0x00000000c33c6bc0,0x00000000c4d80000)
 Metaspace       used 15673K, capacity 16392K, committed 16640K, reserved 1062912K
  class space    used 2108K, capacity 2302K, committed 2304K, reserved 1048576K
Event: 17.517 GC heap after
Heap after GC invocations=6 (full 0):
 PSYoungGen      total 26624K, used 4855K [0x00000000eb700000, 0x00000000ee900000, 0x0000000100000000)
  eden space 16384K, 0% used [0x00000000eb700000,0x00000000eb700000,0x00000000ec700000)
  from space 10240K, 47% used [0x00000000ed080000,0x00000000ed53de80,0x00000000eda80000)
  to   space 9728K, 0% used [0x00000000ec700000,0x00000000ec700000,0x00000000ed080000)
 ParOldGen       total 42496K, used 16154K [0x00000000c2400000, 0x00000000c4d80000, 0x00000000eb700000)
  object space 42496K, 38% used [0x00000000c2400000,0x00000000c33c6bc0,0x00000000c4d80000)
 Metaspace       used 15673K, capacity 16392K, committed 16640K, reserved 1062912K
  class space    used 2108K, capacity 2302K, committed 2304K, reserved 1048576K
}

Deoptimization events (10 events):
Event: 19.501 Thread 0x000000005756c000 Uncommon trap: reason=unstable_if action=reinterpret pc=0x00000000032081d4 method=javafx.scene.control.Control.getCssMetaData()Ljava/util/List; @ 88
Event: 19.505 Thread 0x000000005756c000 Uncommon trap: reason=class_check action=maybe_recompile pc=0x000000000313e9ec method=javafx.scene.Node.processCSS()V @ 100
Event: 19.505 Thread 0x000000005756c000 Uncommon trap: reason=unstable_if action=reinterpret pc=0x0000000003243154 method=java.util.HashMap.clear()V @ 16
Event: 19.506 Thread 0x000000005756c000 Uncommon trap: reason=null_check action=make_not_entrant pc=0x00000000031d45e4 method=javafx.scene.CssStyleHelper.getCachedFont(Ljavafx/css/Styleable;)Lcom/sun/javafx/css/CalculatedValue; @ 1
Event: 19.507 Thread 0x000000005756c000 Uncommon trap: reason=unstable_if action=reinterpret pc=0x00000000032e41e4 method=javafx.scene.text.Text.getTextLayout()Lcom/sun/javafx/scene/text/TextLayout; @ 29
Event: 19.530 Thread 0x000000005756c000 Uncommon trap: reason=bimorphic action=maybe_recompile pc=0x000000000313e9fc method=javafx.scene.Node.processCSS()V @ 56
Event: 19.531 Thread 0x000000005756c000 Uncommon trap: reason=unstable_if action=reinterpret pc=0x0000000002ef9adc method=javafx.scene.Node.updateBounds()V @ 106
Event: 19.531 Thread 0x000000005756c000 Uncommon trap: reason=unstable_if action=reinterpret pc=0x00000000030ed040 method=javafx.scene.Node.updateBounds()V @ 106
Event: 19.531 Thread 0x000000005756c000 Uncommon trap: reason=unstable_if action=reinterpret pc=0x00000000030ed040 method=javafx.scene.Node.updateBounds()V @ 106
Event: 19.531 Thread 0x000000005756c000 Uncommon trap: reason=unstable_if action=reinterpret pc=0x00000000030ed040 method=javafx.scene.Node.updateBounds()V @ 106

Internal exceptions (10 events):
Event: 0.261 Thread 0x000000000015e000 Exception <a 'java/security/PrivilegedActionException'> (0x00000000eb985fe8) thrown at [C:\re\workspace\8-2-build-windows-amd64-cygwin\jdk8u102\7268\hotspot\src\share\vm\prims\jvm.cpp, line 1386]
Event: 0.261 Thread 0x000000000015e000 Exception <a 'java/security/PrivilegedActionException'> (0x00000000eb9861f8) thrown at [C:\re\workspace\8-2-build-windows-amd64-cygwin\jdk8u102\7268\hotspot\src\share\vm\prims\jvm.cpp, line 1386]
Event: 0.261 Thread 0x000000000015e000 Exception <a 'java/lang/NullPointerException'> (0x00000000eb9867d0) thrown at [C:\re\workspace\8-2-build-windows-amd64-cygwin\jdk8u102\7268\hotspot\src\share\vm\interpreter\linkResolver.cpp, line 1178]
Event: 0.591 Thread 0x000000005756c000 Exception <a 'java/lang/NullPointerException'> (0x00000000ec0e95b0) thrown at [C:\re\workspace\8-2-build-windows-amd64-cygwin\jdk8u102\7268\hotspot\src\share\vm\interpreter\linkResolver.cpp, line 1178]
Event: 0.591 Thread 0x000000005756c000 Exception <a 'java/lang/NullPointerException'> (0x00000000ec0e95b0) thrown at [C:\re\workspace\8-2-build-windows-amd64-cygwin\jdk8u102\7268\hotspot\src\share\vm\prims\jvm.cpp, line 1390]
Event: 0.839 Thread 0x000000005756c000 Implicit null exception at 0x0000000002b361a5 to 0x0000000002b36371
Event: 19.501 Thread 0x000000005756c000 Implicit null exception at 0x00000000032076c6 to 0x00000000032081bd
Event: 19.505 Thread 0x000000005756c000 Implicit null exception at 0x00000000032430a6 to 0x0000000003243141
Event: 19.506 Thread 0x000000005756c000 Implicit null exception at 0x00000000031cd330 to 0x00000000031d45c1
Event: 21.033 Thread 0x000000005788a800 Exception <a 'java/lang/IllegalStateException'> (0x00000000eb7d6ee0) thrown at [C:\re\workspace\8-2-build-windows-amd64-cygwin\jdk8u102\7268\hotspot\src\share\vm\prims\jvm.cpp, line 1390]

Events (10 events):
Event: 21.029 loading class java/util/IdentityHashMap$IdentityHashMapIterator done
Event: 21.029 loading class java/util/IdentityHashMap$KeyIterator done
Event: 21.030 Thread 0x000000005788a800 Thread added: 0x000000005788a800
Event: 21.031 loading class com/sun/javafx/tk/quantum/QuantumRenderer
Event: 21.031 loading class com/sun/javafx/tk/quantum/QuantumRenderer done
Event: 21.032 loading class com/sun/javafx/tk/quantum/QuantumToolkit
Event: 21.032 loading class com/sun/javafx/tk/quantum/QuantumToolkit done
Event: 21.032 loading class java/util/LinkedList$ListItr
Event: 21.032 loading class java/util/LinkedList$ListItr done
Event: 21.033 Executing VM operation: Exit


Dynamic libraries:
0x000000013f760000 - 0x000000013f797000 	C:\Program Files\Java\jdk1.8.0_102\jre\bin\java.exe
0x0000000077b30000 - 0x0000000077ccf000 	C:\Windows\SYSTEM32\ntdll.dll
0x0000000077910000 - 0x0000000077a2f000 	C:\Windows\system32\kernel32.dll
0x000007fefd950000 - 0x000007fefd9ba000 	C:\Windows\system32\KERNELBASE.dll
0x000007fefe690000 - 0x000007fefe76b000 	C:\Windows\system32\ADVAPI32.dll
0x000007fefe100000 - 0x000007fefe19f000 	C:\Windows\system32\msvcrt.dll
0x000007fefe770000 - 0x000007fefe78f000 	C:\Windows\SYSTEM32\sechost.dll
0x000007fefda40000 - 0x000007fefdb6d000 	C:\Windows\system32\RPCRT4.dll
0x0000000077a30000 - 0x0000000077b2a000 	C:\Windows\system32\USER32.dll
0x000007fefe420000 - 0x000007fefe487000 	C:\Windows\system32\GDI32.dll
0x000007fefe1a0000 - 0x000007fefe1ae000 	C:\Windows\system32\LPK.dll
0x000007fefed10000 - 0x000007fefeddb000 	C:\Windows\system32\USP10.dll
0x000007fefa350000 - 0x000007fefa544000 	C:\Windows\WinSxS\amd64_microsoft.windows.common-controls_6595b64144ccf1df_6.0.7601.18837_none_fa3b1e3d17594757\COMCTL32.dll
0x000007feffda0000 - 0x000007feffe11000 	C:\Windows\system32\SHLWAPI.dll
0x000007feffb70000 - 0x000007feffb9e000 	C:\Windows\system32\IMM32.DLL
0x000007fefe790000 - 0x000007fefe899000 	C:\Windows\system32\MSCTF.dll
0x000000006a8e0000 - 0x000000006a9b1000 	C:\Program Files\Java\jdk1.8.0_102\jre\bin\msvcr100.dll
0x000000005ea60000 - 0x000000005f2fa000 	C:\Program Files\Java\jdk1.8.0_102\jre\bin\server\jvm.dll
0x000007feecc10000 - 0x000007feecc19000 	C:\Windows\system32\WSOCK32.dll
0x000007fefdbf0000 - 0x000007fefdc3d000 	C:\Windows\system32\WS2_32.dll
0x000007fefe0f0000 - 0x000007fefe0f8000 	C:\Windows\system32\NSI.dll
0x000007fefc4b0000 - 0x000007fefc4eb000 	C:\Windows\system32\WINMM.dll
0x000007fefc420000 - 0x000007fefc42c000 	C:\Windows\system32\VERSION.dll
0x0000000077cd0000 - 0x0000000077cd7000 	C:\Windows\system32\PSAPI.DLL
0x000000006cf60000 - 0x000000006cf6f000 	C:\Program Files\Java\jdk1.8.0_102\jre\bin\verify.dll
0x000000006ac40000 - 0x000000006ac69000 	C:\Program Files\Java\jdk1.8.0_102\jre\bin\java.dll
0x000000006ac20000 - 0x000000006ac36000 	C:\Program Files\Java\jdk1.8.0_102\jre\bin\zip.dll
0x000007fefede0000 - 0x000007feffb6a000 	C:\Windows\system32\SHELL32.dll
0x000007fefe490000 - 0x000007fefe68f000 	C:\Windows\system32\ole32.dll
0x000007fefd680000 - 0x000007fefd68f000 	C:\Windows\system32\profapi.dll
0x000007fef1860000 - 0x000007fef194f000 	C:\Program Files\Java\jdk1.8.0_102\jre\bin\msvcr120.dll
0x000007fee5bc0000 - 0x000007fee5c66000 	C:\Program Files\Java\jdk1.8.0_102\jre\bin\msvcp120.dll
0x000000006a570000 - 0x000000006a592000 	C:\Program Files\Java\jdk1.8.0_102\jre\bin\prism_d3d.dll
0x000007fee7870000 - 0x000007fee7a6f000 	C:\Windows\system32\d3d9.dll
0x000007fef0010000 - 0x000007fef0017000 	C:\Windows\system32\d3d8thk.dll
0x000007fef94e0000 - 0x000007fef94f8000 	C:\Windows\system32\dwmapi.dll
0x000007fef9ad0000 - 0x000007fef9b26000 	C:\Windows\system32\uxtheme.dll
0x000000006a0a0000 - 0x000000006a51b000 	C:\Windows\system32\atiumd64.dll
0x0000000069760000 - 0x00000000699f7000 	C:\Windows\system32\atiumd6a.dll
0x000000005cee0000 - 0x000000005cf23000 	C:\Program Files\Java\jdk1.8.0_102\jre\bin\glass.dll
0x000007fefe8a0000 - 0x000007fefe937000 	C:\Windows\system32\COMDLG32.dll
0x000007fefe340000 - 0x000007fefe41a000 	C:\Windows\system32\OLEAUT32.dll
0x000007fefd520000 - 0x000007fefd52f000 	C:\Windows\system32\CRYPTBASE.dll
0x000000006a550000 - 0x000000006a564000 	C:\Program Files\Java\jdk1.8.0_102\jre\bin\javafx_font.dll
0x000007feee1c0000 - 0x000007feee357000 	C:\Windows\system32\dwrite.dll
0x000007fefe9a0000 - 0x000007fefea39000 	C:\Windows\system32\CLBCatQ.DLL
0x000007fef9160000 - 0x000007fef92c1000 	C:\Windows\system32\WindowsCodecs.dll
0x000007fefd480000 - 0x000007fefd4d7000 	C:\Windows\system32\apphelp.dll
0x000007fef0830000 - 0x000007fef0839000 	C:\Program Files (x86)\Internet Download Manager\IDMShellExt64.dll
0x000007fef06b0000 - 0x000007fef0710000 	C:\Program Files (x86)\Dropbox\Client\DropboxExt64.26.0.dll
0x000007fef06a0000 - 0x000007fef06a3000 	C:\Windows\system32\api-ms-win-core-synch-l1-2-0.DLL
0x000007feffbc0000 - 0x000007feffd97000 	C:\Windows\system32\SETUPAPI.dll
0x000007fefd9d0000 - 0x000007fefda06000 	C:\Windows\system32\CFGMGR32.dll
0x000007fefd6c0000 - 0x000007fefd6da000 	C:\Windows\system32\DEVOBJ.dll
0x000007fef9f80000 - 0x000007fefa0ac000 	C:\Windows\system32\propsys.dll
0x000007fefc150000 - 0x000007fefc17d000 	C:\Windows\system32\ntmarta.dll
0x000007fefe940000 - 0x000007fefe992000 	C:\Windows\system32\WLDAP32.dll
0x000007feefc90000 - 0x000007feefcaf000 	C:\Windows\system32\thumbcache.dll
0x000007feefc20000 - 0x000007feefc8b000 	C:\Windows\system32\PhotoMetadataHandler.dll
0x000007feefbe0000 - 0x000007feefc15000 	C:\Windows\system32\EhStorShell.dll
0x000007fef1800000 - 0x000007fef182d000 	C:\Program Files\Common Files\Microsoft Shared\Ink\rtscom.dll
0x0000000056250000 - 0x00000000562b5000 	C:\Program Files\WIDCOMM\Bluetooth Software\btmmhook.dll
0x000000005ceb0000 - 0x000000005ced3000 	C:\Program Files\Java\jdk1.8.0_102\jre\bin\javafx_iio.dll
0x0000000068560000 - 0x0000000068571000 	C:\Program Files\Java\jdk1.8.0_102\jre\bin\prism_common.dll
0x000007fef7040000 - 0x000007fef7165000 	C:\Windows\system32\dbghelp.dll

VM Arguments:
jvm_args: -Dfile.encoding=UTF-8 
java_command: C:\Users\MuhannadT\Desktop\FXApplication\dist\run1315417423\FXApplication.jar
java_class_path (initial): C:\Users\MuhannadT\Desktop\FXApplication\dist\run1315417423\FXApplication.jar
Launcher Type: SUN_STANDARD

Environment Variables:
PATH=C:\Program Files (x86)\ActiveState Komodo IDE 11\;C:\Program Files (x86)\NVIDIA Corporation\PhysX\Common;C:\ProgramData\Oracle\Java\javapath;C:\Windows\system32;C:\Windows;C:\Windows\System32\Wbem;C:\Windows\System32\WindowsPowerShell\v1.0\;C:\Program Files\WIDCOMM\Bluetooth Software\;C:\Program Files\WIDCOMM\Bluetooth Software\syswow64;c:\Program Files (x86)\ATI Technologies\ATI.ACE\Core-Static;C:\Program Files (x86)\Common Files\Roxio Shared\10.0\DLLShared\;C:\Program Files (x86)\Common Files\Roxio Shared\DLLShared\;C:\Program Files\Microsoft SQL Server\110\Tools\Binn\
USERNAME=MuhannadT
OS=Windows_NT
PROCESSOR_IDENTIFIER=Intel64 Family 6 Model 37 Stepping 2, GenuineIntel



---------------  S Y S T E M  ---------------

OS: Windows 7 , 64 bit Build 7601 (6.1.7601.24291)

CPU:total 4 (2 cores per cpu, 2 threads per core) family 6 model 37 stepping 2, cmov, cx8, fxsr, mmx, sse, sse2, sse3, ssse3, sse4.1, sse4.2, popcnt, ht, tsc, tscinvbit

Memory: 4k page, physical 4044900k(971296k free), swap 8087896k(3784264k free)

vm_info: Java HotSpot(TM) 64-Bit Server VM (25.102-b14) for windows-amd64 JRE (1.8.0_102-b14), built on Jun 22 2016 13:15:21 by "java_re" with MS VC++ 10.0 (VS2010)

time: Mon Dec 10 17:09:40 2018
elapsed time: 21 seconds (0d 0h 0m 21s)

