#
# A fatal error has been detected by the Java Runtime Environment:
#
#  EXCEPTION_ACCESS_VIOLATION (0xc0000005) at pc=0x000000006b86584a, pid=7512, tid=0x0000000000000c50
#
# JRE version: Java(TM) SE Runtime Environment (8.0_102-b14) (build 1.8.0_102-b14)
# Java VM: Java HotSpot(TM) 64-Bit Server VM (25.102-b14 mixed mode windows-amd64 compressed oops)
# Problematic frame:
# C  [glass.dll+0x2584a]
#
# Failed to write core dump. Minidumps are not enabled by default on client versions of Windows
#
# If you would like to submit a bug report, please visit:
#   http://bugreport.java.com/bugreport/crash.jsp
#

---------------  T H R E A D  ---------------

Current thread (0x0000000054e3e800):  VMThread [stack: 0x0000000055de0000,0x0000000055ee0000] [id=3152]

siginfo: ExceptionCode=0xc0000005, reading address 0x0000000000000000

Registers:
RAX=0x0000000000000000, RBX=0x0000000054d7c160, RCX=0x0000000054e3e800, RDX=0x0000000054d7c160
RSP=0x0000000055edf190, RBP=0x000000000034e8e0, RSI=0x0000000000000001, RDI=0x0000000000000000
R8 =0x0000000000010002, R9 =0x000000000034e8e0, R10=0x0000000000000000, R11=0x0000000000000286
R12=0x000000000034e910, R13=0x000000000034e8e0, R14=0x000000000034e8f0, R15=0x0000000000000000
RIP=0x000000006b86584a, EFLAGS=0x0000000000010206

Top of Stack: (sp=0x0000000055edf190)
0x0000000055edf190:   0000000000000000 000000006b865900
0x0000000055edf1a0:   0000000000000000 000007fefd4c6800
0x0000000055edf1b0:   000000006b865830 000000006b863224
0x0000000055edf1c0:   000000006b865a60 000000004cddc5fa
0x0000000055edf1d0:   0000000000000001 000007fefd95b3ea
0x0000000055edf1e0:   0000000077c62e70 000000006b840000
0x0000000055edf1f0:   000007fffffae000 000000006b8634a6
0x0000000055edf200:   0000000000000001 0000000054d25400
0x0000000055edf210:   0000000000000000 000007fffffdf000
0x0000000055edf220:   c000000500000001 0000000055ede480
0x0000000055edf230:   0000000077c5ba58 0000000077b6778b
0x0000000055edf240:   000000000033abe0 000000000033ade0
0x0000000055edf250:   000000006b863384 0000000000371470
0x0000000055edf260:   0000000000000000 0000000000000000
0x0000000055edf270:   0000000000000000 0000000000000000
0x0000000055edf280:   000000000330032e 00000000002f3014 

Instructions: (pc=0x000000006b86584a)
0x000000006b86582a:   83 c4 20 5d c3 cc 40 53 48 83 ec 20 48 8b 1d cb
0x000000006b86583a:   5b 01 00 48 85 db 74 1a e8 19 93 ff ff 48 8b d3
0x000000006b86584a:   4c 8b 00 48 8b c8 48 83 c4 20 5b 49 ff a0 b0 00
0x000000006b86585a:   00 00 48 83 c4 20 5b c3 cc cc cc cc cc cc cc cc 


Register to memory mapping:

RAX=0x0000000000000000 is an unknown value
RBX=0x0000000054d7c160 is a global jni handle
RCX=0x0000000054e3e800 is an unknown value
RDX=0x0000000054d7c160 is a global jni handle
RSP=0x0000000055edf190 is an unknown value
RBP=0x000000000034e8e0 is an unknown value
RSI=0x0000000000000001 is an unknown value
RDI=0x0000000000000000 is an unknown value
R8 =0x0000000000010002 is an unknown value
R9 =0x000000000034e8e0 is an unknown value
R10=0x0000000000000000 is an unknown value
R11=0x0000000000000286 is an unknown value
R12=0x000000000034e910 is an unknown value
R13=0x000000000034e8e0 is an unknown value
R14=0x000000000034e8f0 is an unknown value
R15=0x0000000000000000 is an unknown value


Stack: [0x0000000055de0000,0x0000000055ee0000],  sp=0x0000000055edf190,  free space=1020k
Native frames: (J=compiled Java code, j=interpreted, Vv=VM code, C=native code)
C  [glass.dll+0x2584a]
C  [glass.dll+0x23224]
C  [glass.dll+0x234a6]
C  [ntdll.dll+0x3778b]
C  [ntdll.dll+0x3c1e0]
C  [msvcr100.dll+0x20cb9]
V  [jvm.dll+0x212a05]
V  [jvm.dll+0x24b647]
V  [jvm.dll+0x24a8e6]
V  [jvm.dll+0x24ad81]
V  [jvm.dll+0x24af9e]
V  [jvm.dll+0x29c03a]
C  [msvcr100.dll+0x21d7b]
C  [msvcr100.dll+0x21e17]
C  [kernel32.dll+0x159cd]
C  [ntdll.dll+0x5385d]

VM_Operation (0x00000000581e7070): Exit, mode: safepoint, requested by thread 0x00000000571ef800


---------------  P R O C E S S  ---------------

Java Threads: ( => current thread )
  0x0000000056589000 JavaThread "Glass/Prism Shutdown Hook" [_thread_blocked, id=8728, stack(0x000000005d930000,0x000000005da30000)]
  0x000000005645c000 JavaThread "Thread-4" [_thread_blocked, id=8356, stack(0x000000005e4e0000,0x000000005e5e0000)]
  0x00000000574ba800 JavaThread "Prism Font Disposer" daemon [_thread_blocked, id=8280, stack(0x000000005c260000,0x000000005c360000)]
  0x0000000057224000 JavaThread "JavaFX-Launcher" [_thread_blocked, id=7008, stack(0x000000005a250000,0x000000005a350000)]
  0x00000000572d1000 JavaThread "Thread-2" daemon [_thread_in_native, id=9420, stack(0x000000005a050000,0x000000005a150000)]
  0x00000000571ef800 JavaThread "JavaFX Application Thread" [_thread_blocked, id=6888, stack(0x00000000580f0000,0x00000000581f0000)]
  0x00000000571ec800 JavaThread "Thread-1" daemon [_thread_blocked, id=2748, stack(0x0000000057ff0000,0x00000000580f0000)]
  0x000000005674d800 JavaThread "QuantumRenderer-0" daemon [_thread_blocked, id=8060, stack(0x0000000056130000,0x0000000056230000)]
  0x00000000563e0800 JavaThread "Service Thread" daemon [_thread_blocked, id=7368, stack(0x0000000057070000,0x0000000057170000)]
  0x000000005635b000 JavaThread "C1 CompilerThread2" daemon [_thread_blocked, id=6760, stack(0x0000000056960000,0x0000000056a60000)]
  0x0000000056359800 JavaThread "C2 CompilerThread1" daemon [_thread_blocked, id=9368, stack(0x0000000056e20000,0x0000000056f20000)]
  0x0000000056352800 JavaThread "C2 CompilerThread0" daemon [_thread_blocked, id=8808, stack(0x0000000056c00000,0x0000000056d00000)]
  0x0000000054eae800 JavaThread "Attach Listener" daemon [_thread_blocked, id=7748, stack(0x0000000056a60000,0x0000000056b60000)]
  0x0000000054ead800 JavaThread "Signal Dispatcher" daemon [_thread_blocked, id=10148, stack(0x0000000056820000,0x0000000056920000)]
  0x0000000054e8d000 JavaThread "Finalizer" daemon [_thread_blocked, id=7996, stack(0x0000000056250000,0x0000000056350000)]
  0x0000000054e46000 JavaThread "Reference Handler" daemon [_thread_blocked, id=4000, stack(0x0000000056000000,0x0000000056100000)]
  0x000000000224e000 JavaThread "main" [_thread_blocked, id=1548, stack(0x0000000002350000,0x0000000002450000)]

Other Threads:
=>0x0000000054e3e800 VMThread [stack: 0x0000000055de0000,0x0000000055ee0000] [id=3152]

VM state:at safepoint (shutting down)

VM Mutex/Monitor currently owned by a thread:  ([mutex/lock_event])
[0x000000000224c400] Threads_lock - owner thread: 0x0000000054e3e800

Heap:
 PSYoungGen      total 18432K, used 10250K [0x00000000eb700000, 0x00000000ecb80000, 0x0000000100000000)
  eden space 15872K, 48% used [0x00000000eb700000,0x00000000ebe86e40,0x00000000ec680000)
  from space 2560K, 99% used [0x00000000ec900000,0x00000000ecb7bd10,0x00000000ecb80000)
  to   space 2560K, 0% used [0x00000000ec680000,0x00000000ec680000,0x00000000ec900000)
 ParOldGen       total 42496K, used 7668K [0x00000000c2400000, 0x00000000c4d80000, 0x00000000eb700000)
  object space 42496K, 18% used [0x00000000c2400000,0x00000000c2b7d398,0x00000000c4d80000)
 Metaspace       used 14918K, capacity 15628K, committed 15744K, reserved 1062912K
  class space    used 2137K, capacity 2332K, committed 2432K, reserved 1048576K

Card table byte_map: [0x0000000011ae0000,0x0000000011cd0000] byte_map_base: 0x00000000114ce000

Marking Bits: (ParMarkBitMap*) 0x000000005f27a6c0
 Begin Bits: [0x00000000123e0000, 0x0000000013350000)
 End Bits:   [0x0000000013350000, 0x00000000142c0000)

Polling page: 0x0000000000230000

CodeCache: size=245760Kb used=5229Kb max_used=5240Kb free=240530Kb
 bounds [0x0000000002720000, 0x0000000002c50000, 0x0000000011720000]
 total_blobs=2359 nmethods=1722 adapters=550
 compilation: enabled

Compilation events (10 events):
Event: 13.441 Thread 0x0000000056352800 1718       4       javafx.scene.Node::updateLocalToParentTransform (442 bytes)
Event: 13.466 Thread 0x0000000056352800 nmethod 1718 0x0000000002c39150 code [0x0000000002c394a0, 0x0000000002c39d88]
Event: 13.539 Thread 0x0000000056359800 1719       4       com.sun.javafx.collections.ObservableListWrapper::get (11 bytes)
Event: 13.541 Thread 0x0000000056359800 nmethod 1719 0x0000000002c38d90 code [0x0000000002c38ee0, 0x0000000002c38fb8]
Event: 13.648 Thread 0x000000005635b000 1720       3       javafx.scene.Node::preprocessMouseEvent (114 bytes)
Event: 13.652 Thread 0x000000005635b000 nmethod 1720 0x0000000002c3d9d0 code [0x0000000002c3dd40, 0x0000000002c3fe28]
Event: 13.674 Thread 0x000000005635b000 1721       3       javafx.scene.input.PickResult::<init> (53 bytes)
Event: 13.674 Thread 0x000000005635b000 nmethod 1721 0x0000000002c301d0 code [0x0000000002c303c0, 0x0000000002c30c18]
Event: 13.715 Thread 0x0000000056352800 1722       4       com.sun.javafx.geom.Vec3d::set (17 bytes)
Event: 13.716 Thread 0x0000000056352800 nmethod 1722 0x0000000002c2ffd0 code [0x0000000002c30100, 0x0000000002c30158]

GC Heap History (4 events):
Event: 0.990 GC heap before
{Heap before GC invocations=1 (full 0):
 PSYoungGen      total 18432K, used 15872K [0x00000000eb700000, 0x00000000ecb80000, 0x0000000100000000)
  eden space 15872K, 100% used [0x00000000eb700000,0x00000000ec680000,0x00000000ec680000)
  from space 2560K, 0% used [0x00000000ec900000,0x00000000ec900000,0x00000000ecb80000)
  to   space 2560K, 0% used [0x00000000ec680000,0x00000000ec680000,0x00000000ec900000)
 ParOldGen       total 42496K, used 0K [0x00000000c2400000, 0x00000000c4d80000, 0x00000000eb700000)
  object space 42496K, 0% used [0x00000000c2400000,0x00000000c2400000,0x00000000c4d80000)
 Metaspace       used 9507K, capacity 9958K, committed 10240K, reserved 1058816K
  class space    used 1265K, capacity 1413K, committed 1536K, reserved 1048576K
Event: 0.996 GC heap after
Heap after GC invocations=1 (full 0):
 PSYoungGen      total 18432K, used 2528K [0x00000000eb700000, 0x00000000ecb80000, 0x0000000100000000)
  eden space 15872K, 0% used [0x00000000eb700000,0x00000000eb700000,0x00000000ec680000)
  from space 2560K, 98% used [0x00000000ec680000,0x00000000ec8f8040,0x00000000ec900000)
  to   space 2560K, 0% used [0x00000000ec900000,0x00000000ec900000,0x00000000ecb80000)
 ParOldGen       total 42496K, used 172K [0x00000000c2400000, 0x00000000c4d80000, 0x00000000eb700000)
  object space 42496K, 0% used [0x00000000c2400000,0x00000000c242b180,0x00000000c4d80000)
 Metaspace       used 9507K, capacity 9958K, committed 10240K, reserved 1058816K
  class space    used 1265K, capacity 1413K, committed 1536K, reserved 1048576K
}
Event: 5.922 GC heap before
{Heap before GC invocations=2 (full 0):
 PSYoungGen      total 18432K, used 17235K [0x00000000eb700000, 0x00000000ecb80000, 0x0000000100000000)
  eden space 15872K, 92% used [0x00000000eb700000,0x00000000ec55ced0,0x00000000ec680000)
  from space 2560K, 98% used [0x00000000ec680000,0x00000000ec8f8040,0x00000000ec900000)
  to   space 2560K, 0% used [0x00000000ec900000,0x00000000ec900000,0x00000000ecb80000)
 ParOldGen       total 42496K, used 172K [0x00000000c2400000, 0x00000000c4d80000, 0x00000000eb700000)
  object space 42496K, 0% used [0x00000000c2400000,0x00000000c242b180,0x00000000c4d80000)
 Metaspace       used 13870K, capacity 14550K, committed 14720K, reserved 1062912K
  class space    used 1920K, capacity 2129K, committed 2176K, reserved 1048576K
Event: 5.935 GC heap after
Heap after GC invocations=2 (full 0):
 PSYoungGen      total 18432K, used 2543K [0x00000000eb700000, 0x00000000ecb80000, 0x0000000100000000)
  eden space 15872K, 0% used [0x00000000eb700000,0x00000000eb700000,0x00000000ec680000)
  from space 2560K, 99% used [0x00000000ec900000,0x00000000ecb7bd10,0x00000000ecb80000)
  to   space 2560K, 0% used [0x00000000ec680000,0x00000000ec680000,0x00000000ec900000)
 ParOldGen       total 42496K, used 7668K [0x00000000c2400000, 0x00000000c4d80000, 0x00000000eb700000)
  object space 42496K, 18% used [0x00000000c2400000,0x00000000c2b7d398,0x00000000c4d80000)
 Metaspace       used 13870K, capacity 14550K, committed 14720K, reserved 1062912K
  class space    used 1920K, capacity 2129K, committed 2176K, reserved 1048576K
}

Deoptimization events (10 events):
Event: 1.227 Thread 0x00000000571ef800 Uncommon trap: reason=class_check action=maybe_recompile pc=0x0000000002840fe0 method=java.lang.String.equals(Ljava/lang/Object;)Z @ 8
Event: 1.227 Thread 0x00000000571ef800 Uncommon trap: reason=class_check action=maybe_recompile pc=0x0000000002840fe0 method=java.lang.String.equals(Ljava/lang/Object;)Z @ 8
Event: 1.227 Thread 0x00000000571ef800 Uncommon trap: reason=class_check action=maybe_recompile pc=0x0000000002840fe0 method=java.lang.String.equals(Ljava/lang/Object;)Z @ 8
Event: 1.228 Thread 0x00000000571ef800 Uncommon trap: reason=class_check action=maybe_recompile pc=0x0000000002840fe0 method=java.lang.String.equals(Ljava/lang/Object;)Z @ 8
Event: 2.633 Thread 0x00000000571ef800 Uncommon trap: reason=unstable_if action=reinterpret pc=0x0000000002a275e8 method=jdk.internal.org.objectweb.asm.Type.getArgumentsAndReturnSizes(Ljava/lang/String;)I @ 47
Event: 5.870 Thread 0x00000000571ef800 Uncommon trap: reason=unstable_if action=reinterpret pc=0x00000000029bf4a0 method=java.lang.String.indexOf([CII[CIII)I @ 3
Event: 5.892 Thread 0x00000000571ef800 Uncommon trap: reason=class_check action=maybe_recompile pc=0x0000000002a3b8dc method=java.io.FilterInputStream.read()I @ 4
Event: 5.892 Thread 0x00000000571ef800 Uncommon trap: reason=class_check action=maybe_recompile pc=0x0000000002a3b8dc method=java.io.FilterInputStream.read()I @ 4
Event: 5.892 Thread 0x00000000571ef800 Uncommon trap: reason=class_check action=maybe_recompile pc=0x0000000002a3b8dc method=java.io.FilterInputStream.read()I @ 4
Event: 5.892 Thread 0x00000000571ef800 Uncommon trap: reason=class_check action=maybe_recompile pc=0x0000000002a3b8dc method=java.io.FilterInputStream.read()I @ 4

Internal exceptions (10 events):
Event: 0.277 Thread 0x000000000224e000 Exception <a 'java/security/PrivilegedActionException'> (0x00000000eb984418) thrown at [C:\re\workspace\8-2-build-windows-amd64-cygwin\jdk8u102\7268\hotspot\src\share\vm\prims\jvm.cpp, line 1386]
Event: 0.278 Thread 0x000000000224e000 Exception <a 'java/lang/NullPointerException'> (0x00000000eb9849f0) thrown at [C:\re\workspace\8-2-build-windows-amd64-cygwin\jdk8u102\7268\hotspot\src\share\vm\interpreter\linkResolver.cpp, line 1178]
Event: 0.678 Thread 0x00000000571ef800 Exception <a 'java/lang/NullPointerException'> (0x00000000ec0e70b8) thrown at [C:\re\workspace\8-2-build-windows-amd64-cygwin\jdk8u102\7268\hotspot\src\share\vm\interpreter\linkResolver.cpp, line 1178]
Event: 0.678 Thread 0x00000000571ef800 Exception <a 'java/lang/NullPointerException'> (0x00000000ec0e70b8) thrown at [C:\re\workspace\8-2-build-windows-amd64-cygwin\jdk8u102\7268\hotspot\src\share\vm\prims\jvm.cpp, line 1390]
Event: 0.984 Thread 0x00000000571ef800 Implicit null exception at 0x00000000029899a5 to 0x0000000002989b71
Event: 4.795 Thread 0x00000000571ef800 Exception <a 'java/io/FileNotFoundException'> (0x00000000ec3d6cf0) thrown at [C:\re\workspace\8-2-build-windows-amd64-cygwin\jdk8u102\7268\hotspot\src\share\vm\prims\jni.cpp, line 709]
Event: 5.878 Thread 0x00000000571ef800 Exception <a 'java/lang/NoSuchMethodError': <clinit>> (0x00000000ec44b580) thrown at [C:\re\workspace\8-2-build-windows-amd64-cygwin\jdk8u102\7268\hotspot\src\share\vm\prims\jni.cpp, line 1613]
Event: 5.883 Thread 0x00000000571ef800 Exception <a 'java/lang/NoSuchMethodError': <clinit>> (0x00000000ec463eb8) thrown at [C:\re\workspace\8-2-build-windows-amd64-cygwin\jdk8u102\7268\hotspot\src\share\vm\prims\jni.cpp, line 1613]
Event: 5.885 Thread 0x00000000571ef800 Exception <a 'java/lang/NoSuchMethodError': <clinit>> (0x00000000ec473510) thrown at [C:\re\workspace\8-2-build-windows-amd64-cygwin\jdk8u102\7268\hotspot\src\share\vm\prims\jni.cpp, line 1613]
Event: 14.306 Thread 0x0000000056589000 Exception <a 'java/lang/IllegalStateException'> (0x00000000ebe794a8) thrown at [C:\re\workspace\8-2-build-windows-amd64-cygwin\jdk8u102\7268\hotspot\src\share\vm\prims\jvm.cpp, line 1390]

Events (10 events):
Event: 14.303 loading class java/util/IdentityHashMap$IdentityHashMapIterator done
Event: 14.303 loading class java/util/IdentityHashMap$KeyIterator done
Event: 14.303 Thread 0x0000000056589000 Thread added: 0x0000000056589000
Event: 14.304 loading class com/sun/javafx/tk/quantum/QuantumRenderer
Event: 14.304 loading class com/sun/javafx/tk/quantum/QuantumRenderer done
Event: 14.305 loading class com/sun/javafx/tk/quantum/QuantumToolkit
Event: 14.305 loading class com/sun/javafx/tk/quantum/QuantumToolkit done
Event: 14.305 loading class java/util/LinkedList$ListItr
Event: 14.306 loading class java/util/LinkedList$ListItr done
Event: 14.306 Executing VM operation: Exit


Dynamic libraries:
0x000000013f0e0000 - 0x000000013f117000 	C:\Program Files\Java\jdk1.8.0_102\jre\bin\java.exe
0x0000000077b30000 - 0x0000000077ccf000 	C:\Windows\SYSTEM32\ntdll.dll
0x0000000077910000 - 0x0000000077a2f000 	C:\Windows\system32\kernel32.dll
0x000007fefd950000 - 0x000007fefd9ba000 	C:\Windows\system32\KERNELBASE.dll
0x000007fefe690000 - 0x000007fefe76b000 	C:\Windows\system32\ADVAPI32.dll
0x000007fefe100000 - 0x000007fefe19f000 	C:\Windows\system32\msvcrt.dll
0x000007fefe770000 - 0x000007fefe78f000 	C:\Windows\SYSTEM32\sechost.dll
0x000007fefda40000 - 0x000007fefdb6d000 	C:\Windows\system32\RPCRT4.dll
0x0000000077a30000 - 0x0000000077b2a000 	C:\Windows\system32\USER32.dll
0x000007fefe420000 - 0x000007fefe487000 	C:\Windows\system32\GDI32.dll
0x000007fefe1a0000 - 0x000007fefe1ae000 	C:\Windows\system32\LPK.dll
0x000007fefed10000 - 0x000007fefeddb000 	C:\Windows\system32\USP10.dll
0x000007fefa350000 - 0x000007fefa544000 	C:\Windows\WinSxS\amd64_microsoft.windows.common-controls_6595b64144ccf1df_6.0.7601.18837_none_fa3b1e3d17594757\COMCTL32.dll
0x000007feffda0000 - 0x000007feffe11000 	C:\Windows\system32\SHLWAPI.dll
0x000007feffb70000 - 0x000007feffb9e000 	C:\Windows\system32\IMM32.DLL
0x000007fefe790000 - 0x000007fefe899000 	C:\Windows\system32\MSCTF.dll
0x000000006a8e0000 - 0x000000006a9b1000 	C:\Program Files\Java\jdk1.8.0_102\jre\bin\msvcr100.dll
0x000000005ea60000 - 0x000000005f2fa000 	C:\Program Files\Java\jdk1.8.0_102\jre\bin\server\jvm.dll
0x000007feecc10000 - 0x000007feecc19000 	C:\Windows\system32\WSOCK32.dll
0x000007fefdbf0000 - 0x000007fefdc3d000 	C:\Windows\system32\WS2_32.dll
0x000007fefe0f0000 - 0x000007fefe0f8000 	C:\Windows\system32\NSI.dll
0x000007fefc4b0000 - 0x000007fefc4eb000 	C:\Windows\system32\WINMM.dll
0x000007fefc420000 - 0x000007fefc42c000 	C:\Windows\system32\VERSION.dll
0x0000000077cd0000 - 0x0000000077cd7000 	C:\Windows\system32\PSAPI.DLL
0x000000006cf60000 - 0x000000006cf6f000 	C:\Program Files\Java\jdk1.8.0_102\jre\bin\verify.dll
0x000000006ac40000 - 0x000000006ac69000 	C:\Program Files\Java\jdk1.8.0_102\jre\bin\java.dll
0x000000006ac20000 - 0x000000006ac36000 	C:\Program Files\Java\jdk1.8.0_102\jre\bin\zip.dll
0x000007fefede0000 - 0x000007feffb6a000 	C:\Windows\system32\SHELL32.dll
0x000007fefe490000 - 0x000007fefe68f000 	C:\Windows\system32\ole32.dll
0x000007fefd680000 - 0x000007fefd68f000 	C:\Windows\system32\profapi.dll
0x000007fef1800000 - 0x000007fef18ef000 	C:\Program Files\Java\jdk1.8.0_102\jre\bin\msvcr120.dll
0x000007feeb810000 - 0x000007feeb8b6000 	C:\Program Files\Java\jdk1.8.0_102\jre\bin\msvcp120.dll
0x000000006b890000 - 0x000000006b8b2000 	C:\Program Files\Java\jdk1.8.0_102\jre\bin\prism_d3d.dll
0x000007fee7870000 - 0x000007fee7a6f000 	C:\Windows\system32\d3d9.dll
0x000007fef0010000 - 0x000007fef0017000 	C:\Windows\system32\d3d8thk.dll
0x000007fef94e0000 - 0x000007fef94f8000 	C:\Windows\system32\dwmapi.dll
0x000007fef9ad0000 - 0x000007fef9b26000 	C:\Windows\system32\uxtheme.dll
0x000000006a0a0000 - 0x000000006a51b000 	C:\Windows\system32\atiumd64.dll
0x0000000069760000 - 0x00000000699f7000 	C:\Windows\system32\atiumd6a.dll
0x000000006b840000 - 0x000000006b883000 	C:\Program Files\Java\jdk1.8.0_102\jre\bin\glass.dll
0x000007fefe8a0000 - 0x000007fefe937000 	C:\Windows\system32\COMDLG32.dll
0x000007fefe340000 - 0x000007fefe41a000 	C:\Windows\system32\OLEAUT32.dll
0x000007fefd520000 - 0x000007fefd52f000 	C:\Windows\system32\CRYPTBASE.dll
0x000000006b820000 - 0x000000006b834000 	C:\Program Files\Java\jdk1.8.0_102\jre\bin\javafx_font.dll
0x000007feee1c0000 - 0x000007feee357000 	C:\Windows\system32\dwrite.dll
0x000007fefe9a0000 - 0x000007fefea39000 	C:\Windows\system32\CLBCatQ.DLL
0x000007fef9160000 - 0x000007fef92c1000 	C:\Windows\system32\WindowsCodecs.dll
0x000007fefd480000 - 0x000007fefd4d7000 	C:\Windows\system32\apphelp.dll
0x000007fef0830000 - 0x000007fef0839000 	C:\Program Files (x86)\Internet Download Manager\IDMShellExt64.dll
0x000007fef06b0000 - 0x000007fef0710000 	C:\Program Files (x86)\Dropbox\Client\DropboxExt64.26.0.dll
0x000007fef06a0000 - 0x000007fef06a3000 	C:\Windows\system32\api-ms-win-core-synch-l1-2-0.DLL
0x000007feffbc0000 - 0x000007feffd97000 	C:\Windows\system32\SETUPAPI.dll
0x000007fefd9d0000 - 0x000007fefda06000 	C:\Windows\system32\CFGMGR32.dll
0x000007fefd6c0000 - 0x000007fefd6da000 	C:\Windows\system32\DEVOBJ.dll
0x000007fef9f80000 - 0x000007fefa0ac000 	C:\Windows\system32\propsys.dll
0x000007fefc150000 - 0x000007fefc17d000 	C:\Windows\system32\ntmarta.dll
0x000007fefe940000 - 0x000007fefe992000 	C:\Windows\system32\WLDAP32.dll
0x000007feefc90000 - 0x000007feefcaf000 	C:\Windows\system32\thumbcache.dll
0x000007feefc20000 - 0x000007feefc8b000 	C:\Windows\system32\PhotoMetadataHandler.dll
0x000007feefbe0000 - 0x000007feefc15000 	C:\Windows\system32\EhStorShell.dll
0x000007feeb7e0000 - 0x000007feeb80d000 	C:\Program Files\Common Files\Microsoft Shared\Ink\rtscom.dll
0x0000000056750000 - 0x00000000567b5000 	C:\Program Files\WIDCOMM\Bluetooth Software\btmmhook.dll
0x000000006b7f0000 - 0x000000006b813000 	C:\Program Files\Java\jdk1.8.0_102\jre\bin\javafx_iio.dll
0x000000006b7d0000 - 0x000000006b7e1000 	C:\Program Files\Java\jdk1.8.0_102\jre\bin\prism_common.dll
0x000007fef7040000 - 0x000007fef7165000 	C:\Windows\system32\dbghelp.dll

VM Arguments:
jvm_args: -Dfile.encoding=UTF-8 
java_command: C:\Users\MuhannadT\Desktop\FXApplication\dist\run1606482752\FXApplication.jar
java_class_path (initial): C:\Users\MuhannadT\Desktop\FXApplication\dist\run1606482752\FXApplication.jar
Launcher Type: SUN_STANDARD

Environment Variables:
PATH=C:\Program Files (x86)\ActiveState Komodo IDE 11\;C:\Program Files (x86)\NVIDIA Corporation\PhysX\Common;C:\ProgramData\Oracle\Java\javapath;C:\Windows\system32;C:\Windows;C:\Windows\System32\Wbem;C:\Windows\System32\WindowsPowerShell\v1.0\;C:\Program Files\WIDCOMM\Bluetooth Software\;C:\Program Files\WIDCOMM\Bluetooth Software\syswow64;c:\Program Files (x86)\ATI Technologies\ATI.ACE\Core-Static;C:\Program Files (x86)\Common Files\Roxio Shared\10.0\DLLShared\;C:\Program Files (x86)\Common Files\Roxio Shared\DLLShared\;C:\Program Files\Microsoft SQL Server\110\Tools\Binn\
USERNAME=MuhannadT
OS=Windows_NT
PROCESSOR_IDENTIFIER=Intel64 Family 6 Model 37 Stepping 2, GenuineIntel



---------------  S Y S T E M  ---------------

OS: Windows 7 , 64 bit Build 7601 (6.1.7601.24291)

CPU:total 4 (2 cores per cpu, 2 threads per core) family 6 model 37 stepping 2, cmov, cx8, fxsr, mmx, sse, sse2, sse3, ssse3, sse4.1, sse4.2, popcnt, ht, tsc, tscinvbit

Memory: 4k page, physical 4044900k(871300k free), swap 8087896k(3596796k free)

vm_info: Java HotSpot(TM) 64-Bit Server VM (25.102-b14) for windows-amd64 JRE (1.8.0_102-b14), built on Jun 22 2016 13:15:21 by "java_re" with MS VC++ 10.0 (VS2010)

time: Mon Dec 10 18:50:24 2018
elapsed time: 14 seconds (0d 0h 0m 14s)

