#
# A fatal error has been detected by the Java Runtime Environment:
#
#  EXCEPTION_ACCESS_VIOLATION (0xc0000005) at pc=0x0000000072b6584a, pid=1732, tid=0x0000000000001aec
#
# JRE version: Java(TM) SE Runtime Environment (8.0_102-b14) (build 1.8.0_102-b14)
# Java VM: Java HotSpot(TM) 64-Bit Server VM (25.102-b14 mixed mode windows-amd64 compressed oops)
# Problematic frame:
# C  [glass.dll+0x2584a]
#
# Failed to write core dump. Minidumps are not enabled by default on client versions of Windows
#
# If you would like to submit a bug report, please visit:
#   http://bugreport.java.com/bugreport/crash.jsp
#

---------------  T H R E A D  ---------------

Current thread (0x000000005512b000):  VMThread [stack: 0x0000000056080000,0x0000000056180000] [id=6892]

siginfo: ExceptionCode=0xc0000005, reading address 0x0000000000000000

Registers:
RAX=0x0000000000000000, RBX=0x0000000057380bb8, RCX=0x000000005512b000, RDX=0x0000000057380bb8
RSP=0x000000005617f270, RBP=0x00000000003ce8e0, RSI=0x0000000000000001, RDI=0x0000000000000000
R8 =0x0000000000010002, R9 =0x00000000003ce8e0, R10=0x0000000000000000, R11=0x0000000000000286
R12=0x00000000003ce910, R13=0x00000000003ce8e0, R14=0x00000000003ce8f0, R15=0x0000000000000000
RIP=0x0000000072b6584a, EFLAGS=0x0000000000010202

Top of Stack: (sp=0x000000005617f270)
0x000000005617f270:   0000000000000000 0000000072b65900
0x000000005617f280:   0000000000000000 000007fefd646800
0x000000005617f290:   0000000072b65830 0000000072b63224
0x000000005617f2a0:   0000000072b65a60 00000000b35e6253
0x000000005617f2b0:   0000000000000001 000007fefd90b3ea
0x000000005617f2c0:   0000000077de2e70 0000000072b40000
0x000000005617f2d0:   000007fffffae000 0000000072b634a6
0x000000005617f2e0:   0000000000000001 0000000055015400
0x000000005617f2f0:   0000000000000000 000007fffffd3000
0x000000005617f300:   c000000500000001 000000005617e560
0x000000005617f310:   0000000077ddba58 0000000077ce778b
0x000000005617f320:   00000000003babe0 00000000003bade0
0x000000005617f330:   0000000072b63384 00000000003f1470
0x000000005617f340:   0000000000000000 0000000000000000
0x000000005617f350:   0000000000000000 0000000000000000
0x000000005617f360:   00000000032c032a 0000000000373014 

Instructions: (pc=0x0000000072b6584a)
0x0000000072b6582a:   83 c4 20 5d c3 cc 40 53 48 83 ec 20 48 8b 1d cb
0x0000000072b6583a:   5b 01 00 48 85 db 74 1a e8 19 93 ff ff 48 8b d3
0x0000000072b6584a:   4c 8b 00 48 8b c8 48 83 c4 20 5b 49 ff a0 b0 00
0x0000000072b6585a:   00 00 48 83 c4 20 5b c3 cc cc cc cc cc cc cc cc 


Register to memory mapping:

RAX=0x0000000000000000 is an unknown value
RBX=0x0000000057380bb8 is a global jni handle
RCX=0x000000005512b000 is an unknown value
RDX=0x0000000057380bb8 is a global jni handle
RSP=0x000000005617f270 is an unknown value
RBP=0x00000000003ce8e0 is an unknown value
RSI=0x0000000000000001 is an unknown value
RDI=0x0000000000000000 is an unknown value
R8 =0x0000000000010002 is an unknown value
R9 =0x00000000003ce8e0 is an unknown value
R10=0x0000000000000000 is an unknown value
R11=0x0000000000000286 is an unknown value
R12=0x00000000003ce910 is an unknown value
R13=0x00000000003ce8e0 is an unknown value
R14=0x00000000003ce8f0 is an unknown value
R15=0x0000000000000000 is an unknown value


Stack: [0x0000000056080000,0x0000000056180000],  sp=0x000000005617f270,  free space=1020k
Native frames: (J=compiled Java code, j=interpreted, Vv=VM code, C=native code)
C  [glass.dll+0x2584a]
C  [glass.dll+0x23224]
C  [glass.dll+0x234a6]
C  [ntdll.dll+0x3778b]
C  [ntdll.dll+0x3c1e0]
C  [msvcr100.dll+0x20cb9]
V  [jvm.dll+0x212a05]
V  [jvm.dll+0x24b647]
V  [jvm.dll+0x24a8e6]
V  [jvm.dll+0x24ad81]
V  [jvm.dll+0x24af9e]
V  [jvm.dll+0x29c03a]
C  [msvcr100.dll+0x21d7b]
C  [msvcr100.dll+0x21e17]
C  [kernel32.dll+0x159cd]
C  [ntdll.dll+0x5385d]

VM_Operation (0x0000000058696c70): Exit, mode: safepoint, requested by thread 0x000000005736a800


---------------  P R O C E S S  ---------------

Java Threads: ( => current thread )
  0x00000000575ec000 JavaThread "Thread-4" [_thread_blocked, id=7220, stack(0x000000005f5b0000,0x000000005f6b0000)]
  0x00000000575a1800 JavaThread "Prism Font Disposer" daemon [_thread_blocked, id=4136, stack(0x000000005cc30000,0x000000005cd30000)]
  0x0000000057395000 JavaThread "JavaFX-Launcher" [_thread_blocked, id=7500, stack(0x000000005aaf0000,0x000000005abf0000)]
  0x00000000573a0000 JavaThread "Thread-2" daemon [_thread_in_native, id=6236, stack(0x000000005a4a0000,0x000000005a5a0000)]
  0x000000005736a800 JavaThread "JavaFX Application Thread" [_thread_blocked, id=4244, stack(0x00000000585a0000,0x00000000586a0000)]
  0x0000000057367800 JavaThread "Thread-1" daemon [_thread_blocked, id=1128, stack(0x00000000582e0000,0x00000000583e0000)]
  0x00000000568a3000 JavaThread "QuantumRenderer-0" daemon [_thread_blocked, id=6864, stack(0x0000000057ca0000,0x0000000057da0000)]
  0x0000000056569800 JavaThread "Service Thread" daemon [_thread_blocked, id=6800, stack(0x0000000057030000,0x0000000057130000)]
  0x00000000564eb800 JavaThread "C1 CompilerThread2" daemon [_thread_blocked, id=6388, stack(0x0000000056de0000,0x0000000056ee0000)]
  0x00000000564ea800 JavaThread "C2 CompilerThread1" daemon [_thread_blocked, id=7088, stack(0x0000000056ee0000,0x0000000056fe0000)]
  0x00000000564e3800 JavaThread "C2 CompilerThread0" daemon [_thread_blocked, id=1124, stack(0x0000000056c80000,0x0000000056d80000)]
  0x000000005519e800 JavaThread "Attach Listener" daemon [_thread_blocked, id=4608, stack(0x0000000056ae0000,0x0000000056be0000)]
  0x000000005519d800 JavaThread "Signal Dispatcher" daemon [_thread_blocked, id=3120, stack(0x00000000569c0000,0x0000000056ac0000)]
  0x000000005517a000 JavaThread "Finalizer" daemon [_thread_blocked, id=7740, stack(0x00000000563e0000,0x00000000564e0000)]
  0x0000000055133000 JavaThread "Reference Handler" daemon [_thread_blocked, id=5400, stack(0x00000000561c0000,0x00000000562c0000)]
  0x000000000223e000 JavaThread "main" [_thread_blocked, id=8172, stack(0x00000000023c0000,0x00000000024c0000)]

Other Threads:
=>0x000000005512b000 VMThread [stack: 0x0000000056080000,0x0000000056180000] [id=6892]

VM state:at safepoint (shutting down)

VM Mutex/Monitor currently owned by a thread:  ([mutex/lock_event])
[0x000000000223c400] Threads_lock - owner thread: 0x000000005512b000

Heap:
 PSYoungGen      total 18432K, used 13840K [0x00000000eb700000, 0x00000000ecb80000, 0x0000000100000000)
  eden space 15872K, 71% used [0x00000000eb700000,0x00000000ec20c030,0x00000000ec680000)
  from space 2560K, 98% used [0x00000000ec900000,0x00000000ecb78030,0x00000000ecb80000)
  to   space 2560K, 0% used [0x00000000ec680000,0x00000000ec680000,0x00000000ec900000)
 ParOldGen       total 42496K, used 8483K [0x00000000c2400000, 0x00000000c4d80000, 0x00000000eb700000)
  object space 42496K, 19% used [0x00000000c2400000,0x00000000c2c48ee8,0x00000000c4d80000)
 Metaspace       used 15041K, capacity 15720K, committed 15872K, reserved 1062912K
  class space    used 2107K, capacity 2300K, committed 2304K, reserved 1048576K

Card table byte_map: [0x0000000011b50000,0x0000000011d40000] byte_map_base: 0x000000001153e000

Marking Bits: (ParMarkBitMap*) 0x000000006d25a6c0
 Begin Bits: [0x00000000126d0000, 0x0000000013640000)
 End Bits:   [0x0000000013640000, 0x00000000145b0000)

Polling page: 0x0000000000140000

CodeCache: size=245760Kb used=7485Kb max_used=7485Kb free=238274Kb
 bounds [0x0000000002790000, 0x0000000002ef0000, 0x0000000011790000]
 total_blobs=3040 nmethods=2401 adapters=551
 compilation: enabled

Compilation events (10 events):
Event: 18.532 Thread 0x00000000564eb800 2397       3       com.sun.javafx.scene.input.PickResultChooser::processOffer (146 bytes)
Event: 18.535 Thread 0x00000000564eb800 nmethod 2397 0x0000000002edd490 code [0x0000000002edd6a0, 0x0000000002ede3c8]
Event: 18.658 Thread 0x00000000564eb800 2398       3       javafx.scene.Node::buildEventDispatchChain (100 bytes)
Event: 18.661 Thread 0x00000000564eb800 nmethod 2398 0x0000000002edea50 code [0x0000000002eded00, 0x0000000002ee0448]
Event: 18.661 Thread 0x00000000564eb800 2399       3       javafx.scene.Node$$Lambda$169/123498082::dispatchEvent (10 bytes)
Event: 18.661 Thread 0x00000000564eb800 nmethod 2399 0x0000000002ee0d50 code [0x0000000002ee0ee0, 0x0000000002ee1378]
Event: 18.661 Thread 0x00000000564eb800 2400       3       javafx.scene.Node::lambda$buildEventDispatchChain$17 (25 bytes)
Event: 18.662 Thread 0x00000000564eb800 nmethod 2400 0x0000000002ee1550 code [0x0000000002ee16e0, 0x0000000002ee1af8]
Event: 19.354 Thread 0x00000000564eb800 2401       3       java.util.HashMap$KeyIterator::next (8 bytes)
Event: 19.354 Thread 0x00000000564eb800 nmethod 2401 0x0000000002ee1c50 code [0x0000000002ee1dc0, 0x0000000002ee1fc8]

GC Heap History (4 events):
Event: 0.895 GC heap before
{Heap before GC invocations=1 (full 0):
 PSYoungGen      total 18432K, used 15872K [0x00000000eb700000, 0x00000000ecb80000, 0x0000000100000000)
  eden space 15872K, 100% used [0x00000000eb700000,0x00000000ec680000,0x00000000ec680000)
  from space 2560K, 0% used [0x00000000ec900000,0x00000000ec900000,0x00000000ecb80000)
  to   space 2560K, 0% used [0x00000000ec680000,0x00000000ec680000,0x00000000ec900000)
 ParOldGen       total 42496K, used 0K [0x00000000c2400000, 0x00000000c4d80000, 0x00000000eb700000)
  object space 42496K, 0% used [0x00000000c2400000,0x00000000c2400000,0x00000000c4d80000)
 Metaspace       used 9500K, capacity 9926K, committed 10112K, reserved 1058816K
  class space    used 1263K, capacity 1381K, committed 1408K, reserved 1048576K
Event: 0.902 GC heap after
Heap after GC invocations=1 (full 0):
 PSYoungGen      total 18432K, used 2544K [0x00000000eb700000, 0x00000000ecb80000, 0x0000000100000000)
  eden space 15872K, 0% used [0x00000000eb700000,0x00000000eb700000,0x00000000ec680000)
  from space 2560K, 99% used [0x00000000ec680000,0x00000000ec8fc030,0x00000000ec900000)
  to   space 2560K, 0% used [0x00000000ec900000,0x00000000ec900000,0x00000000ecb80000)
 ParOldGen       total 42496K, used 148K [0x00000000c2400000, 0x00000000c4d80000, 0x00000000eb700000)
  object space 42496K, 0% used [0x00000000c2400000,0x00000000c2425380,0x00000000c4d80000)
 Metaspace       used 9500K, capacity 9926K, committed 10112K, reserved 1058816K
  class space    used 1263K, capacity 1381K, committed 1408K, reserved 1048576K
}
Event: 4.354 GC heap before
{Heap before GC invocations=2 (full 0):
 PSYoungGen      total 18432K, used 17669K [0x00000000eb700000, 0x00000000ecb80000, 0x0000000100000000)
  eden space 15872K, 95% used [0x00000000eb700000,0x00000000ec5c55d0,0x00000000ec680000)
  from space 2560K, 99% used [0x00000000ec680000,0x00000000ec8fc030,0x00000000ec900000)
  to   space 2560K, 0% used [0x00000000ec900000,0x00000000ec900000,0x00000000ecb80000)
 ParOldGen       total 42496K, used 148K [0x00000000c2400000, 0x00000000c4d80000, 0x00000000eb700000)
  object space 42496K, 0% used [0x00000000c2400000,0x00000000c2425380,0x00000000c4d80000)
 Metaspace       used 13294K, capacity 14014K, committed 14208K, reserved 1060864K
  class space    used 1857K, capacity 2059K, committed 2176K, reserved 1048576K
Event: 4.366 GC heap after
Heap after GC invocations=2 (full 0):
 PSYoungGen      total 18432K, used 2528K [0x00000000eb700000, 0x00000000ecb80000, 0x0000000100000000)
  eden space 15872K, 0% used [0x00000000eb700000,0x00000000eb700000,0x00000000ec680000)
  from space 2560K, 98% used [0x00000000ec900000,0x00000000ecb78030,0x00000000ecb80000)
  to   space 2560K, 0% used [0x00000000ec680000,0x00000000ec680000,0x00000000ec900000)
 ParOldGen       total 42496K, used 8483K [0x00000000c2400000, 0x00000000c4d80000, 0x00000000eb700000)
  object space 42496K, 19% used [0x00000000c2400000,0x00000000c2c48ee8,0x00000000c4d80000)
 Metaspace       used 13294K, capacity 14014K, committed 14208K, reserved 1060864K
  class space    used 1857K, capacity 2059K, committed 2176K, reserved 1048576K
}

Deoptimization events (10 events):
Event: 4.548 Thread 0x000000005736a800 Uncommon trap: reason=class_check action=maybe_recompile pc=0x0000000002bd5ee0 method=com.sun.javafx.css.StyleMap.getCascadingStyles()Ljava/util/Map; @ 77
Event: 4.548 Thread 0x000000005736a800 Uncommon trap: reason=class_check action=maybe_recompile pc=0x0000000002bbd560 method=javafx.scene.CssStyleHelper.getStyle(Ljavafx/css/Styleable;Ljava/lang/String;Lcom/sun/javafx/css/StyleMap;Ljava/util/Set;)Lcom/sun/javafx/css/CascadingStyle; @ 140
Event: 5.425 Thread 0x000000005736a800 Uncommon trap: reason=unstable_if action=reinterpret pc=0x0000000002c91074 method=com.sun.javafx.geom.RectBounds.isEmpty()Z @ 21
Event: 5.446 Thread 0x000000005736a800 Uncommon trap: reason=unstable_if action=reinterpret pc=0x0000000002b68940 method=java.util.HashMap.isEmpty()Z @ 4
Event: 6.771 Thread 0x000000005736a800 Uncommon trap: reason=array_check action=maybe_recompile pc=0x0000000002d06e38 method=com.sun.javafx.css.SimpleSelector.applies(Ljavafx/css/Styleable;[Ljava/util/Set;I)Z @ 37
Event: 6.771 Thread 0x000000005736a800 Uncommon trap: reason=array_check action=maybe_recompile pc=0x0000000002d06e38 method=com.sun.javafx.css.SimpleSelector.applies(Ljavafx/css/Styleable;[Ljava/util/Set;I)Z @ 37
Event: 6.771 Thread 0x000000005736a800 Uncommon trap: reason=array_check action=maybe_recompile pc=0x0000000002d06e38 method=com.sun.javafx.css.SimpleSelector.applies(Ljavafx/css/Styleable;[Ljava/util/Set;I)Z @ 37
Event: 6.771 Thread 0x000000005736a800 Uncommon trap: reason=array_check action=maybe_recompile pc=0x0000000002d06e38 method=com.sun.javafx.css.SimpleSelector.applies(Ljavafx/css/Styleable;[Ljava/util/Set;I)Z @ 37
Event: 8.915 Thread 0x000000005736a800 Uncommon trap: reason=unstable_if action=reinterpret pc=0x0000000002db9c5c method=javafx.scene.Node.impl_intersectsBounds(Lcom/sun/javafx/geom/PickRay;)D @ 131
Event: 17.341 Thread 0x000000005736a800 Uncommon trap: reason=unstable_if action=reinterpret pc=0x0000000002e44cf0 method=javafx.scene.Node.updateBounds()V @ 106

Internal exceptions (10 events):
Event: 0.282 Thread 0x000000000223e000 Exception <a 'java/security/PrivilegedActionException'> (0x00000000eb981f10) thrown at [C:\re\workspace\8-2-build-windows-amd64-cygwin\jdk8u102\7268\hotspot\src\share\vm\prims\jvm.cpp, line 1386]
Event: 0.283 Thread 0x000000000223e000 Exception <a 'java/security/PrivilegedActionException'> (0x00000000eb985df8) thrown at [C:\re\workspace\8-2-build-windows-amd64-cygwin\jdk8u102\7268\hotspot\src\share\vm\prims\jvm.cpp, line 1386]
Event: 0.283 Thread 0x000000000223e000 Exception <a 'java/security/PrivilegedActionException'> (0x00000000eb986008) thrown at [C:\re\workspace\8-2-build-windows-amd64-cygwin\jdk8u102\7268\hotspot\src\share\vm\prims\jvm.cpp, line 1386]
Event: 0.283 Thread 0x000000000223e000 Exception <a 'java/lang/NullPointerException'> (0x00000000eb9865e0) thrown at [C:\re\workspace\8-2-build-windows-amd64-cygwin\jdk8u102\7268\hotspot\src\share\vm\interpreter\linkResolver.cpp, line 1178]
Event: 0.644 Thread 0x000000005736a800 Exception <a 'java/lang/NullPointerException'> (0x00000000ec0e7558) thrown at [C:\re\workspace\8-2-build-windows-amd64-cygwin\jdk8u102\7268\hotspot\src\share\vm\interpreter\linkResolver.cpp, line 1178]
Event: 0.644 Thread 0x000000005736a800 Exception <a 'java/lang/NullPointerException'> (0x00000000ec0e7558) thrown at [C:\re\workspace\8-2-build-windows-amd64-cygwin\jdk8u102\7268\hotspot\src\share\vm\prims\jvm.cpp, line 1390]
Event: 0.889 Thread 0x000000005736a800 Implicit null exception at 0x00000000029e1c65 to 0x00000000029e1e31
Event: 8.436 Thread 0x000000005736a800 Exception <a 'java/lang/NoSuchMethodError': fuckmuhannad.Save.writeToFile(Lfuckmuhannad/Game;)V> (0x00000000ec0c85f0) thrown at [C:\re\workspace\8-2-build-windows-amd64-cygwin\jdk8u102\7268\hotspot\src\share\vm\interpreter\linkResolver.cpp, line 582]
Event: 8.436 Thread 0x000000005736a800 Exception <a 'java/lang/NoSuchMethodError'> (0x00000000ec0c85f0) thrown at [C:\re\workspace\8-2-build-windows-amd64-cygwin\jdk8u102\7268\hotspot\src\share\vm\prims\jvm.cpp, line 1390]
Event: 19.355 Thread 0x00000000565dc000 Exception <a 'java/lang/IllegalStateException'> (0x00000000ec1fe698) thrown at [C:\re\workspace\8-2-build-windows-amd64-cygwin\jdk8u102\7268\hotspot\src\share\vm\prims\jvm.cpp, line 1390]

Events (10 events):
Event: 19.352 loading class java/util/IdentityHashMap$KeyIterator done
Event: 19.352 Thread 0x00000000565dc000 Thread added: 0x00000000565dc000
Event: 19.353 loading class com/sun/javafx/tk/quantum/QuantumRenderer
Event: 19.353 loading class com/sun/javafx/tk/quantum/QuantumRenderer done
Event: 19.354 loading class java/util/LinkedList$ListItr
Event: 19.354 loading class java/util/LinkedList$ListItr done
Event: 19.355 loading class com/sun/javafx/tk/quantum/QuantumToolkit
Event: 19.355 loading class com/sun/javafx/tk/quantum/QuantumToolkit done
Event: 19.355 Thread 0x00000000565dc000 Thread exited: 0x00000000565dc000
Event: 19.356 Executing VM operation: Exit


Dynamic libraries:
0x000000013f530000 - 0x000000013f567000 	C:\Program Files\Java\jdk1.8.0_102\jre\bin\java.exe
0x0000000077cb0000 - 0x0000000077e4f000 	C:\Windows\SYSTEM32\ntdll.dll
0x0000000077b90000 - 0x0000000077caf000 	C:\Windows\system32\kernel32.dll
0x000007fefd900000 - 0x000007fefd96a000 	C:\Windows\system32\KERNELBASE.dll
0x000007fefdeb0000 - 0x000007fefdf8b000 	C:\Windows\system32\ADVAPI32.dll
0x000007fefe850000 - 0x000007fefe8ef000 	C:\Windows\system32\msvcrt.dll
0x000007fefe600000 - 0x000007fefe61f000 	C:\Windows\SYSTEM32\sechost.dll
0x000007fefdc60000 - 0x000007fefdd8d000 	C:\Windows\system32\RPCRT4.dll
0x0000000077a90000 - 0x0000000077b8a000 	C:\Windows\system32\USER32.dll
0x000007fefeaf0000 - 0x000007fefeb57000 	C:\Windows\system32\GDI32.dll
0x000007fefeae0000 - 0x000007fefeaee000 	C:\Windows\system32\LPK.dll
0x000007fefea10000 - 0x000007fefeadb000 	C:\Windows\system32\USP10.dll
0x000007fefa780000 - 0x000007fefa974000 	C:\Windows\WinSxS\amd64_microsoft.windows.common-controls_6595b64144ccf1df_6.0.7601.18837_none_fa3b1e3d17594757\COMCTL32.dll
0x000007fefe470000 - 0x000007fefe4e1000 	C:\Windows\system32\SHLWAPI.dll
0x000007fefe4f0000 - 0x000007fefe51e000 	C:\Windows\system32\IMM32.DLL
0x000007fefe900000 - 0x000007fefea09000 	C:\Windows\system32\MSCTF.dll
0x000000006d7a0000 - 0x000000006d871000 	C:\Program Files\Java\jdk1.8.0_102\jre\bin\msvcr100.dll
0x000000006ca40000 - 0x000000006d2da000 	C:\Program Files\Java\jdk1.8.0_102\jre\bin\server\jvm.dll
0x000007feefca0000 - 0x000007feefca9000 	C:\Windows\system32\WSOCK32.dll
0x000007fefe620000 - 0x000007fefe66d000 	C:\Windows\system32\WS2_32.dll
0x000007fefe8f0000 - 0x000007fefe8f8000 	C:\Windows\system32\NSI.dll
0x000007fefc630000 - 0x000007fefc66b000 	C:\Windows\system32\WINMM.dll
0x000007fefc5a0000 - 0x000007fefc5ac000 	C:\Windows\system32\VERSION.dll
0x0000000077e60000 - 0x0000000077e67000 	C:\Windows\system32\PSAPI.DLL
0x0000000072960000 - 0x000000007296f000 	C:\Program Files\Java\jdk1.8.0_102\jre\bin\verify.dll
0x0000000072910000 - 0x0000000072939000 	C:\Program Files\Java\jdk1.8.0_102\jre\bin\java.dll
0x00000000728f0000 - 0x0000000072906000 	C:\Program Files\Java\jdk1.8.0_102\jre\bin\zip.dll
0x000007feff210000 - 0x000007fefff9a000 	C:\Windows\system32\SHELL32.dll
0x000007feff010000 - 0x000007feff20f000 	C:\Windows\system32\ole32.dll
0x000007fefd800000 - 0x000007fefd80f000 	C:\Windows\system32\profapi.dll
0x000007fee77c0000 - 0x000007fee78af000 	C:\Program Files\Java\jdk1.8.0_102\jre\bin\msvcr120.dll
0x000007fee7710000 - 0x000007fee77b6000 	C:\Program Files\Java\jdk1.8.0_102\jre\bin\msvcp120.dll
0x0000000072b90000 - 0x0000000072bb2000 	C:\Program Files\Java\jdk1.8.0_102\jre\bin\prism_d3d.dll
0x000007fee0090000 - 0x000007fee028f000 	C:\Windows\system32\d3d9.dll
0x000007fef9750000 - 0x000007fef9757000 	C:\Windows\system32\d3d8thk.dll
0x000007fef9990000 - 0x000007fef99a8000 	C:\Windows\system32\dwmapi.dll
0x000007fefa470000 - 0x000007fefa4c6000 	C:\Windows\system32\uxtheme.dll
0x0000000072b40000 - 0x0000000072b83000 	C:\Program Files\Java\jdk1.8.0_102\jre\bin\glass.dll
0x000007fefdbc0000 - 0x000007fefdc57000 	C:\Windows\system32\COMDLG32.dll
0x000007fefe520000 - 0x000007fefe5fa000 	C:\Windows\system32\OLEAUT32.dll
0x000007fefd660000 - 0x000007fefd66f000 	C:\Windows\system32\CRYPTBASE.dll
0x0000000072af0000 - 0x0000000072b04000 	C:\Program Files\Java\jdk1.8.0_102\jre\bin\javafx_font.dll
0x000007feefa50000 - 0x000007feefbe7000 	C:\Windows\system32\dwrite.dll
0x000007fefdd90000 - 0x000007fefde29000 	C:\Windows\system32\CLBCatQ.DLL
0x000007fef94c0000 - 0x000007fef9621000 	C:\Windows\system32\WindowsCodecs.dll
0x000007fefd600000 - 0x000007fefd657000 	C:\Windows\system32\apphelp.dll
0x000007fef0fa0000 - 0x000007fef0fa9000 	C:\Program Files (x86)\Internet Download Manager\IDMShellExt64.dll
0x000007fef0ee0000 - 0x000007fef0f40000 	C:\Program Files (x86)\Dropbox\Client\DropboxExt64.26.0.dll
0x000007fef0ed0000 - 0x000007fef0ed3000 	C:\Windows\system32\api-ms-win-core-synch-l1-2-0.DLL
0x000007fefe670000 - 0x000007fefe847000 	C:\Windows\system32\SETUPAPI.dll
0x000007fefd9f0000 - 0x000007fefda26000 	C:\Windows\system32\CFGMGR32.dll
0x000007fefd9b0000 - 0x000007fefd9ca000 	C:\Windows\system32\DEVOBJ.dll
0x000007fefa4d0000 - 0x000007fefa5fc000 	C:\Windows\system32\propsys.dll
0x000007fefc2d0000 - 0x000007fefc2fd000 	C:\Windows\system32\ntmarta.dll
0x000007fefdfb0000 - 0x000007fefe002000 	C:\Windows\system32\WLDAP32.dll
0x000007fef1c40000 - 0x000007fef1c5f000 	C:\Windows\system32\thumbcache.dll
0x000007fef0d70000 - 0x000007fef0ddb000 	C:\Windows\system32\PhotoMetadataHandler.dll
0x000007fef0d30000 - 0x000007fef0d65000 	C:\Windows\system32\EhStorShell.dll
0x000007feedea0000 - 0x000007feedecd000 	C:\Program Files\Common Files\Microsoft Shared\Ink\rtscom.dll
0x00000000568e0000 - 0x0000000056945000 	C:\Program Files\WIDCOMM\Bluetooth Software\btmmhook.dll
0x000000006eab0000 - 0x000000006ead3000 	C:\Program Files\Java\jdk1.8.0_102\jre\bin\javafx_iio.dll
0x0000000072d00000 - 0x0000000072d11000 	C:\Program Files\Java\jdk1.8.0_102\jre\bin\prism_common.dll
0x000007fef4a70000 - 0x000007fef4b95000 	C:\Windows\system32\dbghelp.dll

VM Arguments:
jvm_args: -Dfile.encoding=UTF-8 
java_command: C:\Users\MuhannadT\Desktop\FXApplication\dist\run789157138\FXApplication.jar
java_class_path (initial): C:\Users\MuhannadT\Desktop\FXApplication\dist\run789157138\FXApplication.jar
Launcher Type: SUN_STANDARD

Environment Variables:
PATH=C:\Program Files (x86)\ActiveState Komodo IDE 11\;C:\Program Files (x86)\NVIDIA Corporation\PhysX\Common;C:\ProgramData\Oracle\Java\javapath;C:\Windows\system32;C:\Windows;C:\Windows\System32\Wbem;C:\Windows\System32\WindowsPowerShell\v1.0\;C:\Program Files\WIDCOMM\Bluetooth Software\;C:\Program Files\WIDCOMM\Bluetooth Software\syswow64;c:\Program Files (x86)\ATI Technologies\ATI.ACE\Core-Static;C:\Program Files (x86)\Common Files\Roxio Shared\10.0\DLLShared\;C:\Program Files (x86)\Common Files\Roxio Shared\DLLShared\;C:\Program Files\Microsoft SQL Server\110\Tools\Binn\
USERNAME=MuhannadT
OS=Windows_NT
PROCESSOR_IDENTIFIER=Intel64 Family 6 Model 37 Stepping 2, GenuineIntel



---------------  S Y S T E M  ---------------

OS: Windows 7 , 64 bit Build 7601 (6.1.7601.24291)

CPU:total 4 (2 cores per cpu, 2 threads per core) family 6 model 37 stepping 2, cmov, cx8, fxsr, mmx, sse, sse2, sse3, ssse3, sse4.1, sse4.2, popcnt, ht, tsc, tscinvbit

Memory: 4k page, physical 4044900k(1390580k free), swap 8087896k(4254164k free)

vm_info: Java HotSpot(TM) 64-Bit Server VM (25.102-b14) for windows-amd64 JRE (1.8.0_102-b14), built on Jun 22 2016 13:15:21 by "java_re" with MS VC++ 10.0 (VS2010)

time: Sun Dec 09 13:20:03 2018
elapsed time: 19 seconds (0d 0h 0m 19s)

