#
# A fatal error has been detected by the Java Runtime Environment:
#
#  EXCEPTION_ACCESS_VIOLATION (0xc0000005) at pc=0x000000006b83584a, pid=3212, tid=0x0000000000001c8c
#
# JRE version: Java(TM) SE Runtime Environment (8.0_102-b14) (build 1.8.0_102-b14)
# Java VM: Java HotSpot(TM) 64-Bit Server VM (25.102-b14 mixed mode windows-amd64 compressed oops)
# Problematic frame:
# C  [glass.dll+0x2584a]
#
# Failed to write core dump. Minidumps are not enabled by default on client versions of Windows
#
# If you would like to submit a bug report, please visit:
#   http://bugreport.java.com/bugreport/crash.jsp
#

---------------  T H R E A D  ---------------

Current thread (0x000000005500b000):  VMThread [stack: 0x0000000055f80000,0x0000000056080000] [id=7308]

siginfo: ExceptionCode=0xc0000005, reading address 0x0000000000000000

Registers:
RAX=0x0000000000000000, RBX=0x0000000054f4c410, RCX=0x000000005500b000, RDX=0x0000000054f4c410
RSP=0x000000005607f470, RBP=0x000000000048e8e0, RSI=0x0000000000000001, RDI=0x0000000000000000
R8 =0x0000000000010002, R9 =0x000000000048e8e0, R10=0x0000000000000000, R11=0x0000000000000286
R12=0x000000000048e910, R13=0x000000000048e8e0, R14=0x000000000048e8f0, R15=0x0000000000000000
RIP=0x000000006b83584a, EFLAGS=0x0000000000010202

Top of Stack: (sp=0x000000005607f470)
0x000000005607f470:   0000000000000000 000000006b835900
0x000000005607f480:   0000000000000000 000007fefd4c6800
0x000000005607f490:   000000006b835830 000000006b833224
0x000000005607f4a0:   000000006b835a60 00000000a8e27064
0x000000005607f4b0:   0000000000000001 000007fefd95b3ea
0x000000005607f4c0:   0000000077c62e70 000000006b810000
0x000000005607f4d0:   000007fffffac000 000000006b8334a6
0x000000005607f4e0:   0000000000000001 0000000054ef5500
0x000000005607f4f0:   0000000000000000 000007fffffda000
0x000000005607f500:   c000000500000001 000000005607e760
0x000000005607f510:   0000000077c5ba58 0000000077b6778b
0x000000005607f520:   000000000047abe0 000000000047ade0
0x000000005607f530:   000000006b833384 00000000004b1470
0x000000005607f540:   0000000000000000 0000000000000000
0x000000005607f550:   0000000000000000 0000000000000000
0x000000005607f560:   000000000330032e 0000000000433014 

Instructions: (pc=0x000000006b83584a)
0x000000006b83582a:   83 c4 20 5d c3 cc 40 53 48 83 ec 20 48 8b 1d cb
0x000000006b83583a:   5b 01 00 48 85 db 74 1a e8 19 93 ff ff 48 8b d3
0x000000006b83584a:   4c 8b 00 48 8b c8 48 83 c4 20 5b 49 ff a0 b0 00
0x000000006b83585a:   00 00 48 83 c4 20 5b c3 cc cc cc cc cc cc cc cc 


Register to memory mapping:

RAX=0x0000000000000000 is an unknown value
RBX=0x0000000054f4c410 is a global jni handle
RCX=0x000000005500b000 is an unknown value
RDX=0x0000000054f4c410 is a global jni handle
RSP=0x000000005607f470 is an unknown value
RBP=0x000000000048e8e0 is an unknown value
RSI=0x0000000000000001 is an unknown value
RDI=0x0000000000000000 is an unknown value
R8 =0x0000000000010002 is an unknown value
R9 =0x000000000048e8e0 is an unknown value
R10=0x0000000000000000 is an unknown value
R11=0x0000000000000286 is an unknown value
R12=0x000000000048e910 is an unknown value
R13=0x000000000048e8e0 is an unknown value
R14=0x000000000048e8f0 is an unknown value
R15=0x0000000000000000 is an unknown value


Stack: [0x0000000055f80000,0x0000000056080000],  sp=0x000000005607f470,  free space=1021k
Native frames: (J=compiled Java code, j=interpreted, Vv=VM code, C=native code)
C  [glass.dll+0x2584a]
C  [glass.dll+0x23224]
C  [glass.dll+0x234a6]
C  [ntdll.dll+0x3778b]
C  [ntdll.dll+0x3c1e0]
C  [msvcr100.dll+0x20cb9]
V  [jvm.dll+0x212a05]
V  [jvm.dll+0x24b647]
V  [jvm.dll+0x24a8e6]
V  [jvm.dll+0x24ad81]
V  [jvm.dll+0x24af9e]
V  [jvm.dll+0x29c03a]
C  [msvcr100.dll+0x21d7b]
C  [msvcr100.dll+0x21e17]
C  [kernel32.dll+0x159cd]
C  [ntdll.dll+0x5385d]

VM_Operation (0x0000000057bf6c20): Exit, mode: safepoint, requested by thread 0x00000000567f6800


---------------  P R O C E S S  ---------------

Java Threads: ( => current thread )
  0x0000000059c7e000 JavaThread "Thread-4" [_thread_blocked, id=8228, stack(0x000000005e610000,0x000000005e710000)]
  0x0000000059c4b800 JavaThread "Prism Font Disposer" daemon [_thread_blocked, id=2852, stack(0x000000005c440000,0x000000005c540000)]
  0x00000000599c0000 JavaThread "JavaFX-Launcher" [_thread_blocked, id=6444, stack(0x0000000058d10000,0x0000000058e10000)]
  0x00000000599c9800 JavaThread "Thread-2" daemon [_thread_in_native, id=4892, stack(0x000000005a2f0000,0x000000005a3f0000)]
  0x00000000567f6800 JavaThread "JavaFX Application Thread" [_thread_blocked, id=8004, stack(0x0000000057b00000,0x0000000057c00000)]
  0x00000000567f3800 JavaThread "Thread-1" daemon [_thread_blocked, id=4580, stack(0x00000000579e0000,0x0000000057ae0000)]
  0x00000000567d3000 JavaThread "QuantumRenderer-0" daemon [_thread_blocked, id=8728, stack(0x0000000057420000,0x0000000057520000)]
  0x00000000564a1000 JavaThread "Service Thread" daemon [_thread_blocked, id=10056, stack(0x0000000057110000,0x0000000057210000)]
  0x000000005507c000 JavaThread "C1 CompilerThread2" daemon [_thread_blocked, id=6176, stack(0x0000000056f50000,0x0000000057050000)]
  0x000000005641c800 JavaThread "C2 CompilerThread1" daemon [_thread_blocked, id=7788, stack(0x0000000056d60000,0x0000000056e60000)]
  0x0000000056417000 JavaThread "C2 CompilerThread0" daemon [_thread_blocked, id=4060, stack(0x0000000056c30000,0x0000000056d30000)]
  0x0000000056412800 JavaThread "Attach Listener" daemon [_thread_blocked, id=9696, stack(0x0000000056a80000,0x0000000056b80000)]
  0x000000005505a000 JavaThread "Finalizer" daemon [_thread_blocked, id=6040, stack(0x0000000056310000,0x0000000056410000)]
  0x0000000055013000 JavaThread "Reference Handler" daemon [_thread_blocked, id=8168, stack(0x00000000561f0000,0x00000000562f0000)]
  0x00000000003ae000 JavaThread "main" [_thread_blocked, id=7648, stack(0x00000000024d0000,0x00000000025d0000)]

Other Threads:
=>0x000000005500b000 VMThread [stack: 0x0000000055f80000,0x0000000056080000] [id=7308]

VM state:at safepoint (shutting down)

VM Mutex/Monitor currently owned by a thread:  ([mutex/lock_event])
[0x00000000003ac400] Threads_lock - owner thread: 0x000000005500b000

Heap:
 PSYoungGen      total 18432K, used 13445K [0x00000000eb700000, 0x00000000ecb80000, 0x0000000100000000)
  eden space 15872K, 68% used [0x00000000eb700000,0x00000000ec1a1788,0x00000000ec680000)
  from space 2560K, 99% used [0x00000000ec900000,0x00000000ecb7fd00,0x00000000ecb80000)
  to   space 2560K, 0% used [0x00000000ec680000,0x00000000ec680000,0x00000000ec900000)
 ParOldGen       total 42496K, used 5476K [0x00000000c2400000, 0x00000000c4d80000, 0x00000000eb700000)
  object space 42496K, 12% used [0x00000000c2400000,0x00000000c29593b8,0x00000000c4d80000)
 Metaspace       used 15325K, capacity 16104K, committed 16256K, reserved 1062912K
  class space    used 2163K, capacity 2378K, committed 2432K, reserved 1048576K

Card table byte_map: [0x0000000011c60000,0x0000000011e50000] byte_map_base: 0x000000001164e000

Marking Bits: (ParMarkBitMap*) 0x000000005f27a6c0
 Begin Bits: [0x00000000125b0000, 0x0000000013520000)
 End Bits:   [0x0000000013520000, 0x0000000014490000)

Polling page: 0x0000000000140000

CodeCache: size=245760Kb used=6467Kb max_used=6474Kb free=239292Kb
 bounds [0x00000000028a0000, 0x0000000002f00000, 0x00000000118a0000]
 total_blobs=2769 nmethods=2126 adapters=555
 compilation: enabled

Compilation events (10 events):
Event: 8.432 Thread 0x0000000056417000 2122       4       com.sun.javafx.geom.PickRay::setDirection (12 bytes)
Event: 8.433 Thread 0x0000000056417000 nmethod 2122 0x0000000002ee6610 code [0x0000000002ee6740, 0x0000000002ee67b8]
Event: 8.446 Thread 0x000000005507c000 2123       1       com.sun.javafx.stage.WindowEventDispatcher::getLastDispatcher (5 bytes)
Event: 8.446 Thread 0x000000005507c000 nmethod 2123 0x0000000002ef49d0 code [0x0000000002ef4b20, 0x0000000002ef4c30]
Event: 9.024 Thread 0x000000005507c000 2124       3       java.util.concurrent.CopyOnWriteArrayList::size (6 bytes)
Event: 9.025 Thread 0x000000005507c000 nmethod 2124 0x0000000002ef45d0 code [0x0000000002ef4720, 0x0000000002ef4910]
Event: 9.064 Thread 0x000000005507c000 2125       3       com.sun.glass.ui.Window::getPlatformScale (5 bytes)
Event: 9.064 Thread 0x000000005507c000 nmethod 2125 0x0000000002ef4290 code [0x0000000002ef43e0, 0x0000000002ef4530]
Event: 9.068 Thread 0x000000005507c000 2126       3       jdk.internal.org.objectweb.asm.MethodWriter::visitTypeInsn (110 bytes)
Event: 9.070 Thread 0x000000005507c000 nmethod 2126 0x0000000002ef3ad0 code [0x0000000002ef3c60, 0x0000000002ef4088]

GC Heap History (4 events):
Event: 0.885 GC heap before
{Heap before GC invocations=1 (full 0):
 PSYoungGen      total 18432K, used 15872K [0x00000000eb700000, 0x00000000ecb80000, 0x0000000100000000)
  eden space 15872K, 100% used [0x00000000eb700000,0x00000000ec680000,0x00000000ec680000)
  from space 2560K, 0% used [0x00000000ec900000,0x00000000ec900000,0x00000000ecb80000)
  to   space 2560K, 0% used [0x00000000ec680000,0x00000000ec680000,0x00000000ec900000)
 ParOldGen       total 42496K, used 0K [0x00000000c2400000, 0x00000000c4d80000, 0x00000000eb700000)
  object space 42496K, 0% used [0x00000000c2400000,0x00000000c2400000,0x00000000c4d80000)
 Metaspace       used 9505K, capacity 9926K, committed 10112K, reserved 1058816K
  class space    used 1264K, capacity 1381K, committed 1408K, reserved 1048576K
Event: 0.894 GC heap after
Heap after GC invocations=1 (full 0):
 PSYoungGen      total 18432K, used 2528K [0x00000000eb700000, 0x00000000ecb80000, 0x0000000100000000)
  eden space 15872K, 0% used [0x00000000eb700000,0x00000000eb700000,0x00000000ec680000)
  from space 2560K, 98% used [0x00000000ec680000,0x00000000ec8f8040,0x00000000ec900000)
  to   space 2560K, 0% used [0x00000000ec900000,0x00000000ec900000,0x00000000ecb80000)
 ParOldGen       total 42496K, used 140K [0x00000000c2400000, 0x00000000c4d80000, 0x00000000eb700000)
  object space 42496K, 0% used [0x00000000c2400000,0x00000000c2423180,0x00000000c4d80000)
 Metaspace       used 9505K, capacity 9926K, committed 10112K, reserved 1058816K
  class space    used 1264K, capacity 1381K, committed 1408K, reserved 1048576K
}
Event: 2.864 GC heap before
{Heap before GC invocations=2 (full 0):
 PSYoungGen      total 18432K, used 16694K [0x00000000eb700000, 0x00000000ecb80000, 0x0000000100000000)
  eden space 15872K, 89% used [0x00000000eb700000,0x00000000ec4d5948,0x00000000ec680000)
  from space 2560K, 98% used [0x00000000ec680000,0x00000000ec8f8040,0x00000000ec900000)
  to   space 2560K, 0% used [0x00000000ec900000,0x00000000ec900000,0x00000000ecb80000)
 ParOldGen       total 42496K, used 140K [0x00000000c2400000, 0x00000000c4d80000, 0x00000000eb700000)
  object space 42496K, 0% used [0x00000000c2400000,0x00000000c2423180,0x00000000c4d80000)
 Metaspace       used 13254K, capacity 13886K, committed 14208K, reserved 1060864K
  class space    used 1861K, capacity 2059K, committed 2176K, reserved 1048576K
Event: 2.874 GC heap after
Heap after GC invocations=2 (full 0):
 PSYoungGen      total 18432K, used 2559K [0x00000000eb700000, 0x00000000ecb80000, 0x0000000100000000)
  eden space 15872K, 0% used [0x00000000eb700000,0x00000000eb700000,0x00000000ec680000)
  from space 2560K, 99% used [0x00000000ec900000,0x00000000ecb7fd00,0x00000000ecb80000)
  to   space 2560K, 0% used [0x00000000ec680000,0x00000000ec680000,0x00000000ec900000)
 ParOldGen       total 42496K, used 5476K [0x00000000c2400000, 0x00000000c4d80000, 0x00000000eb700000)
  object space 42496K, 12% used [0x00000000c2400000,0x00000000c29593b8,0x00000000c4d80000)
 Metaspace       used 13254K, capacity 13886K, committed 14208K, reserved 1060864K
  class space    used 1861K, capacity 2059K, committed 2176K, reserved 1048576K
}

Deoptimization events (10 events):
Event: 2.772 Thread 0x00000000567f6800 Uncommon trap: reason=class_check action=maybe_recompile pc=0x0000000002bb331c method=java.io.FilterInputStream.read()I @ 4
Event: 2.772 Thread 0x00000000567f6800 Uncommon trap: reason=class_check action=maybe_recompile pc=0x0000000002bb331c method=java.io.FilterInputStream.read()I @ 4
Event: 2.772 Thread 0x00000000567f6800 Uncommon trap: reason=class_check action=maybe_recompile pc=0x0000000002bb331c method=java.io.FilterInputStream.read()I @ 4
Event: 2.772 Thread 0x00000000567f6800 Uncommon trap: reason=class_check action=maybe_recompile pc=0x0000000002bb331c method=java.io.FilterInputStream.read()I @ 4
Event: 3.038 Thread 0x00000000567f6800 Uncommon trap: reason=class_check action=maybe_recompile pc=0x0000000002cacf94 method=javafx.scene.CssStyleHelper.getStyle(Ljavafx/css/Styleable;Ljava/lang/String;Lcom/sun/javafx/css/StyleMap;Ljava/util/Set;)Lcom/sun/javafx/css/CascadingStyle; @ 140
Event: 3.040 Thread 0x00000000567f6800 Uncommon trap: reason=class_check action=maybe_recompile pc=0x0000000002cacf94 method=javafx.scene.CssStyleHelper.getStyle(Ljavafx/css/Styleable;Ljava/lang/String;Lcom/sun/javafx/css/StyleMap;Ljava/util/Set;)Lcom/sun/javafx/css/CascadingStyle; @ 140
Event: 3.040 Thread 0x00000000567f6800 Uncommon trap: reason=class_check action=maybe_recompile pc=0x0000000002cacf94 method=javafx.scene.CssStyleHelper.getStyle(Ljavafx/css/Styleable;Ljava/lang/String;Lcom/sun/javafx/css/StyleMap;Ljava/util/Set;)Lcom/sun/javafx/css/CascadingStyle; @ 140
Event: 3.041 Thread 0x00000000567f6800 Uncommon trap: reason=class_check action=maybe_recompile pc=0x0000000002cacf94 method=javafx.scene.CssStyleHelper.getStyle(Ljavafx/css/Styleable;Ljava/lang/String;Lcom/sun/javafx/css/StyleMap;Ljava/util/Set;)Lcom/sun/javafx/css/CascadingStyle; @ 140
Event: 4.692 Thread 0x00000000567f6800 Uncommon trap: reason=unstable_if action=reinterpret pc=0x0000000002b3a3a0 method=java.lang.String.indexOf([CII[CIII)I @ 3
Event: 7.909 Thread 0x00000000567f6800 Uncommon trap: reason=unstable_if action=reinterpret pc=0x0000000002ecc85c method=javafx.scene.Node.updateBounds()V @ 106

Internal exceptions (10 events):
Event: 4.710 Thread 0x00000000567f6800 Exception <a 'java/lang/NoSuchMethodError': <clinit>> (0x00000000ec02f308) thrown at [C:\re\workspace\8-2-build-windows-amd64-cygwin\jdk8u102\7268\hotspot\src\share\vm\prims\jni.cpp, line 1613]
Event: 4.711 Thread 0x00000000567f6800 Exception <a 'java/lang/NoSuchMethodError': <clinit>> (0x00000000ec030250) thrown at [C:\re\workspace\8-2-build-windows-amd64-cygwin\jdk8u102\7268\hotspot\src\share\vm\prims\jni.cpp, line 1613]
Event: 4.713 Thread 0x00000000567f6800 Exception <a 'java/lang/NoSuchMethodError': <clinit>> (0x00000000ec03c300) thrown at [C:\re\workspace\8-2-build-windows-amd64-cygwin\jdk8u102\7268\hotspot\src\share\vm\prims\jni.cpp, line 1613]
Event: 4.720 Thread 0x00000000567f6800 Exception <a 'java/lang/NoSuchMethodError': <clinit>> (0x00000000ec0425c8) thrown at [C:\re\workspace\8-2-build-windows-amd64-cygwin\jdk8u102\7268\hotspot\src\share\vm\prims\jni.cpp, line 1613]
Event: 4.720 Thread 0x00000000567f6800 Exception <a 'java/lang/NoSuchMethodError': <clinit>> (0x00000000ec0435d0) thrown at [C:\re\workspace\8-2-build-windows-amd64-cygwin\jdk8u102\7268\hotspot\src\share\vm\prims\jni.cpp, line 1613]
Event: 4.726 Thread 0x00000000567f6800 Exception <a 'java/lang/NoSuchMethodError': <clinit>> (0x00000000ec05af70) thrown at [C:\re\workspace\8-2-build-windows-amd64-cygwin\jdk8u102\7268\hotspot\src\share\vm\prims\jni.cpp, line 1613]
Event: 4.726 Thread 0x00000000567f6800 Exception <a 'java/lang/NoSuchMethodError': <clinit>> (0x00000000ec05db50) thrown at [C:\re\workspace\8-2-build-windows-amd64-cygwin\jdk8u102\7268\hotspot\src\share\vm\prims\jni.cpp, line 1613]
Event: 4.730 Thread 0x00000000567f6800 Exception <a 'java/lang/NoSuchMethodError': <clinit>> (0x00000000ec077d68) thrown at [C:\re\workspace\8-2-build-windows-amd64-cygwin\jdk8u102\7268\hotspot\src\share\vm\prims\jni.cpp, line 1613]
Event: 4.732 Thread 0x00000000567f6800 Exception <a 'java/lang/NoSuchMethodError': <clinit>> (0x00000000ec085bf8) thrown at [C:\re\workspace\8-2-build-windows-amd64-cygwin\jdk8u102\7268\hotspot\src\share\vm\prims\jni.cpp, line 1613]
Event: 9.071 Thread 0x000000005a069000 Exception <a 'java/lang/IllegalStateException'> (0x00000000ec193df0) thrown at [C:\re\workspace\8-2-build-windows-amd64-cygwin\jdk8u102\7268\hotspot\src\share\vm\prims\jvm.cpp, line 1390]

Events (10 events):
Event: 9.066 Thread 0x000000005a069000 Thread added: 0x000000005a069000
Event: 9.067 loading class com/sun/javafx/tk/quantum/QuantumRenderer
Event: 9.067 loading class com/sun/javafx/tk/quantum/QuantumRenderer done
Event: 9.068 loading class com/sun/javafx/tk/quantum/QuantumToolkit
Event: 9.068 loading class com/sun/javafx/tk/quantum/QuantumToolkit done
Event: 9.068 loading class java/util/LinkedList$ListItr
Event: 9.069 loading class java/util/LinkedList$ListItr done
Event: 9.071 Thread 0x000000005a069000 Thread exited: 0x000000005a069000
Event: 9.071 Thread 0x0000000055078000 Thread exited: 0x0000000055078000
Event: 9.071 Executing VM operation: Exit


Dynamic libraries:
0x000000013fcf0000 - 0x000000013fd27000 	C:\Program Files\Java\jdk1.8.0_102\jre\bin\java.exe
0x0000000077b30000 - 0x0000000077ccf000 	C:\Windows\SYSTEM32\ntdll.dll
0x0000000077910000 - 0x0000000077a2f000 	C:\Windows\system32\kernel32.dll
0x000007fefd950000 - 0x000007fefd9ba000 	C:\Windows\system32\KERNELBASE.dll
0x000007fefe690000 - 0x000007fefe76b000 	C:\Windows\system32\ADVAPI32.dll
0x000007fefe100000 - 0x000007fefe19f000 	C:\Windows\system32\msvcrt.dll
0x000007fefe770000 - 0x000007fefe78f000 	C:\Windows\SYSTEM32\sechost.dll
0x000007fefda40000 - 0x000007fefdb6d000 	C:\Windows\system32\RPCRT4.dll
0x0000000077a30000 - 0x0000000077b2a000 	C:\Windows\system32\USER32.dll
0x000007fefe420000 - 0x000007fefe487000 	C:\Windows\system32\GDI32.dll
0x000007fefe1a0000 - 0x000007fefe1ae000 	C:\Windows\system32\LPK.dll
0x000007fefed10000 - 0x000007fefeddb000 	C:\Windows\system32\USP10.dll
0x000007fefa350000 - 0x000007fefa544000 	C:\Windows\WinSxS\amd64_microsoft.windows.common-controls_6595b64144ccf1df_6.0.7601.18837_none_fa3b1e3d17594757\COMCTL32.dll
0x000007feffda0000 - 0x000007feffe11000 	C:\Windows\system32\SHLWAPI.dll
0x000007feffb70000 - 0x000007feffb9e000 	C:\Windows\system32\IMM32.DLL
0x000007fefe790000 - 0x000007fefe899000 	C:\Windows\system32\MSCTF.dll
0x000000006a8e0000 - 0x000000006a9b1000 	C:\Program Files\Java\jdk1.8.0_102\jre\bin\msvcr100.dll
0x000000005ea60000 - 0x000000005f2fa000 	C:\Program Files\Java\jdk1.8.0_102\jre\bin\server\jvm.dll
0x000007feecc10000 - 0x000007feecc19000 	C:\Windows\system32\WSOCK32.dll
0x000007fefdbf0000 - 0x000007fefdc3d000 	C:\Windows\system32\WS2_32.dll
0x000007fefe0f0000 - 0x000007fefe0f8000 	C:\Windows\system32\NSI.dll
0x000007fefc4b0000 - 0x000007fefc4eb000 	C:\Windows\system32\WINMM.dll
0x000007fefc420000 - 0x000007fefc42c000 	C:\Windows\system32\VERSION.dll
0x0000000077cd0000 - 0x0000000077cd7000 	C:\Windows\system32\PSAPI.DLL
0x000000006cf60000 - 0x000000006cf6f000 	C:\Program Files\Java\jdk1.8.0_102\jre\bin\verify.dll
0x000000006ac40000 - 0x000000006ac69000 	C:\Program Files\Java\jdk1.8.0_102\jre\bin\java.dll
0x000000006ac20000 - 0x000000006ac36000 	C:\Program Files\Java\jdk1.8.0_102\jre\bin\zip.dll
0x000007fefede0000 - 0x000007feffb6a000 	C:\Windows\system32\SHELL32.dll
0x000007fefe490000 - 0x000007fefe68f000 	C:\Windows\system32\ole32.dll
0x000007fefd680000 - 0x000007fefd68f000 	C:\Windows\system32\profapi.dll
0x000007feeb7d0000 - 0x000007feeb8bf000 	C:\Program Files\Java\jdk1.8.0_102\jre\bin\msvcr120.dll
0x000007fef18a0000 - 0x000007fef1946000 	C:\Program Files\Java\jdk1.8.0_102\jre\bin\msvcp120.dll
0x000000006b860000 - 0x000000006b882000 	C:\Program Files\Java\jdk1.8.0_102\jre\bin\prism_d3d.dll
0x000007fee7870000 - 0x000007fee7a6f000 	C:\Windows\system32\d3d9.dll
0x000007fef0010000 - 0x000007fef0017000 	C:\Windows\system32\d3d8thk.dll
0x000007fef94e0000 - 0x000007fef94f8000 	C:\Windows\system32\dwmapi.dll
0x000007fef9ad0000 - 0x000007fef9b26000 	C:\Windows\system32\uxtheme.dll
0x000000006b810000 - 0x000000006b853000 	C:\Program Files\Java\jdk1.8.0_102\jre\bin\glass.dll
0x000007fefe8a0000 - 0x000007fefe937000 	C:\Windows\system32\COMDLG32.dll
0x000007fefe340000 - 0x000007fefe41a000 	C:\Windows\system32\OLEAUT32.dll
0x000007fefd520000 - 0x000007fefd52f000 	C:\Windows\system32\CRYPTBASE.dll
0x000000006b8a0000 - 0x000000006b8b4000 	C:\Program Files\Java\jdk1.8.0_102\jre\bin\javafx_font.dll
0x000007feee1c0000 - 0x000007feee357000 	C:\Windows\system32\dwrite.dll
0x000007fefe9a0000 - 0x000007fefea39000 	C:\Windows\system32\CLBCatQ.DLL
0x000007fef9160000 - 0x000007fef92c1000 	C:\Windows\system32\WindowsCodecs.dll
0x000007fefd480000 - 0x000007fefd4d7000 	C:\Windows\system32\apphelp.dll
0x000007fef0830000 - 0x000007fef0839000 	C:\Program Files (x86)\Internet Download Manager\IDMShellExt64.dll
0x000007fef06b0000 - 0x000007fef0710000 	C:\Program Files (x86)\Dropbox\Client\DropboxExt64.26.0.dll
0x000007fef06a0000 - 0x000007fef06a3000 	C:\Windows\system32\api-ms-win-core-synch-l1-2-0.DLL
0x000007feffbc0000 - 0x000007feffd97000 	C:\Windows\system32\SETUPAPI.dll
0x000007fefd9d0000 - 0x000007fefda06000 	C:\Windows\system32\CFGMGR32.dll
0x000007fefd6c0000 - 0x000007fefd6da000 	C:\Windows\system32\DEVOBJ.dll
0x000007fef9f80000 - 0x000007fefa0ac000 	C:\Windows\system32\propsys.dll
0x000007fefc150000 - 0x000007fefc17d000 	C:\Windows\system32\ntmarta.dll
0x000007fefe940000 - 0x000007fefe992000 	C:\Windows\system32\WLDAP32.dll
0x000007feefc90000 - 0x000007feefcaf000 	C:\Windows\system32\thumbcache.dll
0x000007feefc20000 - 0x000007feefc8b000 	C:\Windows\system32\PhotoMetadataHandler.dll
0x000007feefbe0000 - 0x000007feefc15000 	C:\Windows\system32\EhStorShell.dll
0x000007fef0d00000 - 0x000007fef0d2d000 	C:\Program Files\Common Files\Microsoft Shared\Ink\rtscom.dll
0x0000000056160000 - 0x00000000561c5000 	C:\Program Files\WIDCOMM\Bluetooth Software\btmmhook.dll
0x000000006b7e0000 - 0x000000006b803000 	C:\Program Files\Java\jdk1.8.0_102\jre\bin\javafx_iio.dll
0x000000006b7c0000 - 0x000000006b7d1000 	C:\Program Files\Java\jdk1.8.0_102\jre\bin\prism_common.dll
0x000007fef7040000 - 0x000007fef7165000 	C:\Windows\system32\dbghelp.dll

VM Arguments:
jvm_args: -Dfile.encoding=UTF-8 
java_command: C:\Users\MuhannadT\Desktop\FXApplication\dist\run1726528469\FXApplication.jar
java_class_path (initial): C:\Users\MuhannadT\Desktop\FXApplication\dist\run1726528469\FXApplication.jar
Launcher Type: SUN_STANDARD

Environment Variables:
PATH=C:\Program Files (x86)\ActiveState Komodo IDE 11\;C:\Program Files (x86)\NVIDIA Corporation\PhysX\Common;C:\ProgramData\Oracle\Java\javapath;C:\Windows\system32;C:\Windows;C:\Windows\System32\Wbem;C:\Windows\System32\WindowsPowerShell\v1.0\;C:\Program Files\WIDCOMM\Bluetooth Software\;C:\Program Files\WIDCOMM\Bluetooth Software\syswow64;c:\Program Files (x86)\ATI Technologies\ATI.ACE\Core-Static;C:\Program Files (x86)\Common Files\Roxio Shared\10.0\DLLShared\;C:\Program Files (x86)\Common Files\Roxio Shared\DLLShared\;C:\Program Files\Microsoft SQL Server\110\Tools\Binn\
USERNAME=MuhannadT
OS=Windows_NT
PROCESSOR_IDENTIFIER=Intel64 Family 6 Model 37 Stepping 2, GenuineIntel



---------------  S Y S T E M  ---------------

OS: Windows 7 , 64 bit Build 7601 (6.1.7601.24291)

CPU:total 4 (2 cores per cpu, 2 threads per core) family 6 model 37 stepping 2, cmov, cx8, fxsr, mmx, sse, sse2, sse3, ssse3, sse4.1, sse4.2, popcnt, ht, tsc, tscinvbit

Memory: 4k page, physical 4044900k(940336k free), swap 8087896k(3720564k free)

vm_info: Java HotSpot(TM) 64-Bit Server VM (25.102-b14) for windows-amd64 JRE (1.8.0_102-b14), built on Jun 22 2016 13:15:21 by "java_re" with MS VC++ 10.0 (VS2010)

time: Mon Dec 10 19:12:22 2018
elapsed time: 9 seconds (0d 0h 0m 9s)

