#
# A fatal error has been detected by the Java Runtime Environment:
#
#  EXCEPTION_ACCESS_VIOLATION (0xc0000005) at pc=0x000000006da5584a, pid=5652, tid=0x0000000000001c20
#
# JRE version: Java(TM) SE Runtime Environment (8.0_102-b14) (build 1.8.0_102-b14)
# Java VM: Java HotSpot(TM) 64-Bit Server VM (25.102-b14 mixed mode windows-amd64 compressed oops)
# Problematic frame:
# C  [glass.dll+0x2584a]
#
# Failed to write core dump. Minidumps are not enabled by default on client versions of Windows
#
# If you would like to submit a bug report, please visit:
#   http://bugreport.java.com/bugreport/crash.jsp
#

---------------  T H R E A D  ---------------

Current thread (0x000000005509b000):  VMThread [stack: 0x0000000055f30000,0x0000000056030000] [id=7200]

siginfo: ExceptionCode=0xc0000005, reading address 0x0000000000000000

Registers:
RAX=0x0000000000000000, RBX=0x000000005745b1d0, RCX=0x000000005509b000, RDX=0x000000005745b1d0
RSP=0x000000005602f3d0, RBP=0x000000000041e8e0, RSI=0x0000000000000001, RDI=0x0000000000000000
R8 =0x0000000000010002, R9 =0x000000000041e8e0, R10=0x0000000000000000, R11=0x0000000000000286
R12=0x000000000041e910, R13=0x000000000041e8e0, R14=0x000000000041e8f0, R15=0x0000000000000000
RIP=0x000000006da5584a, EFLAGS=0x0000000000010202

Top of Stack: (sp=0x000000005602f3d0)
0x000000005602f3d0:   0000000000000000 000000006da55900
0x000000005602f3e0:   0000000000000000 000007fefcfe6800
0x000000005602f3f0:   000000006da55830 000000006da53224
0x000000005602f400:   000000006da55a60 000000003ad7dbac
0x000000005602f410:   0000000000000001 000007fefd26b3ea
0x000000005602f420:   0000000077742e70 000000006da30000
0x000000005602f430:   000007fffffae000 000000006da534a6
0x000000005602f440:   0000000000000001 0000000054f85500
0x000000005602f450:   0000000000000000 000007fffffd3000
0x000000005602f460:   c000000500000001 000000005602e6c0
0x000000005602f470:   000000007773ba58 000000007764778b
0x000000005602f480:   000000000040abe0 000000000040ade0
0x000000005602f490:   000000006da53384 0000000000441470
0x000000005602f4a0:   0000000000000000 0000000000000000
0x000000005602f4b0:   0000000000000000 0000000000000000
0x000000005602f4c0:   000000000330032e 00000000003c3014 

Instructions: (pc=0x000000006da5584a)
0x000000006da5582a:   83 c4 20 5d c3 cc 40 53 48 83 ec 20 48 8b 1d cb
0x000000006da5583a:   5b 01 00 48 85 db 74 1a e8 19 93 ff ff 48 8b d3
0x000000006da5584a:   4c 8b 00 48 8b c8 48 83 c4 20 5b 49 ff a0 b0 00
0x000000006da5585a:   00 00 48 83 c4 20 5b c3 cc cc cc cc cc cc cc cc 


Register to memory mapping:

RAX=0x0000000000000000 is an unknown value
RBX=0x000000005745b1d0 is a global jni handle
RCX=0x000000005509b000 is an unknown value
RDX=0x000000005745b1d0 is a global jni handle
RSP=0x000000005602f3d0 is an unknown value
RBP=0x000000000041e8e0 is an unknown value
RSI=0x0000000000000001 is an unknown value
RDI=0x0000000000000000 is an unknown value
R8 =0x0000000000010002 is an unknown value
R9 =0x000000000041e8e0 is an unknown value
R10=0x0000000000000000 is an unknown value
R11=0x0000000000000286 is an unknown value
R12=0x000000000041e910 is an unknown value
R13=0x000000000041e8e0 is an unknown value
R14=0x000000000041e8f0 is an unknown value
R15=0x0000000000000000 is an unknown value


Stack: [0x0000000055f30000,0x0000000056030000],  sp=0x000000005602f3d0,  free space=1020k
Native frames: (J=compiled Java code, j=interpreted, Vv=VM code, C=native code)
C  [glass.dll+0x2584a]
C  [glass.dll+0x23224]
C  [glass.dll+0x234a6]
C  [ntdll.dll+0x3778b]
C  [ntdll.dll+0x3c1e0]
C  [msvcr100.dll+0x20cb9]
V  [jvm.dll+0x212a05]
V  [jvm.dll+0x24b647]
V  [jvm.dll+0x24a8e6]
V  [jvm.dll+0x24ad81]
V  [jvm.dll+0x24af9e]
V  [jvm.dll+0x29c03a]
C  [msvcr100.dll+0x21d7b]
C  [msvcr100.dll+0x21e17]
C  [kernel32.dll+0x159cd]
C  [ntdll.dll+0x5385d]

VM_Operation (0x00000000585870c0): Exit, mode: safepoint, requested by thread 0x0000000057396800


---------------  P R O C E S S  ---------------

Java Threads: ( => current thread )
  0x0000000056424800 JavaThread "Thread-6" [_thread_blocked, id=5888, stack(0x000000005eba0000,0x000000005eca0000)]
  0x00000000578e9000 JavaThread "Thread-5" [_thread_blocked, id=3824, stack(0x000000005d780000,0x000000005d880000)]
  0x00000000575db800 JavaThread "Prism Font Disposer" daemon [_thread_blocked, id=7444, stack(0x000000005c3f0000,0x000000005c4f0000)]
  0x00000000573c4000 JavaThread "Thread-3" daemon [_thread_in_native, id=6992, stack(0x000000005a370000,0x000000005a470000)]
  0x00000000573c3800 JavaThread "JavaFX-Launcher" [_thread_blocked, id=5588, stack(0x00000000597b0000,0x00000000598b0000)]
  0x0000000057396800 JavaThread "JavaFX Application Thread" [_thread_blocked, id=5260, stack(0x0000000058490000,0x0000000058590000)]
  0x0000000057393800 JavaThread "Thread-1" daemon [_thread_blocked, id=5608, stack(0x0000000058360000,0x0000000058460000)]
  0x00000000567d9000 JavaThread "QuantumRenderer-0" daemon [_thread_blocked, id=6900, stack(0x0000000057b70000,0x0000000057c70000)]
  0x000000005647a000 JavaThread "Service Thread" daemon [_thread_blocked, id=7380, stack(0x0000000057060000,0x0000000057160000)]
  0x000000005510b800 JavaThread "C1 CompilerThread2" daemon [_thread_blocked, id=4220, stack(0x0000000056e80000,0x0000000056f80000)]
  0x00000000563fc800 JavaThread "C2 CompilerThread1" daemon [_thread_blocked, id=2888, stack(0x0000000056cc0000,0x0000000056dc0000)]
  0x00000000563f4800 JavaThread "C2 CompilerThread0" daemon [_thread_blocked, id=3380, stack(0x0000000056ab0000,0x0000000056bb0000)]
  0x00000000563f0800 JavaThread "Attach Listener" daemon [_thread_blocked, id=7132, stack(0x0000000056890000,0x0000000056990000)]
  0x00000000550ea000 JavaThread "Finalizer" daemon [_thread_blocked, id=7032, stack(0x0000000056230000,0x0000000056330000)]
  0x00000000550a3000 JavaThread "Reference Handler" daemon [_thread_blocked, id=6320, stack(0x0000000056080000,0x0000000056180000)]
  0x0000000001e7e000 JavaThread "main" [_thread_blocked, id=7160, stack(0x0000000002360000,0x0000000002460000)]

Other Threads:
=>0x000000005509b000 VMThread [stack: 0x0000000055f30000,0x0000000056030000] [id=7200]

VM state:at safepoint (shutting down)

VM Mutex/Monitor currently owned by a thread:  ([mutex/lock_event])
[0x0000000001e7c400] Threads_lock - owner thread: 0x000000005509b000

Heap:
 PSYoungGen      total 18432K, used 7119K [0x00000000eb700000, 0x00000000ecb80000, 0x0000000100000000)
  eden space 15872K, 28% used [0x00000000eb700000,0x00000000ebb7bc80,0x00000000ec680000)
  from space 2560K, 98% used [0x00000000ec680000,0x00000000ec8f8030,0x00000000ec900000)
  to   space 2560K, 0% used [0x00000000ec900000,0x00000000ec900000,0x00000000ecb80000)
 ParOldGen       total 42496K, used 13598K [0x00000000c2400000, 0x00000000c4d80000, 0x00000000eb700000)
  object space 42496K, 32% used [0x00000000c2400000,0x00000000c3147bb0,0x00000000c4d80000)
 Metaspace       used 15940K, capacity 16670K, committed 16768K, reserved 1062912K
  class space    used 2167K, capacity 2385K, committed 2432K, reserved 1048576K

Card table byte_map: [0x0000000011b90000,0x0000000011d80000] byte_map_base: 0x000000001157e000

Marking Bits: (ParMarkBitMap*) 0x000000006bc0a6c0
 Begin Bits: [0x0000000012640000, 0x00000000135b0000)
 End Bits:   [0x00000000135b0000, 0x0000000014520000)

Polling page: 0x0000000000130000

CodeCache: size=245760Kb used=9161Kb max_used=9161Kb free=236598Kb
 bounds [0x00000000027d0000, 0x00000000030d0000, 0x00000000117d0000]
 total_blobs=3609 nmethods=2965 adapters=555
 compilation: enabled

Compilation events (10 events):
Event: 61.934 Thread 0x000000005510b800 2967       3       java.lang.invoke.DirectMethodHandle::maybeCompile (18 bytes)
Event: 61.935 Thread 0x000000005510b800 nmethod 2967 0x00000000030c2890 code [0x00000000030c2a00, 0x00000000030c2c98]
Event: 61.935 Thread 0x000000005510b800 2966       3       java.lang.invoke.DirectMethodHandle::preparedLambdaForm (230 bytes)
Event: 61.936 Thread 0x000000005510b800 nmethod 2966 0x00000000030c2d90 code [0x00000000030c3000, 0x00000000030c4018]
Event: 61.937 Thread 0x000000005510b800 2968       3       java.lang.invoke.DirectMethodHandle::<init> (132 bytes)
Event: 61.939 Thread 0x000000005510b800 nmethod 2968 0x00000000030c4650 code [0x00000000030c4900, 0x00000000030c60d8]
Event: 61.939 Thread 0x000000005510b800 2969       1       java.lang.invoke.InnerClassLambdaMetafactory::access$000 (5 bytes)
Event: 61.939 Thread 0x000000005510b800 nmethod 2969 0x00000000030ba110 code [0x00000000030ba260, 0x00000000030ba350]
Event: 61.939 Thread 0x000000005510b800 2970       1       java.lang.invoke.InnerClassLambdaMetafactory::access$400 (5 bytes)
Event: 61.939 Thread 0x000000005510b800 nmethod 2970 0x00000000030c69d0 code [0x00000000030c6b20, 0x00000000030c6c10]

GC Heap History (6 events):
Event: 3.860 GC heap before
{Heap before GC invocations=1 (full 0):
 PSYoungGen      total 18432K, used 15872K [0x00000000eb700000, 0x00000000ecb80000, 0x0000000100000000)
  eden space 15872K, 100% used [0x00000000eb700000,0x00000000ec680000,0x00000000ec680000)
  from space 2560K, 0% used [0x00000000ec900000,0x00000000ec900000,0x00000000ecb80000)
  to   space 2560K, 0% used [0x00000000ec680000,0x00000000ec680000,0x00000000ec900000)
 ParOldGen       total 42496K, used 0K [0x00000000c2400000, 0x00000000c4d80000, 0x00000000eb700000)
  object space 42496K, 0% used [0x00000000c2400000,0x00000000c2400000,0x00000000c4d80000)
 Metaspace       used 9502K, capacity 9926K, committed 10112K, reserved 1058816K
  class space    used 1263K, capacity 1381K, committed 1408K, reserved 1048576K
Event: 3.867 GC heap after
Heap after GC invocations=1 (full 0):
 PSYoungGen      total 18432K, used 2528K [0x00000000eb700000, 0x00000000ecb80000, 0x0000000100000000)
  eden space 15872K, 0% used [0x00000000eb700000,0x00000000eb700000,0x00000000ec680000)
  from space 2560K, 98% used [0x00000000ec680000,0x00000000ec8f8040,0x00000000ec900000)
  to   space 2560K, 0% used [0x00000000ec900000,0x00000000ec900000,0x00000000ecb80000)
 ParOldGen       total 42496K, used 157K [0x00000000c2400000, 0x00000000c4d80000, 0x00000000eb700000)
  object space 42496K, 0% used [0x00000000c2400000,0x00000000c2427428,0x00000000c4d80000)
 Metaspace       used 9502K, capacity 9926K, committed 10112K, reserved 1058816K
  class space    used 1263K, capacity 1381K, committed 1408K, reserved 1048576K
}
Event: 45.394 GC heap before
{Heap before GC invocations=2 (full 0):
 PSYoungGen      total 18432K, used 17458K [0x00000000eb700000, 0x00000000ecb80000, 0x0000000100000000)
  eden space 15872K, 94% used [0x00000000eb700000,0x00000000ec594a90,0x00000000ec680000)
  from space 2560K, 98% used [0x00000000ec680000,0x00000000ec8f8040,0x00000000ec900000)
  to   space 2560K, 0% used [0x00000000ec900000,0x00000000ec900000,0x00000000ecb80000)
 ParOldGen       total 42496K, used 157K [0x00000000c2400000, 0x00000000c4d80000, 0x00000000eb700000)
  object space 42496K, 0% used [0x00000000c2400000,0x00000000c2427428,0x00000000c4d80000)
 Metaspace       used 13271K, capacity 13908K, committed 14080K, reserved 1060864K
  class space    used 1842K, capacity 2044K, committed 2048K, reserved 1048576K
Event: 45.407 GC heap after
Heap after GC invocations=2 (full 0):
 PSYoungGen      total 18432K, used 2528K [0x00000000eb700000, 0x00000000ecb80000, 0x0000000100000000)
  eden space 15872K, 0% used [0x00000000eb700000,0x00000000eb700000,0x00000000ec680000)
  from space 2560K, 98% used [0x00000000ec900000,0x00000000ecb78030,0x00000000ecb80000)
  to   space 2560K, 0% used [0x00000000ec680000,0x00000000ec680000,0x00000000ec900000)
 ParOldGen       total 42496K, used 6413K [0x00000000c2400000, 0x00000000c4d80000, 0x00000000eb700000)
  object space 42496K, 15% used [0x00000000c2400000,0x00000000c2a43530,0x00000000c4d80000)
 Metaspace       used 13271K, capacity 13908K, committed 14080K, reserved 1060864K
  class space    used 1842K, capacity 2044K, committed 2048K, reserved 1048576K
}
Event: 55.554 GC heap before
{Heap before GC invocations=3 (full 0):
 PSYoungGen      total 18432K, used 18400K [0x00000000eb700000, 0x00000000ecb80000, 0x0000000100000000)
  eden space 15872K, 100% used [0x00000000eb700000,0x00000000ec680000,0x00000000ec680000)
  from space 2560K, 98% used [0x00000000ec900000,0x00000000ecb78030,0x00000000ecb80000)
  to   space 2560K, 0% used [0x00000000ec680000,0x00000000ec680000,0x00000000ec900000)
 ParOldGen       total 42496K, used 6413K [0x00000000c2400000, 0x00000000c4d80000, 0x00000000eb700000)
  object space 42496K, 15% used [0x00000000c2400000,0x00000000c2a43530,0x00000000c4d80000)
 Metaspace       used 15716K, capacity 16510K, committed 16768K, reserved 1062912K
  class space    used 2162K, capacity 2381K, committed 2432K, reserved 1048576K
Event: 55.583 GC heap after
Heap after GC invocations=3 (full 0):
 PSYoungGen      total 18432K, used 2528K [0x00000000eb700000, 0x00000000ecb80000, 0x0000000100000000)
  eden space 15872K, 0% used [0x00000000eb700000,0x00000000eb700000,0x00000000ec680000)
  from space 2560K, 98% used [0x00000000ec680000,0x00000000ec8f8030,0x00000000ec900000)
  to   space 2560K, 0% used [0x00000000ec900000,0x00000000ec900000,0x00000000ecb80000)
 ParOldGen       total 42496K, used 13598K [0x00000000c2400000, 0x00000000c4d80000, 0x00000000eb700000)
  object space 42496K, 32% used [0x00000000c2400000,0x00000000c3147bb0,0x00000000c4d80000)
 Metaspace       used 15716K, capacity 16510K, committed 16768K, reserved 1062912K
  class space    used 2162K, capacity 2381K, committed 2432K, reserved 1048576K
}

Deoptimization events (10 events):
Event: 48.655 Thread 0x0000000057396800 Uncommon trap: reason=array_check action=maybe_recompile pc=0x0000000002d6f408 method=com.sun.javafx.css.SimpleSelector.applies(Ljavafx/css/Styleable;[Ljava/util/Set;I)Z @ 37
Event: 48.656 Thread 0x0000000057396800 Uncommon trap: reason=array_check action=maybe_recompile pc=0x0000000002d6f408 method=com.sun.javafx.css.SimpleSelector.applies(Ljavafx/css/Styleable;[Ljava/util/Set;I)Z @ 37
Event: 48.694 Thread 0x0000000057396800 Uncommon trap: reason=class_check action=maybe_recompile pc=0x0000000002bd0380 method=java.util.HashMap.putVal(ILjava/lang/Object;Ljava/lang/Object;ZZ)Ljava/lang/Object; @ 91
Event: 48.695 Thread 0x0000000057396800 Uncommon trap: reason=unstable_if action=reinterpret pc=0x0000000002bd9140 method=java.util.HashMap.isEmpty()Z @ 4
Event: 48.695 Thread 0x0000000057396800 Uncommon trap: reason=class_check action=maybe_recompile pc=0x0000000002bd0380 method=java.util.HashMap.putVal(ILjava/lang/Object;Ljava/lang/Object;ZZ)Ljava/lang/Object; @ 91
Event: 48.697 Thread 0x0000000057396800 Uncommon trap: reason=class_check action=maybe_recompile pc=0x0000000002bd0380 method=java.util.HashMap.putVal(ILjava/lang/Object;Ljava/lang/Object;ZZ)Ljava/lang/Object; @ 91
Event: 48.698 Thread 0x0000000057396800 Uncommon trap: reason=class_check action=maybe_recompile pc=0x0000000002bcdc3c method=java.util.HashMap.putVal(ILjava/lang/Object;Ljava/lang/Object;ZZ)Ljava/lang/Object; @ 91
Event: 48.809 Thread 0x0000000057396800 Uncommon trap: reason=class_check action=maybe_recompile pc=0x0000000002c4dab0 method=com.sun.javafx.css.StyleMap.getCascadingStyles()Ljava/util/Map; @ 77
Event: 48.810 Thread 0x0000000057396800 Uncommon trap: reason=class_check action=maybe_recompile pc=0x0000000002c4dab0 method=com.sun.javafx.css.StyleMap.getCascadingStyles()Ljava/util/Map; @ 77
Event: 55.586 Thread 0x0000000057396800 Uncommon trap: reason=unstable_if action=reinterpret pc=0x0000000002e28228 method=java.util.WeakHashMap.expungeStaleEntries()V @ 9

Internal exceptions (10 events):
Event: 48.607 Thread 0x0000000057396800 Exception <a 'java/lang/NoSuchMethodError': <clinit>> (0x00000000ec1ea3c8) thrown at [C:\re\workspace\8-2-build-windows-amd64-cygwin\jdk8u102\7268\hotspot\src\share\vm\prims\jni.cpp, line 1613]
Event: 48.609 Thread 0x0000000057396800 Exception <a 'java/lang/NoSuchMethodError': <clinit>> (0x00000000ec1f8b88) thrown at [C:\re\workspace\8-2-build-windows-amd64-cygwin\jdk8u102\7268\hotspot\src\share\vm\prims\jni.cpp, line 1613]
Event: 48.611 Thread 0x0000000057396800 Exception <a 'java/lang/NoSuchMethodError': <clinit>> (0x00000000ec201a88) thrown at [C:\re\workspace\8-2-build-windows-amd64-cygwin\jdk8u102\7268\hotspot\src\share\vm\prims\jni.cpp, line 1613]
Event: 48.615 Thread 0x0000000057396800 Exception <a 'java/lang/NoSuchMethodError': <clinit>> (0x00000000ec20c1e8) thrown at [C:\re\workspace\8-2-build-windows-amd64-cygwin\jdk8u102\7268\hotspot\src\share\vm\prims\jni.cpp, line 1613]
Event: 48.631 Thread 0x0000000057396800 Exception <a 'java/lang/NoSuchMethodError': <clinit>> (0x00000000ec21ee38) thrown at [C:\re\workspace\8-2-build-windows-amd64-cygwin\jdk8u102\7268\hotspot\src\share\vm\prims\jni.cpp, line 1613]
Event: 52.087 Thread 0x0000000057396800 Exception <a 'java/lang/NoSuchMethodError': <clinit>> (0x00000000ec5ab048) thrown at [C:\re\workspace\8-2-build-windows-amd64-cygwin\jdk8u102\7268\hotspot\src\share\vm\prims\jni.cpp, line 1613]
Event: 52.087 Thread 0x0000000057396800 Exception <a 'java/lang/NoSuchMethodError': <clinit>> (0x00000000ec5abd90) thrown at [C:\re\workspace\8-2-build-windows-amd64-cygwin\jdk8u102\7268\hotspot\src\share\vm\prims\jni.cpp, line 1613]
Event: 52.094 Thread 0x0000000057396800 Exception <a 'java/lang/NoSuchMethodError': <clinit>> (0x00000000ec5aea50) thrown at [C:\re\workspace\8-2-build-windows-amd64-cygwin\jdk8u102\7268\hotspot\src\share\vm\prims\jni.cpp, line 1613]
Event: 52.094 Thread 0x0000000057396800 Exception <a 'java/lang/NoSuchMethodError': <clinit>> (0x00000000ec5af760) thrown at [C:\re\workspace\8-2-build-windows-amd64-cygwin\jdk8u102\7268\hotspot\src\share\vm\prims\jni.cpp, line 1613]
Event: 61.939 Thread 0x0000000056700800 Exception <a 'java/lang/IllegalStateException'> (0x00000000ebb72240) thrown at [C:\re\workspace\8-2-build-windows-amd64-cygwin\jdk8u102\7268\hotspot\src\share\vm\prims\jvm.cpp, line 1390]

Events (10 events):
Event: 61.929 loading class java/util/IdentityHashMap$KeyIterator done
Event: 61.930 Thread 0x0000000056700800 Thread added: 0x0000000056700800
Event: 61.933 loading class com/sun/javafx/tk/quantum/QuantumRenderer
Event: 61.933 loading class com/sun/javafx/tk/quantum/QuantumRenderer done
Event: 61.934 loading class java/util/LinkedList$ListItr
Event: 61.936 loading class com/sun/javafx/tk/quantum/QuantumToolkit
Event: 61.936 loading class com/sun/javafx/tk/quantum/QuantumToolkit done
Event: 61.940 Thread 0x0000000056700800 Thread exited: 0x0000000056700800
Event: 61.940 Thread 0x0000000055109800 Thread exited: 0x0000000055109800
Event: 61.940 Executing VM operation: Exit


Dynamic libraries:
0x000000013f330000 - 0x000000013f367000 	C:\Program Files\Java\jdk1.8.0_102\jre\bin\java.exe
0x0000000077610000 - 0x00000000777af000 	C:\Windows\SYSTEM32\ntdll.dll
0x00000000773f0000 - 0x000000007750f000 	C:\Windows\system32\kernel32.dll
0x000007fefd260000 - 0x000007fefd2ca000 	C:\Windows\system32\KERNELBASE.dll
0x000007fefed00000 - 0x000007fefeddb000 	C:\Windows\system32\ADVAPI32.dll
0x000007feff490000 - 0x000007feff52f000 	C:\Windows\system32\msvcrt.dll
0x000007feff460000 - 0x000007feff47f000 	C:\Windows\SYSTEM32\sechost.dll
0x000007feff010000 - 0x000007feff13d000 	C:\Windows\system32\RPCRT4.dll
0x0000000077510000 - 0x000000007760a000 	C:\Windows\system32\USER32.dll
0x000007fefefa0000 - 0x000007feff007000 	C:\Windows\system32\GDI32.dll
0x000007feff480000 - 0x000007feff48e000 	C:\Windows\system32\LPK.dll
0x000007feff650000 - 0x000007feff71b000 	C:\Windows\system32\USP10.dll
0x000007fef9c10000 - 0x000007fef9e04000 	C:\Windows\WinSxS\amd64_microsoft.windows.common-controls_6595b64144ccf1df_6.0.7601.18837_none_fa3b1e3d17594757\COMCTL32.dll
0x000007fefd9d0000 - 0x000007fefda41000 	C:\Windows\system32\SHLWAPI.dll
0x000007fefe960000 - 0x000007fefe98e000 	C:\Windows\system32\IMM32.DLL
0x000007fefe990000 - 0x000007fefea99000 	C:\Windows\system32\MSCTF.dll
0x0000000073580000 - 0x0000000073651000 	C:\Program Files\Java\jdk1.8.0_102\jre\bin\msvcr100.dll
0x000000006b3f0000 - 0x000000006bc8a000 	C:\Program Files\Java\jdk1.8.0_102\jre\bin\server\jvm.dll
0x000007feec9f0000 - 0x000007feec9f9000 	C:\Windows\system32\WSOCK32.dll
0x000007feff410000 - 0x000007feff45d000 	C:\Windows\system32\WS2_32.dll
0x000007fefee00000 - 0x000007fefee08000 	C:\Windows\system32\NSI.dll
0x000007fefbf90000 - 0x000007fefbfcb000 	C:\Windows\system32\WINMM.dll
0x000007fefbf00000 - 0x000007fefbf0c000 	C:\Windows\system32\VERSION.dll
0x00000000777c0000 - 0x00000000777c7000 	C:\Windows\system32\PSAPI.DLL
0x00000000738d0000 - 0x00000000738df000 	C:\Program Files\Java\jdk1.8.0_102\jre\bin\verify.dll
0x00000000738a0000 - 0x00000000738c9000 	C:\Program Files\Java\jdk1.8.0_102\jre\bin\java.dll
0x0000000073880000 - 0x0000000073896000 	C:\Program Files\Java\jdk1.8.0_102\jre\bin\zip.dll
0x000007fefdaf0000 - 0x000007fefe87a000 	C:\Windows\system32\SHELL32.dll
0x000007fefeaa0000 - 0x000007fefec9f000 	C:\Windows\system32\ole32.dll
0x000007fefd170000 - 0x000007fefd17f000 	C:\Windows\system32\profapi.dll
0x000007feeb290000 - 0x000007feeb37f000 	C:\Program Files\Java\jdk1.8.0_102\jre\bin\msvcr120.dll
0x000007fee6b80000 - 0x000007fee6c26000 	C:\Program Files\Java\jdk1.8.0_102\jre\bin\msvcp120.dll
0x000000006da80000 - 0x000000006daa2000 	C:\Program Files\Java\jdk1.8.0_102\jre\bin\prism_d3d.dll
0x000007feeb500000 - 0x000007feeb6ff000 	C:\Windows\system32\d3d9.dll
0x000007fef8890000 - 0x000007fef8897000 	C:\Windows\system32\d3d8thk.dll
0x000007fef8f70000 - 0x000007fef8f88000 	C:\Windows\system32\dwmapi.dll
0x000007fef94a0000 - 0x000007fef94f6000 	C:\Windows\system32\uxtheme.dll
0x000000006aaf0000 - 0x000000006af6b000 	C:\Windows\system32\atiumd64.dll
0x000000006b150000 - 0x000000006b3e7000 	C:\Windows\system32\atiumd6a.dll
0x000000006da30000 - 0x000000006da73000 	C:\Program Files\Java\jdk1.8.0_102\jre\bin\glass.dll
0x000007fefda50000 - 0x000007fefdae7000 	C:\Windows\system32\COMDLG32.dll
0x000007fefe880000 - 0x000007fefe95a000 	C:\Windows\system32\OLEAUT32.dll
0x000007fefd000000 - 0x000007fefd00f000 	C:\Windows\system32\CRYPTBASE.dll
0x000000006da10000 - 0x000000006da24000 	C:\Program Files\Java\jdk1.8.0_102\jre\bin\javafx_font.dll
0x000007feebde0000 - 0x000007feebf77000 	C:\Windows\system32\dwrite.dll
0x000007feff530000 - 0x000007feff5c9000 	C:\Windows\system32\CLBCatQ.DLL
0x000007fef8ac0000 - 0x000007fef8c21000 	C:\Windows\system32\WindowsCodecs.dll
0x000007fefcfa0000 - 0x000007fefcff7000 	C:\Windows\system32\apphelp.dll
0x000007fef06d0000 - 0x000007fef06d9000 	C:\Program Files (x86)\Internet Download Manager\IDMShellExt64.dll
0x000007fef0610000 - 0x000007fef0670000 	C:\Program Files (x86)\Dropbox\Client\DropboxExt64.26.0.dll
0x000007fef0600000 - 0x000007fef0603000 	C:\Windows\system32\api-ms-win-core-synch-l1-2-0.DLL
0x000007feff720000 - 0x000007feff8f7000 	C:\Windows\system32\SETUPAPI.dll
0x000007fefd200000 - 0x000007fefd236000 	C:\Windows\system32\CFGMGR32.dll
0x000007fefd2d0000 - 0x000007fefd2ea000 	C:\Windows\system32\DEVOBJ.dll
0x000007fef97f0000 - 0x000007fef991c000 	C:\Windows\system32\propsys.dll
0x000007fefbc30000 - 0x000007fefbc5d000 	C:\Windows\system32\ntmarta.dll
0x000007fefeca0000 - 0x000007fefecf2000 	C:\Windows\system32\WLDAP32.dll
0x000007feefe60000 - 0x000007feefe7f000 	C:\Windows\system32\thumbcache.dll
0x000007feefdf0000 - 0x000007feefe5b000 	C:\Windows\system32\PhotoMetadataHandler.dll
0x000007feefdb0000 - 0x000007feefde5000 	C:\Windows\system32\EhStorShell.dll
0x000007feede50000 - 0x000007feede7d000 	C:\Program Files\Common Files\Microsoft Shared\Ink\rtscom.dll
0x00000000567f0000 - 0x0000000056855000 	C:\Program Files\WIDCOMM\Bluetooth Software\btmmhook.dll
0x000000006d9e0000 - 0x000000006da03000 	C:\Program Files\Java\jdk1.8.0_102\jre\bin\javafx_iio.dll
0x000000006d9c0000 - 0x000000006d9d1000 	C:\Program Files\Java\jdk1.8.0_102\jre\bin\prism_common.dll
0x000007fef6960000 - 0x000007fef6a85000 	C:\Windows\system32\dbghelp.dll

VM Arguments:
jvm_args: -Dfile.encoding=UTF-8 
java_command: C:\Users\MuhannadT\Desktop\FXApplication\dist\run1398752572\FXApplication.jar
java_class_path (initial): C:\Users\MuhannadT\Desktop\FXApplication\dist\run1398752572\FXApplication.jar
Launcher Type: SUN_STANDARD

Environment Variables:
PATH=C:\Program Files (x86)\ActiveState Komodo IDE 11\;C:\Program Files (x86)\NVIDIA Corporation\PhysX\Common;C:\ProgramData\Oracle\Java\javapath;C:\Windows\system32;C:\Windows;C:\Windows\System32\Wbem;C:\Windows\System32\WindowsPowerShell\v1.0\;C:\Program Files\WIDCOMM\Bluetooth Software\;C:\Program Files\WIDCOMM\Bluetooth Software\syswow64;c:\Program Files (x86)\ATI Technologies\ATI.ACE\Core-Static;C:\Program Files (x86)\Common Files\Roxio Shared\10.0\DLLShared\;C:\Program Files (x86)\Common Files\Roxio Shared\DLLShared\;C:\Program Files\Microsoft SQL Server\110\Tools\Binn\
USERNAME=MuhannadT
OS=Windows_NT
PROCESSOR_IDENTIFIER=Intel64 Family 6 Model 37 Stepping 2, GenuineIntel



---------------  S Y S T E M  ---------------

OS: Windows 7 , 64 bit Build 7601 (6.1.7601.24291)

CPU:total 4 (2 cores per cpu, 2 threads per core) family 6 model 37 stepping 2, cmov, cx8, fxsr, mmx, sse, sse2, sse3, ssse3, sse4.1, sse4.2, popcnt, ht, tsc, tscinvbit

Memory: 4k page, physical 4044900k(1092108k free), swap 8087896k(4062540k free)

vm_info: Java HotSpot(TM) 64-Bit Server VM (25.102-b14) for windows-amd64 JRE (1.8.0_102-b14), built on Jun 22 2016 13:15:21 by "java_re" with MS VC++ 10.0 (VS2010)

time: Sun Dec 09 18:18:16 2018
elapsed time: 62 seconds (0d 0h 1m 2s)

