#
# A fatal error has been detected by the Java Runtime Environment:
#
#  EXCEPTION_ACCESS_VIOLATION (0xc0000005) at pc=0x771c0eab, pid=4572, tid=0x00000fc4
#
# JRE version: Java(TM) SE Runtime Environment (8.0_171-b11) (build 1.8.0_171-b11)
# Java VM: Java HotSpot(TM) Client VM (25.171-b11 mixed mode windows-x86 )
# Problematic frame:
# C  [glass.dll+0x20eab]
#
# Failed to write core dump. Minidumps are not enabled by default on client versions of Windows
#
# If you would like to submit a bug report, please visit:
#   http://bugreport.java.com/bugreport/crash.jsp
#

---------------  T H R E A D  ---------------

Current thread (0x13cfcc00):  VMThread [stack: 0x14070000,0x140c0000] [id=4036]

siginfo: ExceptionCode=0xc0000005, reading address 0x00000000

Registers:
EAX=0x00000000, EBX=0x00000000, ECX=0x00000000, EDX=0x506939cc
ESP=0x140bf280, EBP=0x140bf29c, ESI=0x155e2ac4, EDI=0x771c0e70
EIP=0x771c0eab, EFLAGS=0x00010246

Top of Stack: (sp=0x140bf280)
0x140bf280:   00000000 155e2ac4 82b32723 00147de4
0x140bf290:   140bf2d0 771bfd10 00000000 140bf2dc
0x140bf2a0:   143ba08d 8140e760 00000000 00000001
0x140bf2b0:   00000001 140bf328 00147df4 00147de0
0x140bf2c0:   00147de0 954b15bc 00000001 8140e760
0x140bf2d0:   140bf300 143efae8 00000000 140bf310
0x140bf2e0:   143bc736 8140e6ac 00000000 00000001
0x140bf2f0:   00000001 00000000 140bf2e4 140bee54 

Instructions: (pc=0x771c0eab)
0x771c0e8b:   45 f4 64 a3 00 00 00 00 8b 35 0c 02 1d 77 c7 45
0x771c0e9b:   fc 00 00 00 00 85 f6 74 0e e8 07 9b ff ff 56 50
0x771c0eab:   8b 08 8b 41 58 ff d0 8b 4d f4 64 89 0d 00 00 00
0x771c0ebb:   00 59 5e 8b e5 5d c3 cc cc cc cc cc cc cc cc cc 


Register to memory mapping:

EAX=
[error occurred during error reporting (printing register info), id 0xc0000005]

Stack: [0x14070000,0x140c0000],  sp=0x140bf280,  free space=316k
Native frames: (J=compiled Java code, j=interpreted, Vv=VM code, C=native code)
C  [glass.dll+0x20eab]
C  [ucrtbase.dll+0x2a08d]
C  [ucrtbase.dll+0x2c736]
C  [ucrtbase.dll+0x29fb7]
C  [glass.dll+0x1e3c2]
C  [glass.dll+0x1e8ab]
C  [glass.dll+0x1eae0]
C  [glass.dll+0x1eb73]
C  [ntdll.dll+0x587cc]
C  [ntdll.dll+0x5df0a]
C  [ntdll.dll+0x5dfa5]
C  [kernel32.dll+0x5bee7]
C  [msvcr100.dll+0x27997]
C  [msvcr100.dll+0x27ab0]
C  [msvcr100.dll+0x27b1d]
V  [jvm.dll+0x15a302]
V  [jvm.dll+0x18442d]
V  [jvm.dll+0x183891]
V  [jvm.dll+0x183ca7]
V  [jvm.dll+0x183ea2]
V  [jvm.dll+0x1c3fe6]
C  [msvcr100.dll+0x5c556]
C  [msvcr100.dll+0x5c600]
C  [kernel32.dll+0x4efac]
C  [ntdll.dll+0x63618]
C  [ntdll.dll+0x635eb]

VM_Operation (0x15b7b780): Exit, mode: safepoint, requested by thread 0x13eefc00


---------------  P R O C E S S  ---------------

Java Threads: ( => current thread )
  0x13e31c00 JavaThread "Thread-4" [_thread_blocked, id=1496, stack(0x1a190000,0x1a1e0000)]
  0x13e2d000 JavaThread "Prism Font Disposer" daemon [_thread_blocked, id=2524, stack(0x18800000,0x18850000)]
  0x1560b000 JavaThread "JavaFX-Launcher" [_thread_blocked, id=3160, stack(0x16da0000,0x16df0000)]
  0x155f5000 JavaThread "Thread-2" daemon [_thread_in_native, id=3456, stack(0x16c90000,0x16ce0000)]
  0x13eefc00 JavaThread "JavaFX Application Thread" [_thread_blocked, id=4776, stack(0x15b30000,0x15b80000)]
  0x155f3c00 JavaThread "Thread-1" daemon [_thread_blocked, id=5900, stack(0x15ae0000,0x15b30000)]
  0x13eb7800 JavaThread "QuantumRenderer-0" daemon [_thread_blocked, id=5300, stack(0x14590000,0x145e0000)]
  0x13d6d000 JavaThread "Service Thread" daemon [_thread_blocked, id=3060, stack(0x14340000,0x14390000)]
  0x13d3f800 JavaThread "C1 CompilerThread0" daemon [_thread_blocked, id=3736, stack(0x141b0000,0x14200000)]
  0x13d4b800 JavaThread "Attach Listener" daemon [_thread_blocked, id=4840, stack(0x037b0000,0x03800000)]
  0x13d4a800 JavaThread "Signal Dispatcher" daemon [_thread_blocked, id=5108, stack(0x13fe0000,0x14030000)]
  0x13d29000 JavaThread "Finalizer" daemon [_thread_blocked, id=2172, stack(0x01210000,0x01260000)]
  0x13d04000 JavaThread "Reference Handler" daemon [_thread_blocked, id=4676, stack(0x13f70000,0x13fc0000)]
  0x0143c800 JavaThread "main" [_thread_blocked, id=1036, stack(0x01260000,0x012b0000)]

Other Threads:
=>0x13cfcc00 VMThread [stack: 0x14070000,0x140c0000] [id=4036]

VM state:at safepoint (shutting down)

VM Mutex/Monitor currently owned by a thread:  ([mutex/lock_event])
[0x0143acc0] Threads_lock - owner thread: 0x13cfcc00

Heap:
 def new generation   total 9664K, used 495K [0x03800000, 0x04270000, 0x08d50000)
  eden space 8640K,   5% used [0x03800000, 0x0387be18, 0x04070000)
  from space 1024K,   0% used [0x04070000, 0x04070000, 0x04170000)
  to   space 1024K,   0% used [0x04170000, 0x04170000, 0x04270000)
 tenured generation   total 21272K, used 12761K [0x08d50000, 0x0a216000, 0x13800000)
   the space 21272K,  59% used [0x08d50000, 0x099c65a0, 0x099c6600, 0x0a216000)
 Metaspace       used 8700K, capacity 9278K, committed 9344K, reserved 9600K

Card table byte_map: [0x13800000,0x13890000] byte_map_base: 0x137e4000

Polling page: 0x01160000

CodeCache: size=32768Kb used=1764Kb max_used=1764Kb free=31003Kb
 bounds [0x01710000, 0x018d0000, 0x03710000]
 total_blobs=1196 nmethods=795 adapters=332
 compilation: enabled

Compilation events (10 events):
Event: 17.615 Thread 0x13d3f800  798             com.sun.javafx.event.EventDispatchChainImpl::dispatchEvent (101 bytes)
Event: 17.616 Thread 0x13d3f800 nmethod 798 0x018c7a48 code [0x018c7b50, 0x018c7c8c]
Event: 17.660 Thread 0x13d3f800  799             javafx.scene.Scene::access$6600 (5 bytes)
Event: 17.660 Thread 0x13d3f800 nmethod 799 0x018c7e08 code [0x018c7f00, 0x018c7f70]
Event: 17.876 Thread 0x13d3f800  800             javafx.geometry.Point3D::<init> (26 bytes)
Event: 17.877 Thread 0x13d3f800 nmethod 800 0x018c8008 code [0x018c8100, 0x018c81a0]
Event: 17.899 Thread 0x13d3f800  801             com.sun.javafx.scene.input.InputEventUtils::recomputeCoordinates (220 bytes)
Event: 17.905 Thread 0x13d3f800 nmethod 801 0x018c8208 code [0x018c83c0, 0x018c898c]
Event: 17.906 Thread 0x13d3f800  802             javafx.scene.input.PickResult::getIntersectedPoint (5 bytes)
Event: 17.906 Thread 0x13d3f800 nmethod 802 0x018c9308 code [0x018c9400, 0x018c9480]

GC Heap History (10 events):
Event: 8.102 GC heap before
{Heap before GC invocations=4 (full 0):
 def new generation   total 4928K, used 4666K [0x03800000, 0x03d50000, 0x08d50000)
  eden space 4416K, 100% used [0x03800000, 0x03c50000, 0x03c50000)
  from space 512K,  48% used [0x03c50000, 0x03c8eb28, 0x03cd0000)
  to   space 512K,   0% used [0x03cd0000, 0x03cd0000, 0x03d50000)
 tenured generation   total 10944K, used 2235K [0x08d50000, 0x09800000, 0x13800000)
   the space 10944K,  20% used [0x08d50000, 0x08f7eec8, 0x08f7f000, 0x09800000)
 Metaspace       used 7569K, capacity 8018K, committed 8064K, reserved 8576K
Event: 8.124 GC heap after
Heap after GC invocations=5 (full 0):
 def new generation   total 4928K, used 512K [0x03800000, 0x03d50000, 0x08d50000)
  eden space 4416K,   0% used [0x03800000, 0x03800000, 0x03c50000)
  from space 512K, 100% used [0x03cd0000, 0x03d50000, 0x03d50000)
  to   space 512K,   0% used [0x03c50000, 0x03c50000, 0x03cd0000)
 tenured generation   total 10944K, used 3547K [0x08d50000, 0x09800000, 0x13800000)
   the space 10944K,  32% used [0x08d50000, 0x090c6ed0, 0x090c7000, 0x09800000)
 Metaspace       used 7569K, capacity 8018K, committed 8064K, reserved 8576K
}
Event: 9.994 GC heap before
{Heap before GC invocations=5 (full 0):
 def new generation   total 4928K, used 3527K [0x03800000, 0x03d50000, 0x08d50000)
  eden space 4416K,  68% used [0x03800000, 0x03af1ee0, 0x03c50000)
  from space 512K, 100% used [0x03cd0000, 0x03d50000, 0x03d50000)
  to   space 512K,   0% used [0x03c50000, 0x03c50000, 0x03cd0000)
 tenured generation   total 10944K, used 3547K [0x08d50000, 0x09800000, 0x13800000)
   the space 10944K,  32% used [0x08d50000, 0x090c6ed0, 0x090c7000, 0x09800000)
 Metaspace       used 8075K, capacity 8590K, committed 8704K, reserved 9600K
Event: 10.031 GC heap after
Heap after GC invocations=6 (full 0):
 def new generation   total 4928K, used 511K [0x03800000, 0x03d50000, 0x08d50000)
  eden space 4416K,   0% used [0x03800000, 0x03800000, 0x03c50000)
  from space 512K,  99% used [0x03c50000, 0x03ccff60, 0x03cd0000)
  to   space 512K,   0% used [0x03cd0000, 0x03cd0000, 0x03d50000)
 tenured generation   total 10944K, used 4043K [0x08d50000, 0x09800000, 0x13800000)
   the space 10944K,  36% used [0x08d50000, 0x09142ff8, 0x09143000, 0x09800000)
 Metaspace       used 8075K, capacity 8590K, committed 8704K, reserved 9600K
}
Event: 10.414 GC heap before
{Heap before GC invocations=6 (full 0):
 def new generation   total 4928K, used 4927K [0x03800000, 0x03d50000, 0x08d50000)
  eden space 4416K, 100% used [0x03800000, 0x03c50000, 0x03c50000)
  from space 512K,  99% used [0x03c50000, 0x03ccff60, 0x03cd0000)
  to   space 512K,   0% used [0x03cd0000, 0x03cd0000, 0x03d50000)
 tenured generation   total 10944K, used 4043K [0x08d50000, 0x09800000, 0x13800000)
   the space 10944K,  36% used [0x08d50000, 0x09142ff8, 0x09143000, 0x09800000)
 Metaspace       used 8091K, capacity 8590K, committed 8704K, reserved 9600K
Event: 10.444 GC heap after
Heap after GC invocations=7 (full 0):
 def new generation   total 4928K, used 68K [0x03800000, 0x03d50000, 0x08d50000)
  eden space 4416K,   0% used [0x03800000, 0x03800000, 0x03c50000)
  from space 512K,  13% used [0x03cd0000, 0x03ce1358, 0x03d50000)
  to   space 512K,   0% used [0x03c50000, 0x03c50000, 0x03cd0000)
 tenured generation   total 10944K, used 8729K [0x08d50000, 0x09800000, 0x13800000)
   the space 10944K,  79% used [0x08d50000, 0x095d67b8, 0x095d6800, 0x09800000)
 Metaspace       used 8091K, capacity 8590K, committed 8704K, reserved 9600K
}
Event: 11.975 GC heap before
{Heap before GC invocations=7 (full 0):
 def new generation   total 4928K, used 3510K [0x03800000, 0x03d50000, 0x08d50000)
  eden space 4416K,  77% used [0x03800000, 0x03b5c820, 0x03c50000)
  from space 512K,  13% used [0x03cd0000, 0x03ce1358, 0x03d50000)
  to   space 512K,   0% used [0x03c50000, 0x03c50000, 0x03cd0000)
 tenured generation   total 10944K, used 8729K [0x08d50000, 0x09800000, 0x13800000)
   the space 10944K,  79% used [0x08d50000, 0x095d67b8, 0x095d6800, 0x09800000)
 Metaspace       used 8565K, capacity 9117K, committed 9216K, reserved 9600K
Event: 12.014 GC heap after
Heap after GC invocations=8 (full 0):
 def new generation   total 4928K, used 512K [0x03800000, 0x03d50000, 0x08d50000)
  eden space 4416K,   0% used [0x03800000, 0x03800000, 0x03c50000)
  from space 512K, 100% used [0x03c50000, 0x03cd0000, 0x03cd0000)
  to   space 512K,   0% used [0x03cd0000, 0x03cd0000, 0x03d50000)
 tenured generation   total 10944K, used 9070K [0x08d50000, 0x09800000, 0x13800000)
   the space 10944K,  82% used [0x08d50000, 0x0962bbb0, 0x0962bc00, 0x09800000)
 Metaspace       used 8565K, capacity 9117K, committed 9216K, reserved 9600K
}
Event: 17.116 GC heap before
{Heap before GC invocations=8 (full 0):
 def new generation   total 4928K, used 4928K [0x03800000, 0x03d50000, 0x08d50000)
  eden space 4416K, 100% used [0x03800000, 0x03c50000, 0x03c50000)
  from space 512K, 100% used [0x03c50000, 0x03cd0000, 0x03cd0000)
  to   space 512K,   0% used [0x03cd0000, 0x03cd0000, 0x03d50000)
 tenured generation   total 10944K, used 9070K [0x08d50000, 0x09800000, 0x13800000)
   the space 10944K,  82% used [0x08d50000, 0x0962bbb0, 0x0962bc00, 0x09800000)
 Metaspace       used 8690K, capacity 9253K, committed 9344K, reserved 9600K
Event: 17.340 GC heap after
Heap after GC invocations=9 (full 1):
 def new generation   total 9664K, used 0K [0x03800000, 0x04270000, 0x08d50000)
  eden space 8640K,   0% used [0x03800000, 0x03800000, 0x04070000)
  from space 1024K,   0% used [0x04070000, 0x04070000, 0x04170000)
  to   space 1024K,   0% used [0x04170000, 0x04170000, 0x04270000)
 tenured generation   total 21272K, used 12761K [0x08d50000, 0x0a216000, 0x13800000)
   the space 21272K,  59% used [0x08d50000, 0x099c65a0, 0x099c6600, 0x0a216000)
 Metaspace       used 8686K, capacity 9241K, committed 9344K, reserved 9600K
}

Deoptimization events (0 events):
No events

Classes redefined (0 events):
No events

Internal exceptions (10 events):
Event: 1.205 Thread 0x0143c800 Exception <a 'java/lang/NoSuchFieldError': method resolution failed> (0x03997350) thrown at [C:\re\workspace\8-2-build-windows-i586-cygwin\jdk8u171\10807\hotspot\src\share\vm\prims\methodHandles.cpp, line 1167]
Event: 1.357 Thread 0x0143c800 Exception <a 'java/security/PrivilegedActionException'> (0x03a171e0) thrown at [C:\re\workspace\8-2-build-windows-i586-cygwin\jdk8u171\10807\hotspot\src\share\vm\prims\jvm.cpp, line 1435]
Event: 1.357 Thread 0x0143c800 Exception <a 'java/security/PrivilegedActionException'> (0x03a173e0) thrown at [C:\re\workspace\8-2-build-windows-i586-cygwin\jdk8u171\10807\hotspot\src\share\vm\prims\jvm.cpp, line 1435]
Event: 1.359 Thread 0x0143c800 Exception <a 'java/security/PrivilegedActionException'> (0x03a1ae88) thrown at [C:\re\workspace\8-2-build-windows-i586-cygwin\jdk8u171\10807\hotspot\src\share\vm\prims\jvm.cpp, line 1435]
Event: 1.359 Thread 0x0143c800 Exception <a 'java/security/PrivilegedActionException'> (0x03a1b088) thrown at [C:\re\workspace\8-2-build-windows-i586-cygwin\jdk8u171\10807\hotspot\src\share\vm\prims\jvm.cpp, line 1435]
Event: 1.360 Thread 0x0143c800 Exception <a 'java/lang/NullPointerException'> (0x03a1b5f0) thrown at [C:\re\workspace\8-2-build-windows-i586-cygwin\jdk8u171\10807\hotspot\src\share\vm\interpreter\linkResolver.cpp, line 1185]
Event: 3.617 Thread 0x13eefc00 Exception <a 'java/lang/NullPointerException'> (0x0383d2a0) thrown at [C:\re\workspace\8-2-build-windows-i586-cygwin\jdk8u171\10807\hotspot\src\share\vm\interpreter\linkResolver.cpp, line 1185]
Event: 3.617 Thread 0x13eefc00 Exception <a 'java/lang/NullPointerException'> (0x0383d2a0) thrown at [C:\re\workspace\8-2-build-windows-i586-cygwin\jdk8u171\10807\hotspot\src\share\vm\prims\jvm.cpp, line 1439]
Event: 9.772 Thread 0x13eefc00 Implicit null exception at 0x0182a220 to 0x0182b90f
Event: 18.469 Thread 0x13d83c00 Exception <a 'java/lang/IllegalStateException'> (0x03873360) thrown at [C:\re\workspace\8-2-build-windows-i586-cygwin\jdk8u171\10807\hotspot\src\share\vm\prims\jvm.cpp, line 1439]

Events (10 events):
Event: 18.464 loading class java/util/IdentityHashMap$KeyIterator done
Event: 18.465 Thread 0x13d83c00 Thread added: 0x13d83c00
Event: 18.467 loading class com/sun/javafx/tk/quantum/QuantumRenderer
Event: 18.467 loading class com/sun/javafx/tk/quantum/QuantumRenderer done
Event: 18.468 loading class com/sun/javafx/tk/quantum/QuantumToolkit
Event: 18.468 loading class com/sun/javafx/tk/quantum/QuantumToolkit done
Event: 18.470 Thread 0x13d83c00 Thread exited: 0x13d83c00
Event: 18.472 loading class java/util/LinkedList$ListItr
Event: 18.473 loading class java/util/LinkedList$ListItr done
Event: 18.546 Executing VM operation: Exit


Dynamic libraries:
0x012f0000 - 0x01323000 	C:\Program Files\Java\jdk1.8.0_171\jre\bin\java.exe
0x76f00000 - 0x77042000 	C:\Windows\SYSTEM32\ntdll.dll
0x76a80000 - 0x76b55000 	C:\Windows\system32\kernel32.dll
0x74ea0000 - 0x74eeb000 	C:\Windows\system32\KERNELBASE.dll
0x76c10000 - 0x76cb1000 	C:\Windows\system32\ADVAPI32.dll
0x76b60000 - 0x76c0c000 	C:\Windows\system32\msvcrt.dll
0x770a0000 - 0x770b9000 	C:\Windows\SYSTEM32\sechost.dll
0x76410000 - 0x764b2000 	C:\Windows\system32\RPCRT4.dll
0x761a0000 - 0x76269000 	C:\Windows\system32\USER32.dll
0x76270000 - 0x762be000 	C:\Windows\system32\GDI32.dll
0x76070000 - 0x7607a000 	C:\Windows\system32\LPK.dll
0x765a0000 - 0x7663d000 	C:\Windows\system32\USP10.dll
0x73ad0000 - 0x73c6e000 	C:\Windows\WinSxS\x86_microsoft.windows.common-controls_6595b64144ccf1df_6.0.7601.18837_none_41e855142bd5705d\COMCTL32.dll
0x76540000 - 0x76597000 	C:\Windows\system32\SHLWAPI.dll
0x770c0000 - 0x770df000 	C:\Windows\system32\IMM32.DLL
0x75350000 - 0x7541d000 	C:\Windows\system32\MSCTF.dll
0x5a940000 - 0x5a9ff000 	C:\Program Files\Java\jdk1.8.0_171\jre\bin\msvcr100.dll
0x50390000 - 0x50761000 	C:\Program Files\Java\jdk1.8.0_171\jre\bin\client\jvm.dll
0x73f20000 - 0x73f27000 	C:\Windows\system32\WSOCK32.dll
0x77050000 - 0x77085000 	C:\Windows\system32\WS2_32.dll
0x77140000 - 0x77146000 	C:\Windows\system32\NSI.dll
0x72fa0000 - 0x72fd2000 	C:\Windows\system32\WINMM.dll
0x74200000 - 0x74209000 	C:\Windows\system32\VERSION.dll
0x77090000 - 0x77095000 	C:\Windows\system32\PSAPI.DLL
0x6f160000 - 0x6f16c000 	C:\Program Files\Java\jdk1.8.0_171\jre\bin\verify.dll
0x5a6b0000 - 0x5a6d2000 	C:\Program Files\Java\jdk1.8.0_171\jre\bin\java.dll
0x5a690000 - 0x5a6a4000 	C:\Program Files\Java\jdk1.8.0_171\jre\bin\zip.dll
0x75420000 - 0x7606c000 	C:\Windows\system32\SHELL32.dll
0x74fb0000 - 0x7510f000 	C:\Windows\system32\ole32.dll
0x74c80000 - 0x74c8b000 	C:\Windows\system32\profapi.dll
0x5a580000 - 0x5a583000 	C:\Program Files\Java\jdk1.8.0_171\jre\bin\api-ms-win-core-console-l1-1-0.dll
0x62dd0000 - 0x62dd3000 	C:\Program Files\Java\jdk1.8.0_171\jre\bin\api-ms-win-core-datetime-l1-1-0.dll
0x52130000 - 0x52133000 	C:\Program Files\Java\jdk1.8.0_171\jre\bin\api-ms-win-core-debug-l1-1-0.dll
0x52140000 - 0x52143000 	C:\Program Files\Java\jdk1.8.0_171\jre\bin\api-ms-win-core-errorhandling-l1-1-0.dll
0x51f80000 - 0x51f84000 	C:\Program Files\Java\jdk1.8.0_171\jre\bin\api-ms-win-core-file-l1-1-0.dll
0x51ef0000 - 0x51ef3000 	C:\Program Files\Java\jdk1.8.0_171\jre\bin\api-ms-win-core-file-l1-2-0.dll
0x51e80000 - 0x51e83000 	C:\Program Files\Java\jdk1.8.0_171\jre\bin\api-ms-win-core-file-l2-1-0.dll
0x51e90000 - 0x51e93000 	C:\Program Files\Java\jdk1.8.0_171\jre\bin\api-ms-win-core-handle-l1-1-0.dll
0x51900000 - 0x51903000 	C:\Program Files\Java\jdk1.8.0_171\jre\bin\api-ms-win-core-heap-l1-1-0.dll
0x51b20000 - 0x51b23000 	C:\Program Files\Java\jdk1.8.0_171\jre\bin\api-ms-win-core-interlocked-l1-1-0.dll
0x51410000 - 0x51413000 	C:\Program Files\Java\jdk1.8.0_171\jre\bin\api-ms-win-core-libraryloader-l1-1-0.dll
0x51420000 - 0x51423000 	C:\Program Files\Java\jdk1.8.0_171\jre\bin\api-ms-win-core-localization-l1-2-0.dll
0x513a0000 - 0x513a3000 	C:\Program Files\Java\jdk1.8.0_171\jre\bin\api-ms-win-core-memory-l1-1-0.dll
0x51400000 - 0x51403000 	C:\Program Files\Java\jdk1.8.0_171\jre\bin\api-ms-win-core-namedpipe-l1-1-0.dll
0x512f0000 - 0x512f3000 	C:\Program Files\Java\jdk1.8.0_171\jre\bin\api-ms-win-core-processenvironment-l1-1-0.dll
0x51300000 - 0x51303000 	C:\Program Files\Java\jdk1.8.0_171\jre\bin\api-ms-win-core-processthreads-l1-1-0.dll
0x512d0000 - 0x512d3000 	C:\Program Files\Java\jdk1.8.0_171\jre\bin\api-ms-win-core-processthreads-l1-1-1.dll
0x512e0000 - 0x512e3000 	C:\Program Files\Java\jdk1.8.0_171\jre\bin\api-ms-win-core-profile-l1-1-0.dll
0x50ee0000 - 0x50ee3000 	C:\Program Files\Java\jdk1.8.0_171\jre\bin\api-ms-win-core-rtlsupport-l1-1-0.dll
0x512c0000 - 0x512c3000 	C:\Program Files\Java\jdk1.8.0_171\jre\bin\api-ms-win-core-string-l1-1-0.dll
0x50ec0000 - 0x50ec3000 	C:\Program Files\Java\jdk1.8.0_171\jre\bin\api-ms-win-core-synch-l1-1-0.dll
0x50ed0000 - 0x50ed3000 	C:\Program Files\Java\jdk1.8.0_171\jre\bin\api-ms-win-core-synch-l1-2-0.dll
0x50ea0000 - 0x50ea3000 	C:\Program Files\Java\jdk1.8.0_171\jre\bin\api-ms-win-core-sysinfo-l1-1-0.dll
0x50eb0000 - 0x50eb3000 	C:\Program Files\Java\jdk1.8.0_171\jre\bin\api-ms-win-core-timezone-l1-1-0.dll
0x50e50000 - 0x50e53000 	C:\Program Files\Java\jdk1.8.0_171\jre\bin\api-ms-win-core-util-l1-1-0.dll
0x50e90000 - 0x50e93000 	C:\Program Files\Java\jdk1.8.0_171\jre\bin\api-ms-win-crt-conio-l1-1-0.dll
0x50e30000 - 0x50e34000 	C:\Program Files\Java\jdk1.8.0_171\jre\bin\api-ms-win-crt-convert-l1-1-0.dll
0x50e40000 - 0x50e43000 	C:\Program Files\Java\jdk1.8.0_171\jre\bin\api-ms-win-crt-environment-l1-1-0.dll
0x50e10000 - 0x50e13000 	C:\Program Files\Java\jdk1.8.0_171\jre\bin\api-ms-win-crt-filesystem-l1-1-0.dll
0x50e20000 - 0x50e23000 	C:\Program Files\Java\jdk1.8.0_171\jre\bin\api-ms-win-crt-heap-l1-1-0.dll
0x50df0000 - 0x50df3000 	C:\Program Files\Java\jdk1.8.0_171\jre\bin\api-ms-win-crt-locale-l1-1-0.dll
0x50e00000 - 0x50e05000 	C:\Program Files\Java\jdk1.8.0_171\jre\bin\api-ms-win-crt-math-l1-1-0.dll
0x50dd0000 - 0x50dd5000 	C:\Program Files\Java\jdk1.8.0_171\jre\bin\api-ms-win-crt-multibyte-l1-1-0.dll
0x50de0000 - 0x50df0000 	C:\Program Files\Java\jdk1.8.0_171\jre\bin\api-ms-win-crt-private-l1-1-0.dll
0x50db0000 - 0x50db3000 	C:\Program Files\Java\jdk1.8.0_171\jre\bin\api-ms-win-crt-process-l1-1-0.dll
0x50dc0000 - 0x50dc4000 	C:\Program Files\Java\jdk1.8.0_171\jre\bin\api-ms-win-crt-runtime-l1-1-0.dll
0x50d90000 - 0x50d94000 	C:\Program Files\Java\jdk1.8.0_171\jre\bin\api-ms-win-crt-stdio-l1-1-0.dll
0x50da0000 - 0x50da4000 	C:\Program Files\Java\jdk1.8.0_171\jre\bin\api-ms-win-crt-string-l1-1-0.dll
0x50d70000 - 0x50d73000 	C:\Program Files\Java\jdk1.8.0_171\jre\bin\api-ms-win-crt-time-l1-1-0.dll
0x50d80000 - 0x50d83000 	C:\Program Files\Java\jdk1.8.0_171\jre\bin\api-ms-win-crt-utility-l1-1-0.dll
0x14390000 - 0x144a8000 	C:\Program Files\Java\jdk1.8.0_171\jre\bin\ucrtbase.dll
0x778a0000 - 0x778db000 	C:\Program Files\Java\jdk1.8.0_171\jre\bin\concrt140.dll
0x77810000 - 0x7787c000 	C:\Program Files\Java\jdk1.8.0_171\jre\bin\MSVCP140.dll
0x50d50000 - 0x50d64000 	C:\Program Files\Java\jdk1.8.0_171\jre\bin\VCRUNTIME140.dll
0x50d30000 - 0x50d4f000 	C:\Program Files\Java\jdk1.8.0_171\jre\bin\prism_d3d.dll
0x5aa10000 - 0x5abd3000 	C:\Windows\system32\d3d9.dll
0x5aa00000 - 0x5aa06000 	C:\Windows\system32\d3d8thk.dll
0x73560000 - 0x73573000 	C:\Windows\system32\dwmapi.dll
0x73950000 - 0x73990000 	C:\Windows\system32\uxtheme.dll
0x771a0000 - 0x771d8000 	C:\Program Files\Java\jdk1.8.0_171\jre\bin\glass.dll
0x764c0000 - 0x7653b000 	C:\Windows\system32\COMDLG32.dll
0x76cc0000 - 0x76d51000 	C:\Windows\system32\OLEAUT32.dll
0x74ba0000 - 0x74bac000 	C:\Windows\system32\CRYPTBASE.dll
0x76d60000 - 0x76efd000 	C:\Windows\system32\SETUPAPI.dll
0x74cd0000 - 0x74cf7000 	C:\Windows\system32\CFGMGR32.dll
0x74e80000 - 0x74e92000 	C:\Windows\system32\DEVOBJ.dll
0x51fd0000 - 0x5210a000 	C:\Program Files\NVIDIA Corporation\3D Vision\nvSCPAPI.dll
0x50970000 - 0x50980000 	C:\Program Files\Java\jdk1.8.0_171\jre\bin\javafx_font.dll
0x57300000 - 0x57436000 	C:\Windows\system32\dwrite.dll
0x760d0000 - 0x76153000 	C:\Windows\system32\CLBCatQ.DLL
0x733f0000 - 0x73521000 	C:\Windows\system32\WindowsCodecs.dll
0x74b50000 - 0x74b9c000 	C:\Windows\system32\apphelp.dll
0x73c70000 - 0x73c77000 	C:\Program Files\Internet Download Manager\IDMShellExt.dll
0x514b0000 - 0x51504000 	C:\Program Files\Dropbox\Client\DropboxExt.26.0.dll
0x73990000 - 0x73a85000 	C:\Windows\system32\propsys.dll
0x74100000 - 0x74121000 	C:\Windows\system32\ntmarta.dll
0x76080000 - 0x760c5000 	C:\Windows\system32\WLDAP32.dll
0x736d0000 - 0x736e6000 	C:\Windows\system32\thumbcache.dll
0x70260000 - 0x702b2000 	C:\Windows\system32\PhotoMetadataHandler.dll
0x68b00000 - 0x68ca6000 	C:\PROGRA~1\MICROS~2\Office15\GROOVEEX.DLL
0x71480000 - 0x714e9000 	C:\Windows\system32\MSVCP100.dll
0x712b0000 - 0x712d6000 	C:\Windows\system32\ATL100.DLL
0x6f680000 - 0x6f8c6000 	C:\Windows\system32\msi.dll
0x684c0000 - 0x68af9000 	C:\PROGRA~1\MICROS~2\Office15\1033\GrooveIntlResource.dll
0x147a0000 - 0x147c1000 	C:\Program Files\Common Files\Microsoft Shared\Ink\rtscom.dll
0x6cf90000 - 0x6cfb1000 	C:\Program Files\Java\jdk1.8.0_171\jre\bin\javafx_iio.dll
0x14060000 - 0x14067000 	C:\Program Files\Internet Download Manager\idmmkb.dll
0x50960000 - 0x5096f000 	C:\Program Files\Java\jdk1.8.0_171\jre\bin\prism_common.dll
0x6ee50000 - 0x6ef3b000 	C:\Windows\system32\dbghelp.dll

VM Arguments:
jvm_args: -Dfile.encoding=UTF-8 
java_command: C:\Users\zaher\Documents\NetBeansProjects\FXApplication\dist\run296384871\FXApplication.jar
java_class_path (initial): C:\Users\zaher\Documents\NetBeansProjects\FXApplication\dist\run296384871\FXApplication.jar
Launcher Type: SUN_STANDARD

Environment Variables:
PATH=C:\Program Files\Common Files\Oracle\Java\javapath;C:\Windows\system32;C:\Windows;C:\Windows\System32\Wbem;C:\Windows\System32\WindowsPowerShell\v1.0\;C:\Program Files\Brackets\command;C:\Program Files\IVI Foundation\VISA\WinNT\Bin;C:\Program Files\Bitvise SSH Client;C:\Program Files\Git\cmd;C:\xampp\php;C:\composer;;C:\Users\zaher\AppData\Local\Programs\Microsoft VS Code\bin;C:\Users\zaher\AppData\Roaming\Composer\vendor\bin;C:\xampp\php;C:\composer;C:\xampp\mysql\bin
USERNAME=zaher
OS=Windows_NT
PROCESSOR_IDENTIFIER=x86 Family 15 Model 4 Stepping 1, GenuineIntel



---------------  S Y S T E M  ---------------

OS: Windows 7 Build 7601 (6.1.7601.24291)

CPU:total 2 (initial active 2) (1 cores per cpu, 2 threads per core) family 15 model 4 stepping 1, cmov, cx8, fxsr, mmx, sse, sse2, sse3, ht, tsc

Memory: 4k page, physical 2095608k(743008k free), swap 3703416k(1385492k free)

vm_info: Java HotSpot(TM) Client VM (25.171-b11) for windows-x86 JRE (1.8.0_171-b11), built on Mar 28 2018 14:51:22 by "java_re" with MS VC++ 10.0 (VS2010)

time: Thu Dec 13 02:09:00 2018
elapsed time: 19 seconds (0d 0h 0m 19s)

