#
# A fatal error has been detected by the Java Runtime Environment:
#
#  EXCEPTION_ACCESS_VIOLATION (0xc0000005) at pc=0x000000006a5e584a, pid=8232, tid=0x0000000000002498
#
# JRE version: Java(TM) SE Runtime Environment (8.0_102-b14) (build 1.8.0_102-b14)
# Java VM: Java HotSpot(TM) 64-Bit Server VM (25.102-b14 mixed mode windows-amd64 compressed oops)
# Problematic frame:
# C  [glass.dll+0x2584a]
#
# Failed to write core dump. Minidumps are not enabled by default on client versions of Windows
#
# If you would like to submit a bug report, please visit:
#   http://bugreport.java.com/bugreport/crash.jsp
#

---------------  T H R E A D  ---------------

Current thread (0x000000005506b000):  VMThread [stack: 0x0000000056140000,0x0000000056240000] [id=9368]

siginfo: ExceptionCode=0xc0000005, reading address 0x0000000000000000

Registers:
RAX=0x0000000000000000, RBX=0x0000000057503a60, RCX=0x000000005506b000, RDX=0x0000000057503a60
RSP=0x000000005623f430, RBP=0x00000000002ce8e0, RSI=0x0000000000000001, RDI=0x0000000000000000
R8 =0x0000000000010002, R9 =0x00000000002ce8e0, R10=0x0000000000000000, R11=0x0000000000000286
R12=0x00000000002ce910, R13=0x00000000002ce8e0, R14=0x00000000002ce8f0, R15=0x0000000000000000
RIP=0x000000006a5e584a, EFLAGS=0x0000000000010206

Top of Stack: (sp=0x000000005623f430)
0x000000005623f430:   0000000000000000 000000006a5e5900
0x000000005623f440:   0000000000000000 000007fefd4c6800
0x000000005623f450:   000000006a5e5830 000000006a5e3224
0x000000005623f460:   000000006a5e5a60 00000000fef20cb7
0x000000005623f470:   0000000000000001 000007fefd95b3ea
0x000000005623f480:   0000000077c62e70 000000006a5c0000
0x000000005623f490:   000007fffffae000 000000006a5e34a6
0x000000005623f4a0:   0000000000000001 0000000054f55500
0x000000005623f4b0:   0000000000000000 000007fffffd5000
0x000000005623f4c0:   c000000500000001 000000005623e720
0x000000005623f4d0:   0000000077c5ba58 0000000077b6778b
0x000000005623f4e0:   00000000002babe0 00000000002bade0
0x000000005623f4f0:   000000006a5e3384 00000000002f1470
0x000000005623f500:   0000000000000000 0000000000000000
0x000000005623f510:   0000000000000000 0000000000000000
0x000000005623f520:   00000000032c032a 0000000000273014 

Instructions: (pc=0x000000006a5e584a)
0x000000006a5e582a:   83 c4 20 5d c3 cc 40 53 48 83 ec 20 48 8b 1d cb
0x000000006a5e583a:   5b 01 00 48 85 db 74 1a e8 19 93 ff ff 48 8b d3
0x000000006a5e584a:   4c 8b 00 48 8b c8 48 83 c4 20 5b 49 ff a0 b0 00
0x000000006a5e585a:   00 00 48 83 c4 20 5b c3 cc cc cc cc cc cc cc cc 


Register to memory mapping:

RAX=0x0000000000000000 is an unknown value
RBX=0x0000000057503a60 is a global jni handle
RCX=0x000000005506b000 is an unknown value
RDX=0x0000000057503a60 is a global jni handle
RSP=0x000000005623f430 is an unknown value
RBP=0x00000000002ce8e0 is an unknown value
RSI=0x0000000000000001 is an unknown value
RDI=0x0000000000000000 is an unknown value
R8 =0x0000000000010002 is an unknown value
R9 =0x00000000002ce8e0 is an unknown value
R10=0x0000000000000000 is an unknown value
R11=0x0000000000000286 is an unknown value
R12=0x00000000002ce910 is an unknown value
R13=0x00000000002ce8e0 is an unknown value
R14=0x00000000002ce8f0 is an unknown value
R15=0x0000000000000000 is an unknown value


Stack: [0x0000000056140000,0x0000000056240000],  sp=0x000000005623f430,  free space=1021k
Native frames: (J=compiled Java code, j=interpreted, Vv=VM code, C=native code)
C  [glass.dll+0x2584a]
C  [glass.dll+0x23224]
C  [glass.dll+0x234a6]
C  [ntdll.dll+0x3778b]
C  [ntdll.dll+0x3c1e0]
C  [msvcr100.dll+0x20cb9]
V  [jvm.dll+0x212a05]
V  [jvm.dll+0x24b647]
V  [jvm.dll+0x24a8e6]
V  [jvm.dll+0x24ad81]
V  [jvm.dll+0x24af9e]
V  [jvm.dll+0x29c03a]
C  [msvcr100.dll+0x21d7b]
C  [msvcr100.dll+0x21e17]
C  [kernel32.dll+0x159cd]
C  [ntdll.dll+0x5385d]

VM_Operation (0x0000000058406b20): Exit, mode: safepoint, requested by thread 0x00000000573cf800


---------------  P R O C E S S  ---------------

Java Threads: ( => current thread )
  0x0000000056957000 JavaThread "Timer-12" [_thread_blocked, id=4528, stack(0x00000000620e0000,0x00000000621e0000)]
  0x0000000056958000 JavaThread "Timer-11" [_thread_blocked, id=9304, stack(0x0000000060c80000,0x0000000060d80000)]
  0x0000000056954000 JavaThread "Timer-10" [_thread_blocked, id=4432, stack(0x000000005df20000,0x000000005e020000)]
  0x0000000056953800 JavaThread "Timer-9" [_thread_blocked, id=9084, stack(0x0000000061f40000,0x0000000062040000)]
  0x0000000056955800 JavaThread "Timer-8" [_thread_blocked, id=8424, stack(0x000000005bcc0000,0x000000005bdc0000)]
  0x0000000056955000 JavaThread "Timer-7" [_thread_blocked, id=2100, stack(0x000000005dd70000,0x000000005de70000)]
  0x0000000056956800 JavaThread "Thread-11" [_thread_blocked, id=5476, stack(0x0000000060d90000,0x0000000060e90000)]
  0x00000000567f0800 JavaThread "Prism Font Disposer" daemon [_thread_blocked, id=7316, stack(0x000000005bb60000,0x000000005bc60000)]
  0x000000005740c000 JavaThread "JavaFX-Launcher" [_thread_blocked, id=7676, stack(0x000000005a600000,0x000000005a700000)]
  0x000000005740b800 JavaThread "Thread-2" daemon [_thread_in_native, id=10152, stack(0x000000005a480000,0x000000005a580000)]
  0x00000000573cf800 JavaThread "JavaFX Application Thread" [_thread_blocked, id=6996, stack(0x0000000058310000,0x0000000058410000)]
  0x00000000573c5000 JavaThread "Thread-1" daemon [_thread_blocked, id=7012, stack(0x0000000058190000,0x0000000058290000)]
  0x00000000573a7800 JavaThread "QuantumRenderer-0" daemon [_thread_blocked, id=8172, stack(0x0000000057ce0000,0x0000000057de0000)]
  0x00000000566a4000 JavaThread "Service Thread" daemon [_thread_blocked, id=2296, stack(0x00000000570d0000,0x00000000571d0000)]
  0x000000005661e000 JavaThread "C1 CompilerThread2" daemon [_thread_blocked, id=4860, stack(0x0000000056260000,0x0000000056360000)]
  0x000000005661d000 JavaThread "C2 CompilerThread1" daemon [_thread_blocked, id=5672, stack(0x0000000056f80000,0x0000000057080000)]
  0x0000000056614800 JavaThread "C2 CompilerThread0" daemon [_thread_blocked, id=4900, stack(0x0000000056d60000,0x0000000056e60000)]
  0x00000000550dc800 JavaThread "Attach Listener" daemon [_thread_blocked, id=10104, stack(0x0000000056b90000,0x0000000056c90000)]
  0x00000000550ce000 JavaThread "Signal Dispatcher" daemon [_thread_blocked, id=8708, stack(0x0000000056a10000,0x0000000056b10000)]
  0x00000000550ba000 JavaThread "Finalizer" daemon [_thread_blocked, id=8520, stack(0x0000000056510000,0x0000000056610000)]
  0x0000000055073000 JavaThread "Reference Handler" daemon [_thread_blocked, id=8428, stack(0x00000000563c0000,0x00000000564c0000)]
  0x00000000021fe000 JavaThread "main" [_thread_blocked, id=8552, stack(0x00000000024a0000,0x00000000025a0000)]

Other Threads:
=>0x000000005506b000 VMThread [stack: 0x0000000056140000,0x0000000056240000] [id=9368]

VM state:at safepoint (shutting down)

VM Mutex/Monitor currently owned by a thread:  ([mutex/lock_event])
[0x00000000021fc400] Threads_lock - owner thread: 0x000000005506b000

Heap:
 PSYoungGen      total 18432K, used 9333K [0x00000000eb700000, 0x00000000ecb80000, 0x0000000100000000)
  eden space 15872K, 42% used [0x00000000eb700000,0x00000000ebda0040,0x00000000ec680000)
  from space 2560K, 99% used [0x00000000ec900000,0x00000000ecb7d400,0x00000000ecb80000)
  to   space 2560K, 0% used [0x00000000ec680000,0x00000000ec680000,0x00000000ec900000)
 ParOldGen       total 42496K, used 14564K [0x00000000c2400000, 0x00000000c4d80000, 0x00000000eb700000)
  object space 42496K, 34% used [0x00000000c2400000,0x00000000c32392e8,0x00000000c4d80000)
 Metaspace       used 17591K, capacity 18720K, committed 18944K, reserved 1064960K
  class space    used 2501K, capacity 2728K, committed 2816K, reserved 1048576K

Card table byte_map: [0x0000000011c30000,0x0000000011e20000] byte_map_base: 0x000000001161e000

Marking Bits: (ParMarkBitMap*) 0x000000005f27a6c0
 Begin Bits: [0x0000000012610000, 0x0000000013580000)
 End Bits:   [0x0000000013580000, 0x00000000144f0000)

Polling page: 0x0000000000240000

CodeCache: size=245760Kb used=10430Kb max_used=10576Kb free=235329Kb
 bounds [0x0000000002870000, 0x00000000032e0000, 0x0000000011870000]
 total_blobs=3977 nmethods=3318 adapters=570
 compilation: enabled

Compilation events (10 events):
Event: 394.611 Thread 0x000000005661e000 3645       3       javafx.scene.input.MouseEvent::copyFor (17 bytes)
Event: 394.611 Thread 0x000000005661e000 nmethod 3645 0x00000000029cc0d0 code [0x00000000029cc240, 0x00000000029cc488]
Event: 395.171 Thread 0x000000005661d000 3646       4       com.sun.javafx.geom.transform.Translate2D::transform (48 bytes)
Event: 395.172 Thread 0x000000005661d000 nmethod 3646 0x0000000002afb090 code [0x0000000002afb1c0, 0x0000000002afb278]
Event: 396.159 Thread 0x000000005661e000 3647       3       com.sun.javafx.util.Logging::getInputLogger (18 bytes)
Event: 396.159 Thread 0x000000005661e000 nmethod 3647 0x0000000002c3b750 code [0x0000000002c3b8c0, 0x0000000002c3baa8]
Event: 396.168 Thread 0x000000005661e000 3648       3       com.sun.glass.ui.win.WinApplication::staticView_getMultiClickMaxY (4 bytes)
Event: 396.169 Thread 0x000000005661e000 nmethod 3648 0x0000000002c37f50 code [0x0000000002c380a0, 0x0000000002c38250]
Event: 396.169 Thread 0x000000005661e000 3649       3       com.sun.glass.ui.win.WinView::getMultiClickMaxY_impl (4 bytes)
Event: 396.169 Thread 0x000000005661e000 nmethod 3649 0x0000000002c29410 code [0x0000000002c29560, 0x0000000002c29690]

GC Heap History (8 events):
Event: 5.299 GC heap before
{Heap before GC invocations=1 (full 0):
 PSYoungGen      total 18432K, used 15872K [0x00000000eb700000, 0x00000000ecb80000, 0x0000000100000000)
  eden space 15872K, 100% used [0x00000000eb700000,0x00000000ec680000,0x00000000ec680000)
  from space 2560K, 0% used [0x00000000ec900000,0x00000000ec900000,0x00000000ecb80000)
  to   space 2560K, 0% used [0x00000000ec680000,0x00000000ec680000,0x00000000ec900000)
 ParOldGen       total 42496K, used 0K [0x00000000c2400000, 0x00000000c4d80000, 0x00000000eb700000)
  object space 42496K, 0% used [0x00000000c2400000,0x00000000c2400000,0x00000000c4d80000)
 Metaspace       used 9507K, capacity 9926K, committed 10112K, reserved 1058816K
  class space    used 1265K, capacity 1381K, committed 1408K, reserved 1048576K
Event: 5.305 GC heap after
Heap after GC invocations=1 (full 0):
 PSYoungGen      total 18432K, used 2544K [0x00000000eb700000, 0x00000000ecb80000, 0x0000000100000000)
  eden space 15872K, 0% used [0x00000000eb700000,0x00000000eb700000,0x00000000ec680000)
  from space 2560K, 99% used [0x00000000ec680000,0x00000000ec8fc030,0x00000000ec900000)
  to   space 2560K, 0% used [0x00000000ec900000,0x00000000ec900000,0x00000000ecb80000)
 ParOldGen       total 42496K, used 165K [0x00000000c2400000, 0x00000000c4d80000, 0x00000000eb700000)
  object space 42496K, 0% used [0x00000000c2400000,0x00000000c2429438,0x00000000c4d80000)
 Metaspace       used 9507K, capacity 9926K, committed 10112K, reserved 1058816K
  class space    used 1265K, capacity 1381K, committed 1408K, reserved 1048576K
}
Event: 287.881 GC heap before
{Heap before GC invocations=2 (full 0):
 PSYoungGen      total 18432K, used 17026K [0x00000000eb700000, 0x00000000ecb80000, 0x0000000100000000)
  eden space 15872K, 91% used [0x00000000eb700000,0x00000000ec524b50,0x00000000ec680000)
  from space 2560K, 99% used [0x00000000ec680000,0x00000000ec8fc030,0x00000000ec900000)
  to   space 2560K, 0% used [0x00000000ec900000,0x00000000ec900000,0x00000000ecb80000)
 ParOldGen       total 42496K, used 165K [0x00000000c2400000, 0x00000000c4d80000, 0x00000000eb700000)
  object space 42496K, 0% used [0x00000000c2400000,0x00000000c2429438,0x00000000c4d80000)
 Metaspace       used 13332K, capacity 14014K, committed 14208K, reserved 1060864K
  class space    used 1861K, capacity 2059K, committed 2176K, reserved 1048576K
Event: 287.894 GC heap after
Heap after GC invocations=2 (full 0):
 PSYoungGen      total 18432K, used 2544K [0x00000000eb700000, 0x00000000ecb80000, 0x0000000100000000)
  eden space 15872K, 0% used [0x00000000eb700000,0x00000000eb700000,0x00000000ec680000)
  from space 2560K, 99% used [0x00000000ec900000,0x00000000ecb7c030,0x00000000ecb80000)
  to   space 2560K, 0% used [0x00000000ec680000,0x00000000ec680000,0x00000000ec900000)
 ParOldGen       total 42496K, used 5494K [0x00000000c2400000, 0x00000000c4d80000, 0x00000000eb700000)
  object space 42496K, 12% used [0x00000000c2400000,0x00000000c295db10,0x00000000c4d80000)
 Metaspace       used 13332K, capacity 14014K, committed 14208K, reserved 1060864K
  class space    used 1861K, capacity 2059K, committed 2176K, reserved 1048576K
}
Event: 309.779 GC heap before
{Heap before GC invocations=3 (full 0):
 PSYoungGen      total 18432K, used 18416K [0x00000000eb700000, 0x00000000ecb80000, 0x0000000100000000)
  eden space 15872K, 100% used [0x00000000eb700000,0x00000000ec680000,0x00000000ec680000)
  from space 2560K, 99% used [0x00000000ec900000,0x00000000ecb7c030,0x00000000ecb80000)
  to   space 2560K, 0% used [0x00000000ec680000,0x00000000ec680000,0x00000000ec900000)
 ParOldGen       total 42496K, used 5494K [0x00000000c2400000, 0x00000000c4d80000, 0x00000000eb700000)
  object space 42496K, 12% used [0x00000000c2400000,0x00000000c295db10,0x00000000c4d80000)
 Metaspace       used 15846K, capacity 16660K, committed 16896K, reserved 1062912K
  class space    used 2271K, capacity 2490K, committed 2560K, reserved 1048576K
Event: 309.811 GC heap after
Heap after GC invocations=3 (full 0):
 PSYoungGen      total 18432K, used 2528K [0x00000000eb700000, 0x00000000ecb80000, 0x0000000100000000)
  eden space 15872K, 0% used [0x00000000eb700000,0x00000000eb700000,0x00000000ec680000)
  from space 2560K, 98% used [0x00000000ec680000,0x00000000ec8f8010,0x00000000ec900000)
  to   space 2560K, 0% used [0x00000000ec900000,0x00000000ec900000,0x00000000ecb80000)
 ParOldGen       total 42496K, used 12625K [0x00000000c2400000, 0x00000000c4d80000, 0x00000000eb700000)
  object space 42496K, 29% used [0x00000000c2400000,0x00000000c3054468,0x00000000c4d80000)
 Metaspace       used 15846K, capacity 16660K, committed 16896K, reserved 1062912K
  class space    used 2271K, capacity 2490K, committed 2560K, reserved 1048576K
}
Event: 375.636 GC heap before
{Heap before GC invocations=4 (full 0):
 PSYoungGen      total 18432K, used 18400K [0x00000000eb700000, 0x00000000ecb80000, 0x0000000100000000)
  eden space 15872K, 100% used [0x00000000eb700000,0x00000000ec680000,0x00000000ec680000)
  from space 2560K, 98% used [0x00000000ec680000,0x00000000ec8f8010,0x00000000ec900000)
  to   space 2560K, 0% used [0x00000000ec900000,0x00000000ec900000,0x00000000ecb80000)
 ParOldGen       total 42496K, used 12625K [0x00000000c2400000, 0x00000000c4d80000, 0x00000000eb700000)
  object space 42496K, 29% used [0x00000000c2400000,0x00000000c3054468,0x00000000c4d80000)
 Metaspace       used 17430K, capacity 18572K, committed 18688K, reserved 1064960K
  class space    used 2496K, capacity 2724K, committed 2816K, reserved 1048576K
Event: 375.662 GC heap after
Heap after GC invocations=4 (full 0):
 PSYoungGen      total 18432K, used 2549K [0x00000000eb700000, 0x00000000ecb80000, 0x0000000100000000)
  eden space 15872K, 0% used [0x00000000eb700000,0x00000000eb700000,0x00000000ec680000)
  from space 2560K, 99% used [0x00000000ec900000,0x00000000ecb7d400,0x00000000ecb80000)
  to   space 2560K, 0% used [0x00000000ec680000,0x00000000ec680000,0x00000000ec900000)
 ParOldGen       total 42496K, used 14564K [0x00000000c2400000, 0x00000000c4d80000, 0x00000000eb700000)
  object space 42496K, 34% used [0x00000000c2400000,0x00000000c32392e8,0x00000000c4d80000)
 Metaspace       used 17430K, capacity 18572K, committed 18688K, reserved 1064960K
  class space    used 2496K, capacity 2724K, committed 2816K, reserved 1048576K
}

Deoptimization events (10 events):
Event: 370.282 Thread 0x00000000573a7800 Uncommon trap: reason=bimorphic action=maybe_recompile pc=0x00000000029de928 method=com.sun.javafx.geom.transform.Affine3D.concatenate(Lcom/sun/javafx/geom/transform/BaseTransform;)V @ 4
Event: 370.283 Thread 0x00000000573a7800 Uncommon trap: reason=bimorphic action=maybe_recompile pc=0x00000000029de928 method=com.sun.javafx.geom.transform.Affine3D.concatenate(Lcom/sun/javafx/geom/transform/BaseTransform;)V @ 4
Event: 370.284 Thread 0x00000000573a7800 Uncommon trap: reason=bimorphic action=maybe_recompile pc=0x00000000029de928 method=com.sun.javafx.geom.transform.Affine3D.concatenate(Lcom/sun/javafx/geom/transform/BaseTransform;)V @ 4
Event: 370.287 Thread 0x00000000573cf800 Uncommon trap: reason=class_check action=maybe_recompile pc=0x0000000002dcfb78 method=javafx.scene.Node.updateLocalToParentTransform()V @ 209
Event: 370.290 Thread 0x00000000573a7800 Uncommon trap: reason=bimorphic action=maybe_recompile pc=0x00000000029de928 method=com.sun.javafx.geom.transform.Affine3D.concatenate(Lcom/sun/javafx/geom/transform/BaseTransform;)V @ 4
Event: 375.664 Thread 0x00000000573a7800 Uncommon trap: reason=unstable_if action=reinterpret pc=0x0000000002cc996c method=java.util.WeakHashMap.expungeStaleEntries()V @ 9
Event: 379.510 Thread 0x00000000573cf800 Uncommon trap: reason=unstable_if action=reinterpret pc=0x00000000030d5ca4 method=java.util.WeakHashMap.expungeStaleEntries()V @ 9
Event: 388.934 Thread 0x00000000573cf800 Uncommon trap: reason=unstable_if action=reinterpret pc=0x00000000031d9274 method=javafx.scene.CssStyleHelper.getCachedFont(Ljavafx/css/Styleable;)Lcom/sun/javafx/css/CalculatedValue; @ 77
Event: 396.226 Thread 0x0000000056958800 Uncommon trap: reason=unstable_if action=reinterpret pc=0x00000000029a3378 method=java.util.concurrent.locks.ReentrantLock$NonfairSync.lock()V @ 6
Event: 396.226 Thread 0x0000000056958800 Uncommon trap: reason=unstable_if action=reinterpret pc=0x0000000002b072f0 method=java.util.concurrent.locks.ReentrantLock$Sync.tryRelease(I)Z @ 28

Internal exceptions (10 events):
Event: 0.364 Thread 0x00000000021fe000 Exception <a 'java/security/PrivilegedActionException'> (0x00000000eb981e50) thrown at [C:\re\workspace\8-2-build-windows-amd64-cygwin\jdk8u102\7268\hotspot\src\share\vm\prims\jvm.cpp, line 1386]
Event: 0.364 Thread 0x00000000021fe000 Exception <a 'java/security/PrivilegedActionException'> (0x00000000eb982060) thrown at [C:\re\workspace\8-2-build-windows-amd64-cygwin\jdk8u102\7268\hotspot\src\share\vm\prims\jvm.cpp, line 1386]
Event: 0.365 Thread 0x00000000021fe000 Exception <a 'java/security/PrivilegedActionException'> (0x00000000eb985f48) thrown at [C:\re\workspace\8-2-build-windows-amd64-cygwin\jdk8u102\7268\hotspot\src\share\vm\prims\jvm.cpp, line 1386]
Event: 0.365 Thread 0x00000000021fe000 Exception <a 'java/security/PrivilegedActionException'> (0x00000000eb986158) thrown at [C:\re\workspace\8-2-build-windows-amd64-cygwin\jdk8u102\7268\hotspot\src\share\vm\prims\jvm.cpp, line 1386]
Event: 0.366 Thread 0x00000000021fe000 Exception <a 'java/lang/NullPointerException'> (0x00000000eb986730) thrown at [C:\re\workspace\8-2-build-windows-amd64-cygwin\jdk8u102\7268\hotspot\src\share\vm\interpreter\linkResolver.cpp, line 1178]
Event: 4.171 Thread 0x00000000573cf800 Exception <a 'java/lang/NullPointerException'> (0x00000000ec0e82d8) thrown at [C:\re\workspace\8-2-build-windows-amd64-cygwin\jdk8u102\7268\hotspot\src\share\vm\interpreter\linkResolver.cpp, line 1178]
Event: 4.171 Thread 0x00000000573cf800 Exception <a 'java/lang/NullPointerException'> (0x00000000ec0e82d8) thrown at [C:\re\workspace\8-2-build-windows-amd64-cygwin\jdk8u102\7268\hotspot\src\share\vm\prims\jvm.cpp, line 1390]
Event: 5.293 Thread 0x00000000573cf800 Implicit null exception at 0x0000000002ad3d25 to 0x0000000002ad3ef9
Event: 294.543 Thread 0x00000000573cf800 Implicit null exception at 0x0000000002d0829f to 0x0000000002d0877d
Event: 396.228 Thread 0x0000000056958800 Exception <a 'java/lang/IllegalStateException'> (0x00000000ebd9c560) thrown at [C:\re\workspace\8-2-build-windows-amd64-cygwin\jdk8u102\7268\hotspot\src\share\vm\prims\jvm.cpp, line 1390]

Events (10 events):
Event: 396.226 Thread 0x0000000056958800 DEOPT PACKING pc=0x00000000029a3378 sp=0x000000006235e550
Event: 396.226 Thread 0x0000000056958800 DEOPT UNPACKING pc=0x00000000028b582a sp=0x000000006235e4f0 mode 2
Event: 396.226 Thread 0x0000000056958800 Uncommon trap: trap_request=0xffffff65 fr.pc=0x0000000002b072f0
Event: 396.226 Thread 0x0000000056958800 DEOPT PACKING pc=0x0000000002b072f0 sp=0x000000006235e540
Event: 396.226 Thread 0x0000000056958800 DEOPT UNPACKING pc=0x00000000028b582a sp=0x000000006235e4c8 mode 2
Event: 396.227 loading class java/util/LinkedList$ListItr
Event: 396.227 loading class com/sun/javafx/tk/quantum/QuantumToolkit
Event: 396.227 loading class com/sun/javafx/tk/quantum/QuantumToolkit done
Event: 396.228 Thread 0x0000000056958800 Thread exited: 0x0000000056958800
Event: 396.228 Executing VM operation: Exit


Dynamic libraries:
0x000000013f6b0000 - 0x000000013f6e7000 	C:\Program Files\Java\jdk1.8.0_102\jre\bin\java.exe
0x0000000077b30000 - 0x0000000077ccf000 	C:\Windows\SYSTEM32\ntdll.dll
0x0000000077910000 - 0x0000000077a2f000 	C:\Windows\system32\kernel32.dll
0x000007fefd950000 - 0x000007fefd9ba000 	C:\Windows\system32\KERNELBASE.dll
0x000007fefe690000 - 0x000007fefe76b000 	C:\Windows\system32\ADVAPI32.dll
0x000007fefe100000 - 0x000007fefe19f000 	C:\Windows\system32\msvcrt.dll
0x000007fefe770000 - 0x000007fefe78f000 	C:\Windows\SYSTEM32\sechost.dll
0x000007fefda40000 - 0x000007fefdb6d000 	C:\Windows\system32\RPCRT4.dll
0x0000000077a30000 - 0x0000000077b2a000 	C:\Windows\system32\USER32.dll
0x000007fefe420000 - 0x000007fefe487000 	C:\Windows\system32\GDI32.dll
0x000007fefe1a0000 - 0x000007fefe1ae000 	C:\Windows\system32\LPK.dll
0x000007fefed10000 - 0x000007fefeddb000 	C:\Windows\system32\USP10.dll
0x000007fefa350000 - 0x000007fefa544000 	C:\Windows\WinSxS\amd64_microsoft.windows.common-controls_6595b64144ccf1df_6.0.7601.18837_none_fa3b1e3d17594757\COMCTL32.dll
0x000007feffda0000 - 0x000007feffe11000 	C:\Windows\system32\SHLWAPI.dll
0x000007feffb70000 - 0x000007feffb9e000 	C:\Windows\system32\IMM32.DLL
0x000007fefe790000 - 0x000007fefe899000 	C:\Windows\system32\MSCTF.dll
0x000000006a8e0000 - 0x000000006a9b1000 	C:\Program Files\Java\jdk1.8.0_102\jre\bin\msvcr100.dll
0x000000005ea60000 - 0x000000005f2fa000 	C:\Program Files\Java\jdk1.8.0_102\jre\bin\server\jvm.dll
0x000007feecc10000 - 0x000007feecc19000 	C:\Windows\system32\WSOCK32.dll
0x000007fefdbf0000 - 0x000007fefdc3d000 	C:\Windows\system32\WS2_32.dll
0x000007fefe0f0000 - 0x000007fefe0f8000 	C:\Windows\system32\NSI.dll
0x000007fefc4b0000 - 0x000007fefc4eb000 	C:\Windows\system32\WINMM.dll
0x000007fefc420000 - 0x000007fefc42c000 	C:\Windows\system32\VERSION.dll
0x0000000077cd0000 - 0x0000000077cd7000 	C:\Windows\system32\PSAPI.DLL
0x000000006cf60000 - 0x000000006cf6f000 	C:\Program Files\Java\jdk1.8.0_102\jre\bin\verify.dll
0x000000006ac40000 - 0x000000006ac69000 	C:\Program Files\Java\jdk1.8.0_102\jre\bin\java.dll
0x000000006ac20000 - 0x000000006ac36000 	C:\Program Files\Java\jdk1.8.0_102\jre\bin\zip.dll
0x000007fefede0000 - 0x000007feffb6a000 	C:\Windows\system32\SHELL32.dll
0x000007fefe490000 - 0x000007fefe68f000 	C:\Windows\system32\ole32.dll
0x000007fefd680000 - 0x000007fefd68f000 	C:\Windows\system32\profapi.dll
0x000007feda890000 - 0x000007feda97f000 	C:\Program Files\Java\jdk1.8.0_102\jre\bin\msvcr120.dll
0x000007feda7e0000 - 0x000007feda886000 	C:\Program Files\Java\jdk1.8.0_102\jre\bin\msvcp120.dll
0x000000006a610000 - 0x000000006a632000 	C:\Program Files\Java\jdk1.8.0_102\jre\bin\prism_d3d.dll
0x000007fee7870000 - 0x000007fee7a6f000 	C:\Windows\system32\d3d9.dll
0x000007fef0010000 - 0x000007fef0017000 	C:\Windows\system32\d3d8thk.dll
0x000007fef94e0000 - 0x000007fef94f8000 	C:\Windows\system32\dwmapi.dll
0x000007fef9ad0000 - 0x000007fef9b26000 	C:\Windows\system32\uxtheme.dll
0x000000006a0a0000 - 0x000000006a51b000 	C:\Windows\system32\atiumd64.dll
0x0000000069760000 - 0x00000000699f7000 	C:\Windows\system32\atiumd6a.dll
0x000000006a5c0000 - 0x000000006a603000 	C:\Program Files\Java\jdk1.8.0_102\jre\bin\glass.dll
0x000007fefe8a0000 - 0x000007fefe937000 	C:\Windows\system32\COMDLG32.dll
0x000007fefe340000 - 0x000007fefe41a000 	C:\Windows\system32\OLEAUT32.dll
0x000007fefd520000 - 0x000007fefd52f000 	C:\Windows\system32\CRYPTBASE.dll
0x000000006a5a0000 - 0x000000006a5b4000 	C:\Program Files\Java\jdk1.8.0_102\jre\bin\javafx_font.dll
0x000007feee1c0000 - 0x000007feee357000 	C:\Windows\system32\dwrite.dll
0x000007fefe9a0000 - 0x000007fefea39000 	C:\Windows\system32\CLBCatQ.DLL
0x000007fef9160000 - 0x000007fef92c1000 	C:\Windows\system32\WindowsCodecs.dll
0x000007fefd480000 - 0x000007fefd4d7000 	C:\Windows\system32\apphelp.dll
0x000007fef0830000 - 0x000007fef0839000 	C:\Program Files (x86)\Internet Download Manager\IDMShellExt64.dll
0x000007fef06b0000 - 0x000007fef0710000 	C:\Program Files (x86)\Dropbox\Client\DropboxExt64.26.0.dll
0x000007fef06a0000 - 0x000007fef06a3000 	C:\Windows\system32\api-ms-win-core-synch-l1-2-0.DLL
0x000007feffbc0000 - 0x000007feffd97000 	C:\Windows\system32\SETUPAPI.dll
0x000007fefd9d0000 - 0x000007fefda06000 	C:\Windows\system32\CFGMGR32.dll
0x000007fefd6c0000 - 0x000007fefd6da000 	C:\Windows\system32\DEVOBJ.dll
0x000007fef9f80000 - 0x000007fefa0ac000 	C:\Windows\system32\propsys.dll
0x000007fefc150000 - 0x000007fefc17d000 	C:\Windows\system32\ntmarta.dll
0x000007fefe940000 - 0x000007fefe992000 	C:\Windows\system32\WLDAP32.dll
0x000007feefc90000 - 0x000007feefcaf000 	C:\Windows\system32\thumbcache.dll
0x000007feefc20000 - 0x000007feefc8b000 	C:\Windows\system32\PhotoMetadataHandler.dll
0x000007feefbe0000 - 0x000007feefc15000 	C:\Windows\system32\EhStorShell.dll
0x000007fedb990000 - 0x000007fedb9bd000 	C:\Program Files\Common Files\Microsoft Shared\Ink\rtscom.dll
0x00000000560d0000 - 0x0000000056135000 	C:\Program Files\WIDCOMM\Bluetooth Software\btmmhook.dll
0x000000006a570000 - 0x000000006a593000 	C:\Program Files\Java\jdk1.8.0_102\jre\bin\javafx_iio.dll
0x000000006a550000 - 0x000000006a561000 	C:\Program Files\Java\jdk1.8.0_102\jre\bin\prism_common.dll
0x000007fef7040000 - 0x000007fef7165000 	C:\Windows\system32\dbghelp.dll

VM Arguments:
jvm_args: -Dfile.encoding=UTF-8 
java_command: C:\Users\MuhannadT\Desktop\FXApplication\dist\run780603874\FXApplication.jar
java_class_path (initial): C:\Users\MuhannadT\Desktop\FXApplication\dist\run780603874\FXApplication.jar
Launcher Type: SUN_STANDARD

Environment Variables:
PATH=C:\Program Files (x86)\ActiveState Komodo IDE 11\;C:\Program Files (x86)\NVIDIA Corporation\PhysX\Common;C:\ProgramData\Oracle\Java\javapath;C:\Windows\system32;C:\Windows;C:\Windows\System32\Wbem;C:\Windows\System32\WindowsPowerShell\v1.0\;C:\Program Files\WIDCOMM\Bluetooth Software\;C:\Program Files\WIDCOMM\Bluetooth Software\syswow64;c:\Program Files (x86)\ATI Technologies\ATI.ACE\Core-Static;C:\Program Files (x86)\Common Files\Roxio Shared\10.0\DLLShared\;C:\Program Files (x86)\Common Files\Roxio Shared\DLLShared\;C:\Program Files\Microsoft SQL Server\110\Tools\Binn\
USERNAME=MuhannadT
OS=Windows_NT
PROCESSOR_IDENTIFIER=Intel64 Family 6 Model 37 Stepping 2, GenuineIntel



---------------  S Y S T E M  ---------------

OS: Windows 7 , 64 bit Build 7601 (6.1.7601.24291)

CPU:total 4 (2 cores per cpu, 2 threads per core) family 6 model 37 stepping 2, cmov, cx8, fxsr, mmx, sse, sse2, sse3, ssse3, sse4.1, sse4.2, popcnt, ht, tsc, tscinvbit

Memory: 4k page, physical 4044900k(1105056k free), swap 8087896k(3851004k free)

vm_info: Java HotSpot(TM) 64-Bit Server VM (25.102-b14) for windows-amd64 JRE (1.8.0_102-b14), built on Jun 22 2016 13:15:21 by "java_re" with MS VC++ 10.0 (VS2010)

time: Mon Dec 10 17:01:10 2018
elapsed time: 398 seconds (0d 0h 6m 38s)

